2018-05-01 00:17:33	Initialized: Admin count: 0, Miner count: 0, ledger rows: 1
2018-05-01 00:17:34	Grant: (00000000-9d593241-00000001-9d593241) (0--1, 1525148254), In consensus: 1, Admin count: 0, Miner count: 0
2018-05-01 00:17:34	Grant: (00000000-9d593241-00000002-9d593241) (0--1, 1525148254), In consensus: 1, Admin count: 0, Miner count: 0
2018-05-01 00:17:34	Grant: (00000000-9d593241-00000004-9d593241) (0--1, 1525148254), In consensus: 1, Admin count: 0, Miner count: 0
2018-05-01 00:17:34	Grant: (00000000-9d593241-00000020-9d593241) (0--1, 1525148254), In consensus: 1, Admin count: 0, Miner count: 0
2018-05-01 00:17:34	Grant: (00000000-9d593241-00000010-9d593241) (0--1, 1525148254), In consensus: 1, Admin count: 0, Miner count: 0
2018-05-01 00:17:34	Grant: (00000000-9d593241-00002000-9d593241) (0--1, 1525148254), In consensus: 1, Admin count: 0, Miner count: 0
2018-05-01 00:17:34	Grant: (00000000-9d593241-00000100-9d593241) (0--1, 1525148254), In consensus: 1, Admin count: 0, Miner count: 1
2018-05-01 00:17:34	Grant: (00000000-9d593241-00001000-9d593241) (0--1, 1525148254), In consensus: 1, Admin count: 1, Miner count: 1
2018-05-01 00:17:34	Grant: (1c796e9f-00000000-00000001-9d593241) (0--1, 0), In consensus: 1, Admin count: 1, Miner count: 1
2018-05-01 00:17:34	Grant: (1c796e9f-9d593241-00000008-9d593241) (0--1, 0), In consensus: 1, Admin count: 1, Miner count: 1
2018-05-01 00:17:34	Grant: (1c796e9f-9d593241-00002000-9d593241) (0--1, 0), In consensus: 1, Admin count: 1, Miner count: 1
2018-05-01 00:17:34	Grant: (1c796e9f-9d593241-00001000-9d593241) (0--1, 0), In consensus: 1, Admin count: 1, Miner count: 1
2018-05-01 00:17:34	Block commit:         0 (Hash: 5b2b5de2, Miner: 9d593241), Admin count: 1, Miner count: 1, Ledger Rows: 15
2018-05-01 00:17:34	Block commit:         1 (Hash: b8261cbc, Miner: 9d593241), Admin count: 1, Miner count: 1, Ledger Rows: 17
2018-05-01 00:17:34	Block commit:         2 (Hash: 8fc57aff, Miner: 9d593241), Admin count: 1, Miner count: 1, Ledger Rows: 19
2018-05-01 00:17:42	Block commit:         3 (Hash: 81fad07b, Miner: 9d593241), Admin count: 1, Miner count: 1, Ledger Rows: 21
2018-05-01 00:17:59	Block commit:         4 (Hash: 9f4311c3, Miner: 9d593241), Admin count: 1, Miner count: 1, Ledger Rows: 23
2018-05-01 00:18:10	Block commit:         5 (Hash: 6755b13e, Miner: 9d593241), Admin count: 1, Miner count: 1, Ledger Rows: 25
2018-05-01 00:18:31	Block commit:         6 (Hash: 26111abf, Miner: 9d593241), Admin count: 1, Miner count: 1, Ledger Rows: 27
2018-05-01 00:19:15	Initialized: Admin count: 1, Miner count: 1, ledger rows: 27
2018-05-01 00:19:16	Block rollback:         6, Admin count: 1, Miner count: 1, Ledger Rows: 27
2018-05-01 00:19:23	Block commit:         7 (Hash: fe798233, Miner: 9d593241), Admin count: 1, Miner count: 1, Ledger Rows: 29
2018-05-01 00:19:40	Block commit:         8 (Hash: 77120e48, Miner: 9d593241), Admin count: 1, Miner count: 1, Ledger Rows: 31
2018-05-01 00:29:35	Initialized: Admin count: 1, Miner count: 1, ledger rows: 31
2018-05-01 00:29:35	Block rollback:         8, Admin count: 1, Miner count: 1, Ledger Rows: 31
2018-05-01 00:29:43	Block commit:         9 (Hash: b07ee789, Miner: 9d593241), Admin count: 1, Miner count: 1, Ledger Rows: 33
2018-05-01 00:30:00	Block commit:        10 (Hash: bfa4beea, Miner: 9d593241), Admin count: 1, Miner count: 1, Ledger Rows: 35
2018-05-01 00:30:11	Block commit:        11 (Hash: 5c908463, Miner: 9d593241), Admin count: 1, Miner count: 1, Ledger Rows: 37
2018-05-01 00:30:31	Initialized: Admin count: 1, Miner count: 1, ledger rows: 37
2018-05-01 00:30:32	Block rollback:        11, Admin count: 1, Miner count: 1, Ledger Rows: 37
2018-05-01 00:30:40	Block commit:        12 (Hash: cef83df1, Miner: 9d593241), Admin count: 1, Miner count: 1, Ledger Rows: 39
2018-05-01 00:30:56	Block commit:        13 (Hash: 9d1e7cd7, Miner: 9d593241), Admin count: 1, Miner count: 1, Ledger Rows: 41
2018-05-01 00:31:08	Block commit:        14 (Hash: 863f3a71, Miner: 9d593241), Admin count: 1, Miner count: 1, Ledger Rows: 43
2018-05-01 00:31:28	Block commit:        15 (Hash: e36805a3, Miner: 9d593241), Admin count: 1, Miner count: 1, Ledger Rows: 45
2018-05-01 00:31:44	Block commit:        16 (Hash: 5228b124, Miner: 9d593241), Admin count: 1, Miner count: 1, Ledger Rows: 47
2018-05-01 00:32:00	Block commit:        17 (Hash: 514515dd, Miner: 9d593241), Admin count: 1, Miner count: 1, Ledger Rows: 49
2018-05-01 00:32:13	Block commit:        18 (Hash: 58da0d79, Miner: 9d593241), Admin count: 1, Miner count: 1, Ledger Rows: 51
2018-05-01 00:32:35	Block commit:        19 (Hash: a4073a99, Miner: 9d593241), Admin count: 1, Miner count: 1, Ledger Rows: 53
2018-05-01 00:32:55	Block commit:        20 (Hash: 6f4d41fb, Miner: 9d593241), Admin count: 1, Miner count: 1, Ledger Rows: 55
2018-05-01 00:33:14	Block commit:        21 (Hash: b557f303, Miner: 9d593241), Admin count: 1, Miner count: 1, Ledger Rows: 57
2018-05-01 00:33:24	Block commit:        22 (Hash: 8f5a6a43, Miner: 9d593241), Admin count: 1, Miner count: 1, Ledger Rows: 59
2018-05-01 00:33:45	Block commit:        23 (Hash: ddaf287b, Miner: 9d593241), Admin count: 1, Miner count: 1, Ledger Rows: 61
2018-05-01 00:33:56	Block commit:        24 (Hash: 5a63f108, Miner: 9d593241), Admin count: 1, Miner count: 1, Ledger Rows: 63
2018-05-01 00:34:05	Block commit:        25 (Hash: 619ff8e0, Miner: 9d593241), Admin count: 1, Miner count: 1, Ledger Rows: 65
2018-05-01 00:34:18	Block commit:        26 (Hash: 77476080, Miner: 9d593241), Admin count: 1, Miner count: 1, Ledger Rows: 67
2018-05-01 00:34:29	Block commit:        27 (Hash: 3bd6fd6e, Miner: 9d593241), Admin count: 1, Miner count: 1, Ledger Rows: 69
2018-05-01 00:34:45	Block commit:        28 (Hash: 9831a0b0, Miner: 9d593241), Admin count: 1, Miner count: 1, Ledger Rows: 71
2018-05-01 00:35:04	Block commit:        29 (Hash: 83beb72c, Miner: 9d593241), Admin count: 1, Miner count: 1, Ledger Rows: 73
2018-05-01 00:35:17	Block commit:        30 (Hash: 6f72fc7b, Miner: 9d593241), Admin count: 1, Miner count: 1, Ledger Rows: 75
2018-05-01 00:35:32	Block commit:        31 (Hash: d6839d02, Miner: 9d593241), Admin count: 1, Miner count: 1, Ledger Rows: 77
2018-05-01 00:35:59	Block commit:        32 (Hash: 7fb57137, Miner: 9d593241), Admin count: 1, Miner count: 1, Ledger Rows: 79
2018-05-01 00:36:06	Block commit:        33 (Hash: 7de9db3f, Miner: 9d593241), Admin count: 1, Miner count: 1, Ledger Rows: 81
2018-05-01 00:36:16	Block commit:        34 (Hash: 4c8ac701, Miner: 9d593241), Admin count: 1, Miner count: 1, Ledger Rows: 83
2018-05-01 00:36:28	Block commit:        35 (Hash: ebe4c4ff, Miner: 9d593241), Admin count: 1, Miner count: 1, Ledger Rows: 85
2018-05-01 00:36:42	Block commit:        36 (Hash: 6b3595c0, Miner: 9d593241), Admin count: 1, Miner count: 1, Ledger Rows: 87
2018-05-01 00:37:02	Block commit:        37 (Hash: 437f0e18, Miner: 9d593241), Admin count: 1, Miner count: 1, Ledger Rows: 89
2018-05-01 00:37:19	Block commit:        38 (Hash: 6ec8b36c, Miner: 9d593241), Admin count: 1, Miner count: 1, Ledger Rows: 91
2018-05-01 00:37:34	Block commit:        39 (Hash: 313749c1, Miner: 9d593241), Admin count: 1, Miner count: 1, Ledger Rows: 93
2018-05-01 00:37:50	Block commit:        40 (Hash: 5e01a4d4, Miner: 9d593241), Admin count: 1, Miner count: 1, Ledger Rows: 95
2018-05-01 00:38:05	Block commit:        41 (Hash: af13d8c5, Miner: 9d593241), Admin count: 1, Miner count: 1, Ledger Rows: 97
2018-05-01 00:38:14	Block commit:        42 (Hash: 200ec5fa, Miner: 9d593241), Admin count: 1, Miner count: 1, Ledger Rows: 99
2018-05-01 01:08:45	Initialized: Admin count: 1, Miner count: 1, ledger rows: 99
2018-05-01 01:28:32	Initialized: Admin count: 1, Miner count: 1, ledger rows: 99
2018-05-01 01:28:33	Block rollback:        42, Admin count: 1, Miner count: 1, Ledger Rows: 99
2018-05-01 01:28:41	Block commit:        43 (Hash: 12f70cfc, Miner: 9d593241), Admin count: 1, Miner count: 1, Ledger Rows: 101
2018-05-01 01:28:57	Block commit:        44 (Hash: 849766b8, Miner: 9d593241), Admin count: 1, Miner count: 1, Ledger Rows: 103
2018-05-01 01:29:08	Block commit:        45 (Hash: fdbdacc1, Miner: 9d593241), Admin count: 1, Miner count: 1, Ledger Rows: 105
2018-05-01 01:29:28	Block commit:        46 (Hash: f1745bf0, Miner: 9d593241), Admin count: 1, Miner count: 1, Ledger Rows: 107
2018-05-01 01:29:45	Block commit:        47 (Hash: 1cffb3de, Miner: 9d593241), Admin count: 1, Miner count: 1, Ledger Rows: 109
2018-05-01 01:30:00	Block commit:        48 (Hash: e5540811, Miner: 9d593241), Admin count: 1, Miner count: 1, Ledger Rows: 111
2018-05-01 01:30:13	Block commit:        49 (Hash: d10bf3eb, Miner: 9d593241), Admin count: 1, Miner count: 1, Ledger Rows: 113
2018-05-01 01:30:34	Block commit:        50 (Hash: 198f3ed4, Miner: 9d593241), Admin count: 1, Miner count: 1, Ledger Rows: 115
2018-05-01 01:30:54	Block commit:        51 (Hash: 5dcf36d4, Miner: 9d593241), Admin count: 1, Miner count: 1, Ledger Rows: 117
2018-05-01 01:31:13	Block commit:        52 (Hash: ef10dff0, Miner: 9d593241), Admin count: 1, Miner count: 1, Ledger Rows: 119
2018-05-01 01:31:24	Block commit:        53 (Hash: 63036c64, Miner: 9d593241), Admin count: 1, Miner count: 1, Ledger Rows: 121
2018-05-01 01:31:45	Block commit:        54 (Hash: da463a8c, Miner: 9d593241), Admin count: 1, Miner count: 1, Ledger Rows: 123
2018-05-01 01:31:56	Block commit:        55 (Hash: 26936b1f, Miner: 9d593241), Admin count: 1, Miner count: 1, Ledger Rows: 125
2018-05-01 01:32:05	Block commit:        56 (Hash: 40eff37c, Miner: 9d593241), Admin count: 1, Miner count: 1, Ledger Rows: 127
2018-05-01 01:32:17	Block commit:        57 (Hash: bfd209de, Miner: 9d593241), Admin count: 1, Miner count: 1, Ledger Rows: 129
2018-05-01 01:32:28	Block commit:        58 (Hash: 9edbdb3a, Miner: 9d593241), Admin count: 1, Miner count: 1, Ledger Rows: 131
2018-05-01 01:32:45	Block commit:        59 (Hash: d08cddb2, Miner: 9d593241), Admin count: 1, Miner count: 1, Ledger Rows: 133
2018-05-01 01:52:51	Initialized: Admin count: 1, Miner count: 1, ledger rows: 133
2018-05-01 01:52:52	Block rollback:        59, Admin count: 1, Miner count: 1, Ledger Rows: 133
