2018-05-01 00:17:34	Initialized. Chain height: -1, Txs: 0
2018-05-01 00:17:34	Entity (00000101, 0000000000000000000000000000000000000000) added successfully
2018-05-01 00:17:34	Entity (00000201, 0000000000000000000000000000000000000000) added successfully
2018-05-01 00:17:34	Entity (00000102, 0000000000000000000000000000000000000000) added successfully
2018-05-01 00:17:34	Entity (00000202, 0000000000000000000000000000000000000000) added successfully
2018-05-01 00:17:34	Entity (00000103, a1bd015f50aff32da887d39d6ccf69f5ccf03a15) added successfully
2018-05-01 00:17:34	Entity (00000203, a1bd015f50aff32da887d39d6ccf69f5ccf03a15) added successfully
2018-05-01 00:19:16	Initialized. Chain height: -1, Txs: 0
2018-05-01 00:29:35	Initialized. Chain height: -1, Txs: 0
2018-05-01 00:30:32	Initialized. Chain height: -1, Txs: 0
2018-05-01 01:08:45	Initialized. Chain height: -1, Txs: 0
2018-05-01 01:08:46	Entity (00000105, 0000000092655b285b8167f6c93da551541433ce) added successfully
2018-05-01 01:08:46	Entity (00000205, 0000000092655b285b8167f6c93da551541433ce) added successfully
2018-05-01 01:08:46	Entity (00000106, 0000000092655b285b8167f6c93da551541433ce) added successfully
2018-05-01 01:08:46	Entity (00000206, 0000000092655b285b8167f6c93da551541433ce) added successfully
2018-05-01 01:08:46	Entity (00000107, 0000000092655b285b8167f6c93da551541433ce) added successfully
2018-05-01 01:08:46	Entity (00000207, 0000000092655b285b8167f6c93da551541433ce) added successfully
2018-05-01 01:08:46	NewBlock 0, Txs: 0, Rows: 0
2018-05-01 01:08:46	NewTx 173899d07158e3fe4ffc0f849b07d3e0c4d4d44128b807e45ca2b832fbf8ed94, block 1, flags 00000006, import 0
2018-05-01 01:08:46	NewBlock 1, Txs: 1, Rows: 6
2018-05-01 01:08:46	NewBlock 2, Txs: 0, Rows: 0
2018-05-01 01:08:54	NewBlock 3, Txs: 0, Rows: 0
2018-05-01 01:09:10	NewBlock 4, Txs: 0, Rows: 0
2018-05-01 01:09:21	NewBlock 5, Txs: 0, Rows: 0
2018-05-01 01:09:41	NewBlock 6, Txs: 0, Rows: 0
2018-05-01 01:09:58	NewBlock 7, Txs: 0, Rows: 0
2018-05-01 01:10:13	NewBlock 8, Txs: 0, Rows: 0
2018-05-01 01:10:26	NewBlock 9, Txs: 0, Rows: 0
2018-05-01 01:10:47	NewBlock 10, Txs: 0, Rows: 0
2018-05-01 01:11:07	NewBlock 11, Txs: 0, Rows: 0
2018-05-01 01:11:26	NewBlock 12, Txs: 0, Rows: 0
2018-05-01 01:11:29	NewBlock 13, Txs: 0, Rows: 0
2018-05-01 01:11:50	NewBlock 14, Txs: 0, Rows: 0
2018-05-01 01:12:04	NewBlock 15, Txs: 0, Rows: 0
2018-05-01 01:12:16	NewBlock 16, Txs: 0, Rows: 0
2018-05-01 01:12:28	NewBlock 17, Txs: 0, Rows: 0
2018-05-01 01:12:39	NewBlock 18, Txs: 0, Rows: 0
2018-05-01 01:12:56	NewBlock 19, Txs: 0, Rows: 0
2018-05-01 01:13:14	NewBlock 20, Txs: 0, Rows: 0
2018-05-01 01:13:27	NewBlock 21, Txs: 0, Rows: 0
2018-05-01 01:13:42	NewBlock 22, Txs: 0, Rows: 0
2018-05-01 01:14:09	NewBlock 23, Txs: 0, Rows: 0
2018-05-01 01:14:16	NewBlock 24, Txs: 0, Rows: 0
2018-05-01 01:14:25	NewBlock 25, Txs: 0, Rows: 0
2018-05-01 01:14:37	NewBlock 26, Txs: 0, Rows: 0
2018-05-01 01:14:52	NewBlock 27, Txs: 0, Rows: 0
2018-05-01 01:15:12	NewBlock 28, Txs: 0, Rows: 0
2018-05-01 01:15:28	NewBlock 29, Txs: 0, Rows: 0
2018-05-01 01:15:44	NewBlock 30, Txs: 0, Rows: 0
2018-05-01 01:16:00	NewBlock 31, Txs: 0, Rows: 0
2018-05-01 01:16:16	NewBlock 32, Txs: 0, Rows: 0
2018-05-01 01:16:23	NewBlock 33, Txs: 0, Rows: 0
2018-05-01 01:16:46	NewBlock 34, Txs: 0, Rows: 0
2018-05-01 01:16:58	NewBlock 35, Txs: 0, Rows: 0
2018-05-01 01:17:11	NewBlock 36, Txs: 0, Rows: 0
2018-05-01 01:17:21	NewBlock 37, Txs: 0, Rows: 0
2018-05-01 01:17:43	NewBlock 38, Txs: 0, Rows: 0
2018-05-01 01:18:02	NewBlock 39, Txs: 0, Rows: 0
2018-05-01 01:18:17	NewBlock 40, Txs: 0, Rows: 0
2018-05-01 01:18:29	NewBlock 41, Txs: 0, Rows: 0
2018-05-01 01:28:33	Initialized. Chain height: 41, Txs: 1
2018-05-01 01:30:26	Initialized. Chain height: 41, Txs: 1
2018-05-01 01:30:51	Initialized. Chain height: 41, Txs: 1
2018-05-01 01:30:58	NewBlock 42, Txs: 0, Rows: 0
2018-05-01 01:31:15	NewBlock 43, Txs: 0, Rows: 0
2018-05-01 01:31:26	NewBlock 44, Txs: 0, Rows: 0
2018-05-01 01:31:46	NewBlock 45, Txs: 0, Rows: 0
2018-05-01 01:32:03	NewBlock 46, Txs: 0, Rows: 0
2018-05-01 01:32:18	NewBlock 47, Txs: 0, Rows: 0
2018-05-01 01:32:31	NewBlock 48, Txs: 0, Rows: 0
2018-05-01 01:32:52	NewBlock 49, Txs: 0, Rows: 0
2018-05-01 01:33:12	NewBlock 50, Txs: 0, Rows: 0
2018-05-01 01:33:31	NewBlock 51, Txs: 0, Rows: 0
2018-05-01 01:33:42	NewBlock 52, Txs: 0, Rows: 0
2018-05-01 01:34:03	NewBlock 53, Txs: 0, Rows: 0
2018-05-01 01:34:14	NewBlock 54, Txs: 0, Rows: 0
2018-05-01 01:34:23	NewBlock 55, Txs: 0, Rows: 0
2018-05-01 01:34:35	NewBlock 56, Txs: 0, Rows: 0
2018-05-01 01:34:46	NewBlock 57, Txs: 0, Rows: 0
2018-05-01 01:35:03	NewBlock 58, Txs: 0, Rows: 0
2018-05-01 01:35:21	NewBlock 59, Txs: 0, Rows: 0
2018-05-01 01:52:52	Initialized. Chain height: 59, Txs: 1
