2018-05-01 00:17:33	Initialized: Admin count: 0, Miner count: 0, ledger rows: 1
2018-05-01 00:17:33	Grant: (00000000-b2f44e35-00000001-b2f44e35) (0--1, 1525148253), In consensus: 1, Admin count: 0, Miner count: 0
2018-05-01 00:17:33	Grant: (00000000-b2f44e35-00000002-b2f44e35) (0--1, 1525148253), In consensus: 1, Admin count: 0, Miner count: 0
2018-05-01 00:17:33	Grant: (00000000-b2f44e35-00000004-b2f44e35) (0--1, 1525148253), In consensus: 1, Admin count: 0, Miner count: 0
2018-05-01 00:17:33	Grant: (00000000-b2f44e35-00000020-b2f44e35) (0--1, 1525148253), In consensus: 1, Admin count: 0, Miner count: 0
2018-05-01 00:17:33	Grant: (00000000-b2f44e35-00000010-b2f44e35) (0--1, 1525148253), In consensus: 1, Admin count: 0, Miner count: 0
2018-05-01 00:17:33	Grant: (00000000-b2f44e35-00002000-b2f44e35) (0--1, 1525148253), In consensus: 1, Admin count: 0, Miner count: 0
2018-05-01 00:17:33	Grant: (00000000-b2f44e35-00000100-b2f44e35) (0--1, 1525148253), In consensus: 1, Admin count: 0, Miner count: 1
2018-05-01 00:17:33	Grant: (00000000-b2f44e35-00001000-b2f44e35) (0--1, 1525148253), In consensus: 1, Admin count: 1, Miner count: 1
2018-05-01 00:17:33	Grant: (37962623-00000000-00000001-b2f44e35) (0--1, 0), In consensus: 1, Admin count: 1, Miner count: 1
2018-05-01 00:17:33	Grant: (37962623-b2f44e35-00000008-b2f44e35) (0--1, 0), In consensus: 1, Admin count: 1, Miner count: 1
2018-05-01 00:17:33	Grant: (37962623-b2f44e35-00002000-b2f44e35) (0--1, 0), In consensus: 1, Admin count: 1, Miner count: 1
2018-05-01 00:17:33	Grant: (37962623-b2f44e35-00001000-b2f44e35) (0--1, 0), In consensus: 1, Admin count: 1, Miner count: 1
2018-05-01 00:17:34	Block commit:         0 (Hash: a81711d1, Miner: b2f44e35), Admin count: 1, Miner count: 1, Ledger Rows: 15
2018-05-01 00:17:34	Block commit:         1 (Hash: a636acb0, Miner: b2f44e35), Admin count: 1, Miner count: 1, Ledger Rows: 17
2018-05-01 00:17:34	Block commit:         2 (Hash: d923153c, Miner: b2f44e35), Admin count: 1, Miner count: 1, Ledger Rows: 19
2018-05-01 00:17:42	Block commit:         3 (Hash: 89fd4695, Miner: b2f44e35), Admin count: 1, Miner count: 1, Ledger Rows: 21
2018-05-01 00:17:59	Block commit:         4 (Hash: ff457b25, Miner: b2f44e35), Admin count: 1, Miner count: 1, Ledger Rows: 23
2018-05-01 00:18:10	Block commit:         5 (Hash: 7acfd968, Miner: b2f44e35), Admin count: 1, Miner count: 1, Ledger Rows: 25
2018-05-01 00:18:30	Block commit:         6 (Hash: b9522e00, Miner: b2f44e35), Admin count: 1, Miner count: 1, Ledger Rows: 27
2018-05-01 00:19:15	Initialized: Admin count: 1, Miner count: 1, ledger rows: 27
2018-05-01 00:19:16	Block rollback:         6, Admin count: 1, Miner count: 1, Ledger Rows: 27
2018-05-01 00:19:24	Block commit:         7 (Hash: 87cb5937, Miner: b2f44e35), Admin count: 1, Miner count: 1, Ledger Rows: 29
2018-05-01 00:19:40	Block commit:         8 (Hash: 4d581a04, Miner: b2f44e35), Admin count: 1, Miner count: 1, Ledger Rows: 31
2018-05-01 00:29:35	Initialized: Admin count: 1, Miner count: 1, ledger rows: 31
2018-05-01 00:29:35	Block rollback:         8, Admin count: 1, Miner count: 1, Ledger Rows: 31
2018-05-01 00:29:43	Block commit:         9 (Hash: bd64bc7f, Miner: b2f44e35), Admin count: 1, Miner count: 1, Ledger Rows: 33
2018-05-01 00:30:00	Block commit:        10 (Hash: 27467bfa, Miner: b2f44e35), Admin count: 1, Miner count: 1, Ledger Rows: 35
2018-05-01 00:30:11	Block commit:        11 (Hash: b8cf2e27, Miner: b2f44e35), Admin count: 1, Miner count: 1, Ledger Rows: 37
2018-05-01 00:30:31	Initialized: Admin count: 1, Miner count: 1, ledger rows: 37
2018-05-01 00:30:32	Block rollback:        11, Admin count: 1, Miner count: 1, Ledger Rows: 37
2018-05-01 00:30:40	Block commit:        12 (Hash: 30044a16, Miner: b2f44e35), Admin count: 1, Miner count: 1, Ledger Rows: 39
2018-05-01 00:30:56	Block commit:        13 (Hash: 6f78b0a4, Miner: b2f44e35), Admin count: 1, Miner count: 1, Ledger Rows: 41
2018-05-01 00:31:08	Block commit:        14 (Hash: 8d9ed1d5, Miner: b2f44e35), Admin count: 1, Miner count: 1, Ledger Rows: 43
2018-05-01 00:31:28	Block commit:        15 (Hash: 865b60dc, Miner: b2f44e35), Admin count: 1, Miner count: 1, Ledger Rows: 45
2018-05-01 00:31:44	Block commit:        16 (Hash: 548cfc6b, Miner: b2f44e35), Admin count: 1, Miner count: 1, Ledger Rows: 47
2018-05-01 00:32:00	Block commit:        17 (Hash: 67056b69, Miner: b2f44e35), Admin count: 1, Miner count: 1, Ledger Rows: 49
2018-05-01 00:32:14	Block commit:        18 (Hash: ae890daf, Miner: b2f44e35), Admin count: 1, Miner count: 1, Ledger Rows: 51
2018-05-01 00:32:35	Block commit:        19 (Hash: eb799223, Miner: b2f44e35), Admin count: 1, Miner count: 1, Ledger Rows: 53
2018-05-01 00:32:55	Block commit:        20 (Hash: 2fc55c5f, Miner: b2f44e35), Admin count: 1, Miner count: 1, Ledger Rows: 55
2018-05-01 00:33:14	Block commit:        21 (Hash: 00da1f40, Miner: b2f44e35), Admin count: 1, Miner count: 1, Ledger Rows: 57
2018-05-01 00:33:24	Block commit:        22 (Hash: 170a2959, Miner: b2f44e35), Admin count: 1, Miner count: 1, Ledger Rows: 59
2018-05-01 00:33:45	Block commit:        23 (Hash: 925848be, Miner: b2f44e35), Admin count: 1, Miner count: 1, Ledger Rows: 61
2018-05-01 00:33:56	Block commit:        24 (Hash: ee0a41bb, Miner: b2f44e35), Admin count: 1, Miner count: 1, Ledger Rows: 63
2018-05-01 00:34:05	Block commit:        25 (Hash: a0f8aad0, Miner: b2f44e35), Admin count: 1, Miner count: 1, Ledger Rows: 65
2018-05-01 00:34:18	Block commit:        26 (Hash: 0894ecc6, Miner: b2f44e35), Admin count: 1, Miner count: 1, Ledger Rows: 67
2018-05-01 00:34:29	Block commit:        27 (Hash: e3c2b499, Miner: b2f44e35), Admin count: 1, Miner count: 1, Ledger Rows: 69
2018-05-01 00:34:45	Block commit:        28 (Hash: f70dc9e9, Miner: b2f44e35), Admin count: 1, Miner count: 1, Ledger Rows: 71
2018-05-01 00:35:04	Block commit:        29 (Hash: c8cda1fe, Miner: b2f44e35), Admin count: 1, Miner count: 1, Ledger Rows: 73
2018-05-01 00:35:17	Block commit:        30 (Hash: b85a99e4, Miner: b2f44e35), Admin count: 1, Miner count: 1, Ledger Rows: 75
2018-05-01 00:35:32	Block commit:        31 (Hash: c239d273, Miner: b2f44e35), Admin count: 1, Miner count: 1, Ledger Rows: 77
2018-05-01 00:35:59	Block commit:        32 (Hash: 57671844, Miner: b2f44e35), Admin count: 1, Miner count: 1, Ledger Rows: 79
2018-05-01 00:36:06	Block commit:        33 (Hash: ac1aad8c, Miner: b2f44e35), Admin count: 1, Miner count: 1, Ledger Rows: 81
2018-05-01 00:36:16	Block commit:        34 (Hash: 9ec1915a, Miner: b2f44e35), Admin count: 1, Miner count: 1, Ledger Rows: 83
2018-05-01 00:36:28	Block commit:        35 (Hash: 7fef0fd1, Miner: b2f44e35), Admin count: 1, Miner count: 1, Ledger Rows: 85
2018-05-01 00:36:42	Block commit:        36 (Hash: 177e3d99, Miner: b2f44e35), Admin count: 1, Miner count: 1, Ledger Rows: 87
2018-05-01 00:37:02	Block commit:        37 (Hash: 554c9d88, Miner: b2f44e35), Admin count: 1, Miner count: 1, Ledger Rows: 89
2018-05-01 00:37:19	Block commit:        38 (Hash: 79129dda, Miner: b2f44e35), Admin count: 1, Miner count: 1, Ledger Rows: 91
2018-05-01 00:37:34	Block commit:        39 (Hash: 6acf83de, Miner: b2f44e35), Admin count: 1, Miner count: 1, Ledger Rows: 93
2018-05-01 00:37:50	Block commit:        40 (Hash: 8a50025f, Miner: b2f44e35), Admin count: 1, Miner count: 1, Ledger Rows: 95
2018-05-01 00:38:05	Block commit:        41 (Hash: 61369e0b, Miner: b2f44e35), Admin count: 1, Miner count: 1, Ledger Rows: 97
2018-05-01 00:38:14	Block commit:        42 (Hash: c738676f, Miner: b2f44e35), Admin count: 1, Miner count: 1, Ledger Rows: 99
2018-05-01 01:08:45	Initialized: Admin count: 1, Miner count: 1, ledger rows: 99
2018-05-01 01:08:45	Block rollback:        42, Admin count: 1, Miner count: 1, Ledger Rows: 99
2018-05-01 01:08:53	Block commit:        43 (Hash: 4367a64f, Miner: b2f44e35), Admin count: 1, Miner count: 1, Ledger Rows: 101
2018-05-01 01:09:10	Block commit:        44 (Hash: ca4c6dfb, Miner: b2f44e35), Admin count: 1, Miner count: 1, Ledger Rows: 103
2018-05-01 01:09:21	Block commit:        45 (Hash: 7ad903fb, Miner: b2f44e35), Admin count: 1, Miner count: 1, Ledger Rows: 105
2018-05-01 01:09:41	Block commit:        46 (Hash: b6e7d8da, Miner: b2f44e35), Admin count: 1, Miner count: 1, Ledger Rows: 107
2018-05-01 01:09:57	Block commit:        47 (Hash: 0f054ac5, Miner: b2f44e35), Admin count: 1, Miner count: 1, Ledger Rows: 109
2018-05-01 01:10:13	Block commit:        48 (Hash: 1dd0881d, Miner: b2f44e35), Admin count: 1, Miner count: 1, Ledger Rows: 111
2018-05-01 01:10:26	Block commit:        49 (Hash: 8f6aca1f, Miner: b2f44e35), Admin count: 1, Miner count: 1, Ledger Rows: 113
2018-05-01 01:10:47	Block commit:        50 (Hash: a49f48a3, Miner: b2f44e35), Admin count: 1, Miner count: 1, Ledger Rows: 115
2018-05-01 01:11:07	Block commit:        51 (Hash: 933ec13e, Miner: b2f44e35), Admin count: 1, Miner count: 1, Ledger Rows: 117
2018-05-01 01:11:26	Block commit:        52 (Hash: 3be9a2bb, Miner: b2f44e35), Admin count: 1, Miner count: 1, Ledger Rows: 119
2018-05-01 01:11:37	Block commit:        53 (Hash: 5a80066a, Miner: b2f44e35), Admin count: 1, Miner count: 1, Ledger Rows: 121
2018-05-01 01:11:58	Block commit:        54 (Hash: 08d5062a, Miner: b2f44e35), Admin count: 1, Miner count: 1, Ledger Rows: 123
2018-05-01 01:12:09	Block commit:        55 (Hash: 4e2d3d1d, Miner: b2f44e35), Admin count: 1, Miner count: 1, Ledger Rows: 125
2018-05-01 01:12:18	Block commit:        56 (Hash: 28867f56, Miner: b2f44e35), Admin count: 1, Miner count: 1, Ledger Rows: 127
2018-05-01 01:12:30	Block commit:        57 (Hash: 0a5a0d88, Miner: b2f44e35), Admin count: 1, Miner count: 1, Ledger Rows: 129
2018-05-01 01:12:41	Block commit:        58 (Hash: c922ceb7, Miner: b2f44e35), Admin count: 1, Miner count: 1, Ledger Rows: 131
2018-05-01 01:12:58	Block commit:        59 (Hash: 81a4936a, Miner: b2f44e35), Admin count: 1, Miner count: 1, Ledger Rows: 133
2018-05-01 01:28:32	Initialized: Admin count: 1, Miner count: 1, ledger rows: 133
2018-05-01 01:28:33	Block rollback:        59, Admin count: 1, Miner count: 1, Ledger Rows: 133
2018-05-01 01:52:51	Initialized: Admin count: 1, Miner count: 1, ledger rows: 133
2018-05-01 01:52:52	Block rollback:        59, Admin count: 1, Miner count: 1, Ledger Rows: 133
