2018-05-01 04:17:33 



















2018-05-01 04:17:33 MultiChain version build 1.0.4 protocol 10010 (May  1 2017, 09:50:11)
2018-05-01 04:17:33 Using OpenSSL version OpenSSL 1.0.1k 8 Jan 2015
2018-05-01 04:17:33 Using BerkeleyDB version Berkeley DB 4.8.30: (April  9, 2010)
2018-05-01 04:17:33 Default data directory C:\Users\Tejpal\AppData\Roaming\MultiChain\corp5
2018-05-01 04:17:33 Using data directory C:\Users\Tejpal\AppData\Roaming\MultiChain\corp5
2018-05-01 04:17:33 Using config file C:\Users\Tejpal\AppData\Roaming\MultiChain\corp5\corp5.conf
2018-05-01 04:17:33 Using at most 125 connections (2048 file descriptors available)
2018-05-01 04:17:33 Using 8 threads for script verification
2018-05-01 04:17:33 Using wallet wallet.dat
2018-05-01 04:17:33 init message: Verifying wallet...
2018-05-01 04:17:33 CDBEnv::Open : LogDir=C:\Users\Tejpal\AppData\Roaming\MultiChain\corp5\database ErrorFile=C:\Users\Tejpal\AppData\Roaming\MultiChain\corp5\db.log
2018-05-01 04:17:33 init message: Initializing multichain...
2018-05-01 04:17:34 nFileVersion = 100000
2018-05-01 04:17:34 Keys: 0 plaintext, 0 encrypted, 0 w/ metadata, 0 total
2018-05-01 04:17:34 mchn: Default key is not found - creating new... 
2018-05-01 04:17:34 keypool added key 1, size=1
2018-05-01 04:17:34 keypool added key 2, size=2
2018-05-01 04:17:34 mchn: Parameter set is new, THIS IS GENESIS NODE - looking for genesis block...
2018-05-01 04:17:34 mchn: Genesis block found
2018-05-01 04:17:34 mchn: Parameter set is valid - initializing blockchain parameters...
2018-05-01 04:17:34 Wallet mode: 00000003
2018-05-01 04:17:34 Node paused state is set to 00000000
2018-05-01 04:17:34 Binding RPC on address ::1 port 6492 (IPv4+IPv6 bind any: 0)
2018-05-01 04:17:34 Binding RPC on address 127.0.0.1 port 6492 (IPv4+IPv6 bind any: 0)
2018-05-01 04:17:34 Bound to [::]:6493
2018-05-01 04:17:34 Bound to 0.0.0.0:6493
2018-05-01 04:17:34 Setting banned transaction list:    0 transactions
2018-05-01 04:17:34 init message: Loading block index...
2018-05-01 04:17:34 Opening LevelDB in C:\Users\Tejpal\AppData\Roaming\MultiChain\corp5\blocks\index
2018-05-01 04:17:34 Opened LevelDB successfully
2018-05-01 04:17:34 Opening LevelDB in C:\Users\Tejpal\AppData\Roaming\MultiChain\corp5\chainstate
2018-05-01 04:17:34 Opened LevelDB successfully
2018-05-01 04:17:34 nFileVersion = 100000
2018-05-01 04:17:34 Keys: 2 plaintext, 0 encrypted, 2 w/ metadata, 2 total
2018-05-01 04:17:34 LoadBlockIndexDB: last block file = 0
2018-05-01 04:17:34 LoadBlockIndexDB: last block file info: CBlockFileInfo(blocks=0, size=0, heights=0...0, time=1970-01-01...1970-01-01)
2018-05-01 04:17:34 Checking all blk files are present...
2018-05-01 04:17:34 LoadBlockIndexDB(): transaction index disabled
2018-05-01 04:17:34 Initializing databases...
2018-05-01 04:17:34 Pre-allocating up to position 0x1000000 in blk00000.dat
2018-05-01 04:17:34 New stream. TxID: 36f464bc10a296ea4b39e62f054b867f0d442ac9603c1e6324aef2130b76e845, StreamRef: 0-81-59461, Name: root
2018-05-01 04:17:34 UpdateTip:            new best=00c23dd91e4fdaf21cacb409c18ad4922358ba2b58917bfc285dab8b8f5f7db1  height=0  log2_work=8  tx=1  date=2018-05-01 04:17:34 progress=1.000000  cache=0
2018-05-01 04:17:34 init message: Verifying blocks...
2018-05-01 04:17:34  block index             316ms
2018-05-01 04:17:34 MultiChain protocol version: 10010
2018-05-01 04:17:34 init message: Loading wallet...
2018-05-01 04:17:34 nFileVersion = 100000
2018-05-01 04:17:34 Keys: 2 plaintext, 0 encrypted, 2 w/ metadata, 2 total
2018-05-01 04:17:34  wallet                    0ms
2018-05-01 04:17:34 mapBlockIndex.size() = 1
2018-05-01 04:17:34 nBestHeight = 0
2018-05-01 04:17:34 setKeyPool.size() = 1
2018-05-01 04:17:34 oldWallet.size() = 0
2018-05-01 04:17:34 mapWallet.size() = 0
2018-05-01 04:17:34 mapAddressBook.size() = 1
2018-05-01 04:17:34 init message: Loading addresses...
2018-05-01 04:17:34 ERROR: Read : Failed to open file C:\Users\Tejpal\AppData\Roaming\MultiChain\corp5\peers.dat
2018-05-01 04:17:34 Invalid or missing peers.dat; recreating
2018-05-01 04:17:34 Loaded 0 addresses from peers.dat  0ms
2018-05-01 04:17:34 AddLocal([fe80::c9d:13a8:9c01:cd44]:6493,1)
2018-05-01 04:17:34 Discover: Tejpal-Nitro - fe80::c9d:13a8:9c01:cd44
2018-05-01 04:17:34 AddLocal(192.168.0.21:6493,1)
2018-05-01 04:17:34 Discover: Tejpal-Nitro - 192.168.0.21
2018-05-01 04:17:34 AddLocal([2001:0:5ef5:79fb:c9d:13a8:9c01:cd44]:6493,1)
2018-05-01 04:17:34 Discover: Tejpal-Nitro - 2001:0:5ef5:79fb:c9d:13a8:9c01:cd44
2018-05-01 04:17:34 dnsseed thread start
2018-05-01 04:17:34 addcon thread start
2018-05-01 04:17:34 net thread start
2018-05-01 04:17:34 Loading addresses from DNS seeds (could take a while)
2018-05-01 04:17:34 init message: Done loading
2018-05-01 04:17:34 opencon thread start
2018-05-01 04:17:34 msghand thread start
2018-05-01 04:17:34 dumpaddr thread start
2018-05-01 04:17:34 MultiChainMiner started
2018-05-01 04:17:34 0 addresses found from DNS seeds
2018-05-01 04:17:34 dnsseed thread exit
2018-05-01 04:17:34 MultiChainMiner: Block Found - 00f989676ee7bc4e3d76be3e71806e172bc1540b965862671c260263c3f2a470, prev: 00c23dd91e4fdaf21cacb409c18ad4922358ba2b58917bfc285dab8b8f5f7db1, height: 1, txs: 1
2018-05-01 04:17:34 Node started
2018-05-01 04:17:34 Pre-allocating up to position 0x100000 in rev00000.dat
2018-05-01 04:17:34 UpdateTip:            new best=00f989676ee7bc4e3d76be3e71806e172bc1540b965862671c260263c3f2a470  height=1  log2_work=9  tx=2  date=2018-05-01 04:17:35 progress=1.000000  cache=0
2018-05-01 04:17:34 MultiChainMiner: Block Found - 00009f5f38c4bdead95298c29ac37a37352662b4823c9343eab17868c74b481a, prev: 00f989676ee7bc4e3d76be3e71806e172bc1540b965862671c260263c3f2a470, height: 2, txs: 1
2018-05-01 04:17:35 UpdateTip:            new best=00009f5f38c4bdead95298c29ac37a37352662b4823c9343eab17868c74b481a  height=2  log2_work=9.5849625  tx=3  date=2018-05-01 04:17:36 progress=1.000000  cache=0
2018-05-01 04:17:42 MultiChainMiner: Block Found - 001d28834e740b8dcfd068459d2c465c4cc3217d2dd6aaff36b5f677906debd9, prev: 00009f5f38c4bdead95298c29ac37a37352662b4823c9343eab17868c74b481a, height: 3, txs: 1
2018-05-01 04:17:42 UpdateTip:            new best=001d28834e740b8dcfd068459d2c465c4cc3217d2dd6aaff36b5f677906debd9  height=3  log2_work=10  tx=4  date=2018-05-01 04:17:42 progress=1.000000  cache=0
2018-05-01 04:17:59 MultiChainMiner: Block Found - 00af6d413b9c20b7976f035f17136d1b1c56523bbfec0043e83695931aa24c4a, prev: 001d28834e740b8dcfd068459d2c465c4cc3217d2dd6aaff36b5f677906debd9, height: 4, txs: 1
2018-05-01 04:17:59 UpdateTip:            new best=00af6d413b9c20b7976f035f17136d1b1c56523bbfec0043e83695931aa24c4a  height=4  log2_work=10.321928  tx=5  date=2018-05-01 04:17:59 progress=1.000000  cache=0
2018-05-01 04:18:10 MultiChainMiner: Block Found - 00b44cf37eb2283fa98ceb3cea1bb4d5bc84957446c14dc93babe36739cc1c2f, prev: 00af6d413b9c20b7976f035f17136d1b1c56523bbfec0043e83695931aa24c4a, height: 5, txs: 1
2018-05-01 04:18:10 UpdateTip:            new best=00b44cf37eb2283fa98ceb3cea1bb4d5bc84957446c14dc93babe36739cc1c2f  height=5  log2_work=10.584963  tx=6  date=2018-05-01 04:18:10 progress=1.000000  cache=0
2018-05-01 04:18:31 MultiChainMiner: Block Found - 00feb4a26f6f41a0bc90b0064962318eb417af7445b92adea87742ff8e686202, prev: 00b44cf37eb2283fa98ceb3cea1bb4d5bc84957446c14dc93babe36739cc1c2f, height: 6, txs: 1
2018-05-01 04:18:31 UpdateTip:            new best=00feb4a26f6f41a0bc90b0064962318eb417af7445b92adea87742ff8e686202  height=6  log2_work=10.807355  tx=7  date=2018-05-01 04:18:31 progress=1.000000  cache=0
2018-05-01 04:18:35 Adding fixed seed nodes as DNS doesn't seem to be available.
2018-05-01 04:18:42 addcon thread interrupt
2018-05-01 04:18:42 opencon thread interrupt
2018-05-01 04:18:42 dumpaddr thread stop
2018-05-01 04:18:42 msghand thread interrupt
2018-05-01 04:18:42 net thread interrupt
2018-05-01 04:18:42 Shutdown: In progress...
2018-05-01 04:18:42 RPCAcceptHandler: Error: The I/O operation has been aborted because of either a thread exit or an application request
2018-05-01 04:18:42 RPCAcceptHandler: Error: The I/O operation has been aborted because of either a thread exit or an application request
2018-05-01 04:18:43 MultiChainMiner terminated
2018-05-01 04:18:43 StopNode()
2018-05-01 04:18:43 Node stopped
2018-05-01 04:18:43 Shutdown: done
2018-05-01 04:19:15 



















2018-05-01 04:19:15 MultiChain version build 1.0.4 protocol 10010 (May  1 2017, 09:50:11)
2018-05-01 04:19:15 Using OpenSSL version OpenSSL 1.0.1k 8 Jan 2015
2018-05-01 04:19:15 Using BerkeleyDB version Berkeley DB 4.8.30: (April  9, 2010)
2018-05-01 04:19:15 Default data directory C:\Users\Tejpal\AppData\Roaming\MultiChain\corp5
2018-05-01 04:19:15 Using data directory C:\Users\Tejpal\AppData\Roaming\MultiChain\corp5
2018-05-01 04:19:15 Using config file C:\Users\Tejpal\AppData\Roaming\MultiChain\corp5\corp5.conf
2018-05-01 04:19:15 Using at most 125 connections (2048 file descriptors available)
2018-05-01 04:19:15 Using 8 threads for script verification
2018-05-01 04:19:15 Using wallet wallet.dat
2018-05-01 04:19:15 init message: Verifying wallet...
2018-05-01 04:19:15 CDBEnv::Open : LogDir=C:\Users\Tejpal\AppData\Roaming\MultiChain\corp5\database ErrorFile=C:\Users\Tejpal\AppData\Roaming\MultiChain\corp5\db.log
2018-05-01 04:19:15 init message: Initializing multichain...
2018-05-01 04:19:15 mchn: Parameter set is valid - initializing blockchain parameters...
2018-05-01 04:19:16 Wallet mode: 00000003
2018-05-01 04:19:16 nFileVersion = 100000
2018-05-01 04:19:16 Keys: 2 plaintext, 0 encrypted, 2 w/ metadata, 2 total
2018-05-01 04:19:16 Node paused state is set to 00000000
2018-05-01 04:19:16 Binding RPC on address ::1 port 6492 (IPv4+IPv6 bind any: 0)
2018-05-01 04:19:16 Binding RPC on address 127.0.0.1 port 6492 (IPv4+IPv6 bind any: 0)
2018-05-01 04:19:16 Bound to [::]:6493
2018-05-01 04:19:16 Bound to 0.0.0.0:6493
2018-05-01 04:19:16 Setting banned transaction list:    0 transactions
2018-05-01 04:19:16 init message: Loading block index...
2018-05-01 04:19:16 Opening LevelDB in C:\Users\Tejpal\AppData\Roaming\MultiChain\corp5\blocks\index
2018-05-01 04:19:16 Opened LevelDB successfully
2018-05-01 04:19:16 Opening LevelDB in C:\Users\Tejpal\AppData\Roaming\MultiChain\corp5\chainstate
2018-05-01 04:19:16 Opened LevelDB successfully
2018-05-01 04:19:16 nFileVersion = 100000
2018-05-01 04:19:16 Keys: 2 plaintext, 0 encrypted, 2 w/ metadata, 2 total
2018-05-01 04:19:16 LoadBlockIndexDB: last block file = 0
2018-05-01 04:19:16 LoadBlockIndexDB: last block file info: CBlockFileInfo(blocks=7, size=1918, heights=0...6, time=2018-05-01...2018-05-01)
2018-05-01 04:19:16 Checking all blk files are present...
2018-05-01 04:19:16 LoadBlockIndexDB(): transaction index enabled
2018-05-01 04:19:16 LoadBlockIndexDB(): hashBestChain=00feb4a26f6f41a0bc90b0064962318eb417af7445b92adea87742ff8e686202 height=6 date=2018-05-01 04:18:31 progress=1.000000
2018-05-01 04:19:16 init message: Verifying blocks...
2018-05-01 04:19:16 Verifying last 6 blocks at level 3
2018-05-01 04:19:16 No coin database inconsistencies in last 6 blocks (6 transactions)
2018-05-01 04:19:16  block index              84ms
2018-05-01 04:19:16 MultiChain protocol version: 10010
2018-05-01 04:19:16 init message: Loading wallet...
2018-05-01 04:19:16 nFileVersion = 100000
2018-05-01 04:19:16 Keys: 2 plaintext, 0 encrypted, 2 w/ metadata, 2 total
2018-05-01 04:19:16  wallet                    0ms
2018-05-01 04:19:16 mapBlockIndex.size() = 7
2018-05-01 04:19:16 nBestHeight = 6
2018-05-01 04:19:16 setKeyPool.size() = 1
2018-05-01 04:19:16 oldWallet.size() = 0
2018-05-01 04:19:16 mapWallet.size() = 1
2018-05-01 04:19:16 mapAddressBook.size() = 1
2018-05-01 04:19:16 init message: Loading addresses...
2018-05-01 04:19:16 Loaded 0 addresses from peers.dat  0ms
2018-05-01 04:19:16 AddLocal([fe80::c9d:13a8:9c01:cd44]:6493,1)
2018-05-01 04:19:16 Discover: Tejpal-Nitro - fe80::c9d:13a8:9c01:cd44
2018-05-01 04:19:16 AddLocal(192.168.0.21:6493,1)
2018-05-01 04:19:16 Discover: Tejpal-Nitro - 192.168.0.21
2018-05-01 04:19:16 AddLocal([2001:0:5ef5:79fb:c9d:13a8:9c01:cd44]:6493,1)
2018-05-01 04:19:16 Discover: Tejpal-Nitro - 2001:0:5ef5:79fb:c9d:13a8:9c01:cd44
2018-05-01 04:19:16 dnsseed thread start
2018-05-01 04:19:16 init message: Done loading
2018-05-01 04:19:16 dumpaddr thread start
2018-05-01 04:19:16 addcon thread start
2018-05-01 04:19:16 opencon thread start
2018-05-01 04:19:16 Loading addresses from DNS seeds (could take a while)
2018-05-01 04:19:16 0 addresses found from DNS seeds
2018-05-01 04:19:16 dnsseed thread exit
2018-05-01 04:19:16 MultiChainMiner started
2018-05-01 04:19:16 msghand thread start
2018-05-01 04:19:16 net thread start
2018-05-01 04:19:16 Node started
2018-05-01 04:19:23 MultiChainMiner: Block Found - 00c1ca85a7bcc56332283bbc003f38c21715c0ca6e348ea245426300ed536ef0, prev: 00feb4a26f6f41a0bc90b0064962318eb417af7445b92adea87742ff8e686202, height: 7, txs: 1
2018-05-01 04:19:24 UpdateTip:            new best=00c1ca85a7bcc56332283bbc003f38c21715c0ca6e348ea245426300ed536ef0  height=7  log2_work=11  tx=8  date=2018-05-01 04:19:23 progress=1.000000  cache=0
2018-05-01 04:19:40 MultiChainMiner: Block Found - 00cd71018bcc006bb6baf986b29e694f8f4af1201f1f69ba71bf8393d91ffbac, prev: 00c1ca85a7bcc56332283bbc003f38c21715c0ca6e348ea245426300ed536ef0, height: 8, txs: 1
2018-05-01 04:19:40 UpdateTip:            new best=00cd71018bcc006bb6baf986b29e694f8f4af1201f1f69ba71bf8393d91ffbac  height=8  log2_work=11.169925  tx=9  date=2018-05-01 04:19:40 progress=1.000000  cache=0
2018-05-01 04:19:49 dumpaddr thread stop
2018-05-01 04:19:49 opencon thread interrupt
2018-05-01 04:19:49 addcon thread interrupt
2018-05-01 04:19:49 msghand thread interrupt
2018-05-01 04:19:49 net thread interrupt
2018-05-01 04:19:49 Shutdown: In progress...
2018-05-01 04:19:49 RPCAcceptHandler: Error: The I/O operation has been aborted because of either a thread exit or an application request
2018-05-01 04:19:49 RPCAcceptHandler: Error: The I/O operation has been aborted because of either a thread exit or an application request
2018-05-01 04:19:50 MultiChainMiner terminated
2018-05-01 04:19:50 StopNode()
2018-05-01 04:19:50 Node stopped
2018-05-01 04:19:50 Shutdown: done
2018-05-01 04:29:35 



















2018-05-01 04:29:35 MultiChain version build 1.0.4 protocol 10010 (May  1 2017, 09:50:11)
2018-05-01 04:29:35 Using OpenSSL version OpenSSL 1.0.1k 8 Jan 2015
2018-05-01 04:29:35 Using BerkeleyDB version Berkeley DB 4.8.30: (April  9, 2010)
2018-05-01 04:29:35 Default data directory C:\Users\Tejpal\AppData\Roaming\MultiChain\corp5
2018-05-01 04:29:35 Using data directory C:\Users\Tejpal\AppData\Roaming\MultiChain\corp5
2018-05-01 04:29:35 Using config file C:\Users\Tejpal\AppData\Roaming\MultiChain\corp5\corp5.conf
2018-05-01 04:29:35 Using at most 125 connections (2048 file descriptors available)
2018-05-01 04:29:35 Using 8 threads for script verification
2018-05-01 04:29:35 Using wallet wallet.dat
2018-05-01 04:29:35 init message: Verifying wallet...
2018-05-01 04:29:35 CDBEnv::Open : LogDir=C:\Users\Tejpal\AppData\Roaming\MultiChain\corp5\database ErrorFile=C:\Users\Tejpal\AppData\Roaming\MultiChain\corp5\db.log
2018-05-01 04:29:35 init message: Initializing multichain...
2018-05-01 04:29:35 mchn: Parameter set is valid - initializing blockchain parameters...
2018-05-01 04:29:35 Wallet mode: 00000003
2018-05-01 04:29:35 nFileVersion = 100000
2018-05-01 04:29:35 Keys: 2 plaintext, 0 encrypted, 2 w/ metadata, 2 total
2018-05-01 04:29:35 Node paused state is set to 00000000
2018-05-01 04:29:35 Binding RPC on address ::1 port 6492 (IPv4+IPv6 bind any: 0)
2018-05-01 04:29:35 Binding RPC on address 127.0.0.1 port 6492 (IPv4+IPv6 bind any: 0)
2018-05-01 04:29:35 Bound to [::]:6493
2018-05-01 04:29:35 Bound to 0.0.0.0:6493
2018-05-01 04:29:35 Setting banned transaction list:    0 transactions
2018-05-01 04:29:35 init message: Loading block index...
2018-05-01 04:29:35 Opening LevelDB in C:\Users\Tejpal\AppData\Roaming\MultiChain\corp5\blocks\index
2018-05-01 04:29:35 Opened LevelDB successfully
2018-05-01 04:29:35 Opening LevelDB in C:\Users\Tejpal\AppData\Roaming\MultiChain\corp5\chainstate
2018-05-01 04:29:35 Opened LevelDB successfully
2018-05-01 04:29:35 nFileVersion = 100000
2018-05-01 04:29:35 Keys: 2 plaintext, 0 encrypted, 2 w/ metadata, 2 total
2018-05-01 04:29:35 LoadBlockIndexDB: last block file = 0
2018-05-01 04:29:35 LoadBlockIndexDB: last block file info: CBlockFileInfo(blocks=9, size=2463, heights=0...8, time=2018-05-01...2018-05-01)
2018-05-01 04:29:35 Checking all blk files are present...
2018-05-01 04:29:35 LoadBlockIndexDB(): transaction index enabled
2018-05-01 04:29:35 LoadBlockIndexDB(): hashBestChain=00cd71018bcc006bb6baf986b29e694f8f4af1201f1f69ba71bf8393d91ffbac height=8 date=2018-05-01 04:19:40 progress=1.000000
2018-05-01 04:29:35 init message: Verifying blocks...
2018-05-01 04:29:35 Verifying last 8 blocks at level 3
2018-05-01 04:29:35 No coin database inconsistencies in last 8 blocks (8 transactions)
2018-05-01 04:29:35  block index             151ms
2018-05-01 04:29:35 MultiChain protocol version: 10010
2018-05-01 04:29:35 init message: Loading wallet...
2018-05-01 04:29:35 nFileVersion = 100000
2018-05-01 04:29:35 Keys: 2 plaintext, 0 encrypted, 2 w/ metadata, 2 total
2018-05-01 04:29:35  wallet                    0ms
2018-05-01 04:29:35 mapBlockIndex.size() = 9
2018-05-01 04:29:35 nBestHeight = 8
2018-05-01 04:29:35 setKeyPool.size() = 1
2018-05-01 04:29:35 oldWallet.size() = 0
2018-05-01 04:29:35 mapWallet.size() = 1
2018-05-01 04:29:35 mapAddressBook.size() = 1
2018-05-01 04:29:35 init message: Loading addresses...
2018-05-01 04:29:35 Loaded 0 addresses from peers.dat  0ms
2018-05-01 04:29:35 AddLocal([fe80::c9d:13a8:9c01:cd44]:6493,1)
2018-05-01 04:29:35 Discover: Tejpal-Nitro - fe80::c9d:13a8:9c01:cd44
2018-05-01 04:29:35 AddLocal(192.168.0.21:6493,1)
2018-05-01 04:29:35 Discover: Tejpal-Nitro - 192.168.0.21
2018-05-01 04:29:35 AddLocal([2001:0:5ef5:79fb:c9d:13a8:9c01:cd44]:6493,1)
2018-05-01 04:29:35 Discover: Tejpal-Nitro - 2001:0:5ef5:79fb:c9d:13a8:9c01:cd44
2018-05-01 04:29:35 net thread start
2018-05-01 04:29:35 init message: Done loading
2018-05-01 04:29:35 dnsseed thread start
2018-05-01 04:29:35 addcon thread start
2018-05-01 04:29:35 opencon thread start
2018-05-01 04:29:35 msghand thread start
2018-05-01 04:29:35 dumpaddr thread start
2018-05-01 04:29:35 MultiChainMiner started
2018-05-01 04:29:35 Loading addresses from DNS seeds (could take a while)
2018-05-01 04:29:35 0 addresses found from DNS seeds
2018-05-01 04:29:35 dnsseed thread exit
2018-05-01 04:29:35 Node started
2018-05-01 04:29:43 MultiChainMiner: Block Found - 000760c7b5bf84fe9a485477674087241345766b3113ed87a83fb61ee80c362f, prev: 00cd71018bcc006bb6baf986b29e694f8f4af1201f1f69ba71bf8393d91ffbac, height: 9, txs: 1
2018-05-01 04:29:43 UpdateTip:            new best=000760c7b5bf84fe9a485477674087241345766b3113ed87a83fb61ee80c362f  height=9  log2_work=11.321928  tx=10  date=2018-05-01 04:29:43 progress=1.000000  cache=0
2018-05-01 04:30:00 MultiChainMiner: Block Found - 00cd42fcf8d162d4dd3c2c2bde674c3737b5537523fabf3ae05126ccbf1ed9b7, prev: 000760c7b5bf84fe9a485477674087241345766b3113ed87a83fb61ee80c362f, height: 10, txs: 1
2018-05-01 04:30:00 UpdateTip:            new best=00cd42fcf8d162d4dd3c2c2bde674c3737b5537523fabf3ae05126ccbf1ed9b7  height=10  log2_work=11.459432  tx=11  date=2018-05-01 04:30:00 progress=1.000000  cache=0
2018-05-01 04:30:11 MultiChainMiner: Block Found - 006c24c54a93863d7ac3602cda141958de44adc18a801005f034909e850e9761, prev: 00cd42fcf8d162d4dd3c2c2bde674c3737b5537523fabf3ae05126ccbf1ed9b7, height: 11, txs: 1
2018-05-01 04:30:11 UpdateTip:            new best=006c24c54a93863d7ac3602cda141958de44adc18a801005f034909e850e9761  height=11  log2_work=11.584963  tx=12  date=2018-05-01 04:30:11 progress=1.000000  cache=0
2018-05-01 04:30:12 addcon thread interrupt
2018-05-01 04:30:12 dumpaddr thread stop
2018-05-01 04:30:12 opencon thread interrupt
2018-05-01 04:30:12 msghand thread interrupt
2018-05-01 04:30:12 net thread interrupt
2018-05-01 04:30:12 Shutdown: In progress...
2018-05-01 04:30:12 RPCAcceptHandler: Error: The I/O operation has been aborted because of either a thread exit or an application request
2018-05-01 04:30:12 RPCAcceptHandler: Error: The I/O operation has been aborted because of either a thread exit or an application request
2018-05-01 04:30:12 MultiChainMiner terminated
2018-05-01 04:30:12 StopNode()
2018-05-01 04:30:12 Node stopped
2018-05-01 04:30:12 Shutdown: done
2018-05-01 04:30:32 



















2018-05-01 04:30:32 MultiChain version build 1.0.4 protocol 10010 (May  1 2017, 09:50:11)
2018-05-01 04:30:32 Using OpenSSL version OpenSSL 1.0.1k 8 Jan 2015
2018-05-01 04:30:32 Using BerkeleyDB version Berkeley DB 4.8.30: (April  9, 2010)
2018-05-01 04:30:32 Default data directory C:\Users\Tejpal\AppData\Roaming\MultiChain\corp5
2018-05-01 04:30:32 Using data directory C:\Users\Tejpal\AppData\Roaming\MultiChain\corp5
2018-05-01 04:30:32 Using config file C:\Users\Tejpal\AppData\Roaming\MultiChain\corp5\corp5.conf
2018-05-01 04:30:32 Using at most 125 connections (2048 file descriptors available)
2018-05-01 04:30:32 Using 8 threads for script verification
2018-05-01 04:30:32 Using wallet wallet.dat
2018-05-01 04:30:32 init message: Verifying wallet...
2018-05-01 04:30:32 CDBEnv::Open : LogDir=C:\Users\Tejpal\AppData\Roaming\MultiChain\corp5\database ErrorFile=C:\Users\Tejpal\AppData\Roaming\MultiChain\corp5\db.log
2018-05-01 04:30:32 init message: Initializing multichain...
2018-05-01 04:30:32 mchn: Parameter set is valid - initializing blockchain parameters...
2018-05-01 04:30:32 Wallet mode: 00000003
2018-05-01 04:30:32 nFileVersion = 100000
2018-05-01 04:30:32 Keys: 2 plaintext, 0 encrypted, 2 w/ metadata, 2 total
2018-05-01 04:30:32 Node paused state is set to 00000000
2018-05-01 04:30:32 Binding RPC on address ::1 port 6492 (IPv4+IPv6 bind any: 0)
2018-05-01 04:30:32 Binding RPC on address 127.0.0.1 port 6492 (IPv4+IPv6 bind any: 0)
2018-05-01 04:30:32 Bound to [::]:6493
2018-05-01 04:30:32 Bound to 0.0.0.0:6493
2018-05-01 04:30:32 Setting banned transaction list:    0 transactions
2018-05-01 04:30:32 init message: Loading block index...
2018-05-01 04:30:32 Opening LevelDB in C:\Users\Tejpal\AppData\Roaming\MultiChain\corp5\blocks\index
2018-05-01 04:30:32 Opened LevelDB successfully
2018-05-01 04:30:32 Opening LevelDB in C:\Users\Tejpal\AppData\Roaming\MultiChain\corp5\chainstate
2018-05-01 04:30:32 Opened LevelDB successfully
2018-05-01 04:30:32 nFileVersion = 100000
2018-05-01 04:30:32 Keys: 2 plaintext, 0 encrypted, 2 w/ metadata, 2 total
2018-05-01 04:30:32 LoadBlockIndexDB: last block file = 0
2018-05-01 04:30:32 LoadBlockIndexDB: last block file info: CBlockFileInfo(blocks=12, size=3279, heights=0...11, time=2018-05-01...2018-05-01)
2018-05-01 04:30:32 Checking all blk files are present...
2018-05-01 04:30:32 LoadBlockIndexDB(): transaction index enabled
2018-05-01 04:30:32 LoadBlockIndexDB(): hashBestChain=006c24c54a93863d7ac3602cda141958de44adc18a801005f034909e850e9761 height=11 date=2018-05-01 04:30:11 progress=1.000000
2018-05-01 04:30:32 init message: Verifying blocks...
2018-05-01 04:30:32 Verifying last 11 blocks at level 3
2018-05-01 04:30:32 No coin database inconsistencies in last 11 blocks (11 transactions)
2018-05-01 04:30:32  block index             122ms
2018-05-01 04:30:32 MultiChain protocol version: 10010
2018-05-01 04:30:32 init message: Loading wallet...
2018-05-01 04:30:32 nFileVersion = 100000
2018-05-01 04:30:32 Keys: 2 plaintext, 0 encrypted, 2 w/ metadata, 2 total
2018-05-01 04:30:32  wallet                    1ms
2018-05-01 04:30:32 mapBlockIndex.size() = 12
2018-05-01 04:30:32 nBestHeight = 11
2018-05-01 04:30:32 setKeyPool.size() = 1
2018-05-01 04:30:32 oldWallet.size() = 0
2018-05-01 04:30:32 mapWallet.size() = 1
2018-05-01 04:30:32 mapAddressBook.size() = 1
2018-05-01 04:30:32 init message: Loading addresses...
2018-05-01 04:30:32 Loaded 0 addresses from peers.dat  0ms
2018-05-01 04:30:32 AddLocal([fe80::c9d:13a8:9c01:cd44]:6493,1)
2018-05-01 04:30:32 Discover: Tejpal-Nitro - fe80::c9d:13a8:9c01:cd44
2018-05-01 04:30:32 AddLocal(192.168.0.21:6493,1)
2018-05-01 04:30:32 Discover: Tejpal-Nitro - 192.168.0.21
2018-05-01 04:30:32 AddLocal([2001:0:5ef5:79fb:c9d:13a8:9c01:cd44]:6493,1)
2018-05-01 04:30:32 Discover: Tejpal-Nitro - 2001:0:5ef5:79fb:c9d:13a8:9c01:cd44
2018-05-01 04:30:32 init message: Done loading
2018-05-01 04:30:32 dnsseed thread start
2018-05-01 04:30:32 Loading addresses from DNS seeds (could take a while)
2018-05-01 04:30:32 0 addresses found from DNS seeds
2018-05-01 04:30:32 opencon thread start
2018-05-01 04:30:32 msghand thread start
2018-05-01 04:30:32 dumpaddr thread start
2018-05-01 04:30:32 MultiChainMiner started
2018-05-01 04:30:32 net thread start
2018-05-01 04:30:32 addcon thread start
2018-05-01 04:30:32 dnsseed thread exit
2018-05-01 04:30:32 Node started
2018-05-01 04:30:40 MultiChainMiner: Block Found - 0025bea996db9e51ffcbc84850fcc78ec52e508b17e6eb3a77294a969d1344b5, prev: 006c24c54a93863d7ac3602cda141958de44adc18a801005f034909e850e9761, height: 12, txs: 1
2018-05-01 04:30:40 UpdateTip:            new best=0025bea996db9e51ffcbc84850fcc78ec52e508b17e6eb3a77294a969d1344b5  height=12  log2_work=11.70044  tx=13  date=2018-05-01 04:30:40 progress=1.000000  cache=0
2018-05-01 04:30:56 MultiChainMiner: Block Found - 00d182b7194adcf4fa1ee8d00cb8947244a5e7515cea4e8e2903061a2c9aafca, prev: 0025bea996db9e51ffcbc84850fcc78ec52e508b17e6eb3a77294a969d1344b5, height: 13, txs: 1
2018-05-01 04:30:56 UpdateTip:            new best=00d182b7194adcf4fa1ee8d00cb8947244a5e7515cea4e8e2903061a2c9aafca  height=13  log2_work=11.807355  tx=14  date=2018-05-01 04:30:56 progress=1.000000  cache=0
2018-05-01 04:31:08 MultiChainMiner: Block Found - 00483487fb31c9734a5ff9bfcc2ba433ad77b0caea39c112f09216d5964b2a4d, prev: 00d182b7194adcf4fa1ee8d00cb8947244a5e7515cea4e8e2903061a2c9aafca, height: 14, txs: 1
2018-05-01 04:31:08 UpdateTip:            new best=00483487fb31c9734a5ff9bfcc2ba433ad77b0caea39c112f09216d5964b2a4d  height=14  log2_work=11.906891  tx=15  date=2018-05-01 04:31:08 progress=1.000000  cache=0
2018-05-01 04:31:28 MultiChainMiner: Block Found - 0077d620a03bfbbd2e9e9c8e9726e9fef3773eeffadeb80d861515b030d780ea, prev: 00483487fb31c9734a5ff9bfcc2ba433ad77b0caea39c112f09216d5964b2a4d, height: 15, txs: 1
2018-05-01 04:31:28 UpdateTip:            new best=0077d620a03bfbbd2e9e9c8e9726e9fef3773eeffadeb80d861515b030d780ea  height=15  log2_work=12  tx=16  date=2018-05-01 04:31:28 progress=1.000000  cache=0
2018-05-01 04:31:33 Adding fixed seed nodes as DNS doesn't seem to be available.
2018-05-01 04:31:44 MultiChainMiner: Block Found - 00dbbcfc3f7c5925c0a70fba059955cbdf23a3ac473bb0f3f080bfc4d2cb70fd, prev: 0077d620a03bfbbd2e9e9c8e9726e9fef3773eeffadeb80d861515b030d780ea, height: 16, txs: 1
2018-05-01 04:31:44 UpdateTip:            new best=00dbbcfc3f7c5925c0a70fba059955cbdf23a3ac473bb0f3f080bfc4d2cb70fd  height=16  log2_work=12.087463  tx=17  date=2018-05-01 04:31:44 progress=1.000000  cache=0
2018-05-01 04:32:00 MultiChainMiner: Block Found - 0080fa5de5980496cf45632e47c58da5fbd9633ceacda8fb31a920b6724a91a6, prev: 00dbbcfc3f7c5925c0a70fba059955cbdf23a3ac473bb0f3f080bfc4d2cb70fd, height: 17, txs: 1
2018-05-01 04:32:00 UpdateTip:            new best=0080fa5de5980496cf45632e47c58da5fbd9633ceacda8fb31a920b6724a91a6  height=17  log2_work=12.169925  tx=18  date=2018-05-01 04:32:00 progress=1.000000  cache=0
2018-05-01 04:32:13 MultiChainMiner: Block Found - 004c5b88835a72b865bfa1d119acd48f711be43cb375f1bbb2174e3f3a50be58, prev: 0080fa5de5980496cf45632e47c58da5fbd9633ceacda8fb31a920b6724a91a6, height: 18, txs: 1
2018-05-01 04:32:14 UpdateTip:            new best=004c5b88835a72b865bfa1d119acd48f711be43cb375f1bbb2174e3f3a50be58  height=18  log2_work=12.247928  tx=19  date=2018-05-01 04:32:13 progress=1.000000  cache=0
2018-05-01 04:32:35 MultiChainMiner: Block Found - 007353a10074c74fbc17b31cd66cc93826bbff135dbfeeb80404893837d45481, prev: 004c5b88835a72b865bfa1d119acd48f711be43cb375f1bbb2174e3f3a50be58, height: 19, txs: 1
2018-05-01 04:32:35 UpdateTip:            new best=007353a10074c74fbc17b31cd66cc93826bbff135dbfeeb80404893837d45481  height=19  log2_work=12.321928  tx=20  date=2018-05-01 04:32:35 progress=1.000000  cache=0
2018-05-01 04:32:55 MultiChainMiner: Block Found - 00ddf376638bea4fd34710d59a3f44a81c41ce08c23f87a6e35f86fd0472f9e3, prev: 007353a10074c74fbc17b31cd66cc93826bbff135dbfeeb80404893837d45481, height: 20, txs: 1
2018-05-01 04:32:55 UpdateTip:            new best=00ddf376638bea4fd34710d59a3f44a81c41ce08c23f87a6e35f86fd0472f9e3  height=20  log2_work=12.392317  tx=21  date=2018-05-01 04:32:55 progress=1.000000  cache=0
2018-05-01 04:33:14 MultiChainMiner: Block Found - 00a46aff8f4081df99149b46bcc9a3d693665731778ae0de54f09dfd7af9b2f3, prev: 00ddf376638bea4fd34710d59a3f44a81c41ce08c23f87a6e35f86fd0472f9e3, height: 21, txs: 1
2018-05-01 04:33:14 UpdateTip:            new best=00a46aff8f4081df99149b46bcc9a3d693665731778ae0de54f09dfd7af9b2f3  height=21  log2_work=12.459432  tx=22  date=2018-05-01 04:33:14 progress=1.000000  cache=0
2018-05-01 04:33:25 MultiChainMiner: Block Found - 00085c47edac06c75f96609a4a6a889c5eb7039c8919ba264f236ec332fc5595, prev: 00a46aff8f4081df99149b46bcc9a3d693665731778ae0de54f09dfd7af9b2f3, height: 22, txs: 1
2018-05-01 04:33:25 UpdateTip:            new best=00085c47edac06c75f96609a4a6a889c5eb7039c8919ba264f236ec332fc5595  height=22  log2_work=12.523562  tx=23  date=2018-05-01 04:33:25 progress=1.000000  cache=0
2018-05-01 04:33:46 MultiChainMiner: Block Found - 00e598d1356693268238ee15064f173caf7d03da1fe89b0e728922e05add01a1, prev: 00085c47edac06c75f96609a4a6a889c5eb7039c8919ba264f236ec332fc5595, height: 23, txs: 1
2018-05-01 04:33:46 UpdateTip:            new best=00e598d1356693268238ee15064f173caf7d03da1fe89b0e728922e05add01a1  height=23  log2_work=12.584963  tx=24  date=2018-05-01 04:33:46 progress=1.000000  cache=0
2018-05-01 04:33:58 MultiChainMiner: Block Found - 0091dc32ff5e7bec6221f63b57a03c7297248d84715b64091f8143d2bd0d347e, prev: 00e598d1356693268238ee15064f173caf7d03da1fe89b0e728922e05add01a1, height: 24, txs: 1
2018-05-01 04:33:58 UpdateTip:            new best=0091dc32ff5e7bec6221f63b57a03c7297248d84715b64091f8143d2bd0d347e  height=24  log2_work=12.643856  tx=25  date=2018-05-01 04:33:58 progress=1.000000  cache=0
2018-05-01 04:34:05 MultiChainMiner: Block Found - 000f24481ccd52ad1091b58c5918e2f1bc620e4a1ed127efeff7f43f80fff0f2, prev: 0091dc32ff5e7bec6221f63b57a03c7297248d84715b64091f8143d2bd0d347e, height: 25, txs: 1
2018-05-01 04:34:05 UpdateTip:            new best=000f24481ccd52ad1091b58c5918e2f1bc620e4a1ed127efeff7f43f80fff0f2  height=25  log2_work=12.70044  tx=26  date=2018-05-01 04:34:05 progress=1.000000  cache=0
2018-05-01 04:34:18 MultiChainMiner: Block Found - 007c28e05ba247e46f9c277352a94ed20b6fa37d8735098c451f1101001f4593, prev: 000f24481ccd52ad1091b58c5918e2f1bc620e4a1ed127efeff7f43f80fff0f2, height: 26, txs: 1
2018-05-01 04:34:18 UpdateTip:            new best=007c28e05ba247e46f9c277352a94ed20b6fa37d8735098c451f1101001f4593  height=26  log2_work=12.754888  tx=27  date=2018-05-01 04:34:18 progress=1.000000  cache=0
2018-05-01 04:34:29 MultiChainMiner: Block Found - 00074dd80ab0d6b65510f08054009e83bbdb082834739b09f1076c7cf02fe4ee, prev: 007c28e05ba247e46f9c277352a94ed20b6fa37d8735098c451f1101001f4593, height: 27, txs: 1
2018-05-01 04:34:29 UpdateTip:            new best=00074dd80ab0d6b65510f08054009e83bbdb082834739b09f1076c7cf02fe4ee  height=27  log2_work=12.807355  tx=28  date=2018-05-01 04:34:29 progress=1.000000  cache=0
2018-05-01 04:34:46 MultiChainMiner: Block Found - 002d003ba5b5c6b9058ad4a6137742cbbe2f7ab5080253e008d6671b979a850e, prev: 00074dd80ab0d6b65510f08054009e83bbdb082834739b09f1076c7cf02fe4ee, height: 28, txs: 1
2018-05-01 04:34:46 UpdateTip:            new best=002d003ba5b5c6b9058ad4a6137742cbbe2f7ab5080253e008d6671b979a850e  height=28  log2_work=12.857981  tx=29  date=2018-05-01 04:34:46 progress=1.000000  cache=0
2018-05-01 04:35:05 MultiChainMiner: Block Found - 0029571c6947f6d764a4fff3721f091040348710115362eea221ee9fc8701813, prev: 002d003ba5b5c6b9058ad4a6137742cbbe2f7ab5080253e008d6671b979a850e, height: 29, txs: 1
2018-05-01 04:35:05 UpdateTip:            new best=0029571c6947f6d764a4fff3721f091040348710115362eea221ee9fc8701813  height=29  log2_work=12.906891  tx=30  date=2018-05-01 04:35:05 progress=1.000000  cache=0
2018-05-01 04:35:17 MultiChainMiner: Block Found - 006a17ab1af3e5c712a99ef936096feb943cd1be6f58287008e3fa84f3e802a7, prev: 0029571c6947f6d764a4fff3721f091040348710115362eea221ee9fc8701813, height: 30, txs: 1
2018-05-01 04:35:17 UpdateTip:            new best=006a17ab1af3e5c712a99ef936096feb943cd1be6f58287008e3fa84f3e802a7  height=30  log2_work=12.954196  tx=31  date=2018-05-01 04:35:17 progress=1.000000  cache=0
2018-05-01 04:35:33 MultiChainMiner: Block Found - 00ed9b5c0bb98285d55cca8a18338509c067c7e617b85cff79ef427674446473, prev: 006a17ab1af3e5c712a99ef936096feb943cd1be6f58287008e3fa84f3e802a7, height: 31, txs: 1
2018-05-01 04:35:33 UpdateTip:            new best=00ed9b5c0bb98285d55cca8a18338509c067c7e617b85cff79ef427674446473  height=31  log2_work=13  tx=32  date=2018-05-01 04:35:33 progress=1.000000  cache=0
2018-05-01 04:35:59 MultiChainMiner: Block Found - 007cf45b57398a6f446d1eae01b461a664165675fe857721058db6714f5e7192, prev: 00ed9b5c0bb98285d55cca8a18338509c067c7e617b85cff79ef427674446473, height: 32, txs: 1
2018-05-01 04:35:59 UpdateTip:            new best=007cf45b57398a6f446d1eae01b461a664165675fe857721058db6714f5e7192  height=32  log2_work=13.044394  tx=33  date=2018-05-01 04:35:59 progress=1.000000  cache=0
2018-05-01 04:36:07 MultiChainMiner: Block Found - 00b3e26520c9f063491980b58622e6b6894c1d46d3f7f0e345220969817c8600, prev: 007cf45b57398a6f446d1eae01b461a664165675fe857721058db6714f5e7192, height: 33, txs: 1
2018-05-01 04:36:07 UpdateTip:            new best=00b3e26520c9f063491980b58622e6b6894c1d46d3f7f0e345220969817c8600  height=33  log2_work=13.087463  tx=34  date=2018-05-01 04:36:07 progress=1.000000  cache=0
2018-05-01 04:36:16 MultiChainMiner: Block Found - 0001a70352410d5e233561a8146ce7ef9bfe0250a48e935a7cef3c60faa556e5, prev: 00b3e26520c9f063491980b58622e6b6894c1d46d3f7f0e345220969817c8600, height: 34, txs: 1
2018-05-01 04:36:16 UpdateTip:            new best=0001a70352410d5e233561a8146ce7ef9bfe0250a48e935a7cef3c60faa556e5  height=34  log2_work=13.129283  tx=35  date=2018-05-01 04:36:16 progress=1.000000  cache=0
2018-05-01 04:36:28 MultiChainMiner: Block Found - 000bc0f61cb4bf64437a1f05caee2b2017543e77e5b06024bff9ecca71cea055, prev: 0001a70352410d5e233561a8146ce7ef9bfe0250a48e935a7cef3c60faa556e5, height: 35, txs: 1
2018-05-01 04:36:29 UpdateTip:            new best=000bc0f61cb4bf64437a1f05caee2b2017543e77e5b06024bff9ecca71cea055  height=35  log2_work=13.169925  tx=36  date=2018-05-01 04:36:28 progress=1.000000  cache=0
2018-05-01 04:36:42 MultiChainMiner: Block Found - 00050d3a34ed004769103ac804ed1b8811de30e6e11acb2fc2eb079a1553d0da, prev: 000bc0f61cb4bf64437a1f05caee2b2017543e77e5b06024bff9ecca71cea055, height: 36, txs: 1
2018-05-01 04:36:42 UpdateTip:            new best=00050d3a34ed004769103ac804ed1b8811de30e6e11acb2fc2eb079a1553d0da  height=36  log2_work=13.209453  tx=37  date=2018-05-01 04:36:42 progress=1.000000  cache=0
2018-05-01 04:37:02 MultiChainMiner: Block Found - 0072176ec1042d4c4c1e4587908ebd373542c8a0688b479a70663bc9fdb0c4a5, prev: 00050d3a34ed004769103ac804ed1b8811de30e6e11acb2fc2eb079a1553d0da, height: 37, txs: 1
2018-05-01 04:37:02 UpdateTip:            new best=0072176ec1042d4c4c1e4587908ebd373542c8a0688b479a70663bc9fdb0c4a5  height=37  log2_work=13.247928  tx=38  date=2018-05-01 04:37:02 progress=1.000000  cache=0
2018-05-01 04:37:19 MultiChainMiner: Block Found - 004bfaae7cbc1d25e9c35a111e3233102c26037b97059b31730424af2bb99bc8, prev: 0072176ec1042d4c4c1e4587908ebd373542c8a0688b479a70663bc9fdb0c4a5, height: 38, txs: 1
2018-05-01 04:37:19 UpdateTip:            new best=004bfaae7cbc1d25e9c35a111e3233102c26037b97059b31730424af2bb99bc8  height=38  log2_work=13.285402  tx=39  date=2018-05-01 04:37:19 progress=1.000000  cache=0
2018-05-01 04:37:34 MultiChainMiner: Block Found - 00423de651e6ced2025d654b35118cee486c92dd08afe073255240c53c4888fe, prev: 004bfaae7cbc1d25e9c35a111e3233102c26037b97059b31730424af2bb99bc8, height: 39, txs: 1
2018-05-01 04:37:34 UpdateTip:            new best=00423de651e6ced2025d654b35118cee486c92dd08afe073255240c53c4888fe  height=39  log2_work=13.321928  tx=40  date=2018-05-01 04:37:34 progress=1.000000  cache=0
2018-05-01 04:37:51 MultiChainMiner: Block Found - 00b7eb1bca0dd64520e7e478c35a941ab95428996d0474c1774e883178683b93, prev: 00423de651e6ced2025d654b35118cee486c92dd08afe073255240c53c4888fe, height: 40, txs: 1
2018-05-01 04:37:51 UpdateTip:            new best=00b7eb1bca0dd64520e7e478c35a941ab95428996d0474c1774e883178683b93  height=40  log2_work=13.357552  tx=41  date=2018-05-01 04:37:51 progress=1.000000  cache=0
2018-05-01 04:38:06 MultiChainMiner: Block Found - 002188c610cb720e0ad363dc54612cbe6b60e5146728e15bc36801691d29135d, prev: 00b7eb1bca0dd64520e7e478c35a941ab95428996d0474c1774e883178683b93, height: 41, txs: 1
2018-05-01 04:38:06 UpdateTip:            new best=002188c610cb720e0ad363dc54612cbe6b60e5146728e15bc36801691d29135d  height=41  log2_work=13.392317  tx=42  date=2018-05-01 04:38:06 progress=1.000000  cache=0
2018-05-01 04:38:14 opencon thread interrupt
2018-05-01 04:38:14 addcon thread interrupt
2018-05-01 04:38:14 dumpaddr thread stop
2018-05-01 04:38:14 msghand thread interrupt
2018-05-01 04:38:14 net thread interrupt
2018-05-01 04:38:14 Shutdown: In progress...
2018-05-01 04:38:14 RPCAcceptHandler: Error: The I/O operation has been aborted because of either a thread exit or an application request
2018-05-01 04:38:14 RPCAcceptHandler: Error: The I/O operation has been aborted because of either a thread exit or an application request
2018-05-01 04:38:14 MultiChainMiner: Block Found - 009470c3f0e20c41f1421b2317bddd24540f89a8750c473d5b7d6ae78eb80083, prev: 002188c610cb720e0ad363dc54612cbe6b60e5146728e15bc36801691d29135d, height: 42, txs: 1
2018-05-01 04:38:14 UpdateTip:            new best=009470c3f0e20c41f1421b2317bddd24540f89a8750c473d5b7d6ae78eb80083  height=42  log2_work=13.426265  tx=43  date=2018-05-01 04:38:14 progress=1.000000  cache=0
2018-05-01 04:38:15 MultiChainMiner terminated
2018-05-01 04:38:15 StopNode()
2018-05-01 04:38:15 Node stopped
2018-05-01 04:38:15 Shutdown: done
2018-05-01 05:08:45 



















2018-05-01 05:08:45 MultiChain version build 1.0.4 protocol 10010 (May  1 2017, 09:50:11)
2018-05-01 05:08:45 Using OpenSSL version OpenSSL 1.0.1k 8 Jan 2015
2018-05-01 05:08:45 Using BerkeleyDB version Berkeley DB 4.8.30: (April  9, 2010)
2018-05-01 05:08:45 Default data directory C:\Users\Tejpal\AppData\Roaming\MultiChain\corp5
2018-05-01 05:08:45 Using data directory C:\Users\Tejpal\AppData\Roaming\MultiChain\corp5
2018-05-01 05:08:45 Using config file C:\Users\Tejpal\AppData\Roaming\MultiChain\corp5\corp5.conf
2018-05-01 05:08:45 Using at most 125 connections (2048 file descriptors available)
2018-05-01 05:08:45 Using 8 threads for script verification
2018-05-01 05:08:45 Using wallet wallet.dat
2018-05-01 05:08:45 init message: Verifying wallet...
2018-05-01 05:08:45 CDBEnv::Open : LogDir=C:\Users\Tejpal\AppData\Roaming\MultiChain\corp5\database ErrorFile=C:\Users\Tejpal\AppData\Roaming\MultiChain\corp5\db.log
2018-05-01 05:08:45 init message: Initializing multichain...
2018-05-01 05:08:45 mchn: Parameter set is valid - initializing blockchain parameters...
2018-05-01 05:08:45 Wallet mode: 00000003
2018-05-01 05:08:45 nFileVersion = 100000
2018-05-01 05:08:45 Keys: 2 plaintext, 0 encrypted, 2 w/ metadata, 2 total
2018-05-01 05:08:45 Node paused state is set to 00000000
2018-05-01 05:08:45 Binding RPC on address ::1 port 6492 (IPv4+IPv6 bind any: 0)
2018-05-01 05:08:45 Binding RPC on address 127.0.0.1 port 6492 (IPv4+IPv6 bind any: 0)
2018-05-01 05:08:45 Bound to [::]:6493
2018-05-01 05:08:45 Bound to 0.0.0.0:6493
2018-05-01 05:08:45 Setting banned transaction list:    0 transactions
2018-05-01 05:08:45 init message: Loading block index...
2018-05-01 05:08:45 Opening LevelDB in C:\Users\Tejpal\AppData\Roaming\MultiChain\corp5\blocks\index
2018-05-01 05:08:45 Opened LevelDB successfully
2018-05-01 05:08:45 Opening LevelDB in C:\Users\Tejpal\AppData\Roaming\MultiChain\corp5\chainstate
2018-05-01 05:08:46 Opened LevelDB successfully
2018-05-01 05:08:46 nFileVersion = 100000
2018-05-01 05:08:46 Keys: 2 plaintext, 0 encrypted, 2 w/ metadata, 2 total
2018-05-01 05:08:46 LoadBlockIndexDB: last block file = 0
2018-05-01 05:08:46 LoadBlockIndexDB: last block file info: CBlockFileInfo(blocks=43, size=11756, heights=0...42, time=2018-05-01...2018-05-01)
2018-05-01 05:08:46 Checking all blk files are present...
2018-05-01 05:08:46 LoadBlockIndexDB(): transaction index enabled
2018-05-01 05:08:46 LoadBlockIndexDB(): hashBestChain=009470c3f0e20c41f1421b2317bddd24540f89a8750c473d5b7d6ae78eb80083 height=42 date=2018-05-01 04:38:14 progress=1.000000
2018-05-01 05:08:46 init message: Verifying blocks...
2018-05-01 05:08:46 Verifying last 42 blocks at level 3
2018-05-01 05:08:46 No coin database inconsistencies in last 42 blocks (42 transactions)
2018-05-01 05:08:46  block index             489ms
2018-05-01 05:08:46 MultiChain protocol version: 10010
2018-05-01 05:08:46 init message: Loading wallet...
2018-05-01 05:08:46 nFileVersion = 100000
2018-05-01 05:08:46 Keys: 2 plaintext, 0 encrypted, 2 w/ metadata, 2 total
2018-05-01 05:08:46  wallet                    0ms
2018-05-01 05:08:46 mapBlockIndex.size() = 43
2018-05-01 05:08:46 nBestHeight = 42
2018-05-01 05:08:46 setKeyPool.size() = 1
2018-05-01 05:08:46 oldWallet.size() = 0
2018-05-01 05:08:46 mapWallet.size() = 1
2018-05-01 05:08:46 mapAddressBook.size() = 1
2018-05-01 05:08:46 init message: Loading addresses...
2018-05-01 05:08:46 Loaded 0 addresses from peers.dat  0ms
2018-05-01 05:08:46 AddLocal([fe80::c9d:13a8:9c01:cd44]:6493,1)
2018-05-01 05:08:46 Discover: Tejpal-Nitro - fe80::c9d:13a8:9c01:cd44
2018-05-01 05:08:46 AddLocal(192.168.0.20:6493,1)
2018-05-01 05:08:46 Discover: Tejpal-Nitro - 192.168.0.20
2018-05-01 05:08:46 AddLocal([2001:0:5ef5:79fb:c9d:13a8:9c01:cd44]:6493,1)
2018-05-01 05:08:46 Discover: Tejpal-Nitro - 2001:0:5ef5:79fb:c9d:13a8:9c01:cd44
2018-05-01 05:08:46 dnsseed thread start
2018-05-01 05:08:46 init message: Done loading
2018-05-01 05:08:46 dumpaddr thread start
2018-05-01 05:08:46 addcon thread start
2018-05-01 05:08:46 Loading addresses from DNS seeds (could take a while)
2018-05-01 05:08:46 opencon thread start
2018-05-01 05:08:46 msghand thread start
2018-05-01 05:08:46 net thread start
2018-05-01 05:08:46 MultiChainMiner started
2018-05-01 05:08:46 0 addresses found from DNS seeds
2018-05-01 05:08:46 dnsseed thread exit
2018-05-01 05:08:46 Node started
2018-05-01 05:08:54 MultiChainMiner: Block Found - 004b19e6b79059b55df4e3dbd6f5a3455b223bb7336835d998ad02ca9270ccce, prev: 009470c3f0e20c41f1421b2317bddd24540f89a8750c473d5b7d6ae78eb80083, height: 43, txs: 1
2018-05-01 05:08:54 UpdateTip:            new best=004b19e6b79059b55df4e3dbd6f5a3455b223bb7336835d998ad02ca9270ccce  height=43  log2_work=13.459432  tx=44  date=2018-05-01 05:08:54 progress=1.000000  cache=0
2018-05-01 05:09:10 MultiChainMiner: Block Found - 00755416f9ed060cdde038ed8ecfaec5ce174b9f956bb487268704e9cd8cc78f, prev: 004b19e6b79059b55df4e3dbd6f5a3455b223bb7336835d998ad02ca9270ccce, height: 44, txs: 1
2018-05-01 05:09:10 UpdateTip:            new best=00755416f9ed060cdde038ed8ecfaec5ce174b9f956bb487268704e9cd8cc78f  height=44  log2_work=13.491853  tx=45  date=2018-05-01 05:09:10 progress=1.000000  cache=0
2018-05-01 05:09:21 MultiChainMiner: Block Found - 006a03aa703c5baa8f704722dbb4c8aec00c8b7856329c7e5d3343b21a4159f0, prev: 00755416f9ed060cdde038ed8ecfaec5ce174b9f956bb487268704e9cd8cc78f, height: 45, txs: 1
2018-05-01 05:09:21 UpdateTip:            new best=006a03aa703c5baa8f704722dbb4c8aec00c8b7856329c7e5d3343b21a4159f0  height=45  log2_work=13.523562  tx=46  date=2018-05-01 05:09:21 progress=1.000000  cache=0
2018-05-01 05:09:41 MultiChainMiner: Block Found - 0076e774d393bd124340c0d03885e076d305a291ee6143e9726a28df34a8f863, prev: 006a03aa703c5baa8f704722dbb4c8aec00c8b7856329c7e5d3343b21a4159f0, height: 46, txs: 1
2018-05-01 05:09:41 UpdateTip:            new best=0076e774d393bd124340c0d03885e076d305a291ee6143e9726a28df34a8f863  height=46  log2_work=13.554589  tx=47  date=2018-05-01 05:09:41 progress=1.000000  cache=0
2018-05-01 05:09:47 Adding fixed seed nodes as DNS doesn't seem to be available.
2018-05-01 05:09:58 MultiChainMiner: Block Found - 0015fd9d2bca5a1eca36c9f459580b861cbaa97d7fc8dfb8d8852b2c34c30fa6, prev: 0076e774d393bd124340c0d03885e076d305a291ee6143e9726a28df34a8f863, height: 47, txs: 1
2018-05-01 05:09:58 UpdateTip:            new best=0015fd9d2bca5a1eca36c9f459580b861cbaa97d7fc8dfb8d8852b2c34c30fa6  height=47  log2_work=13.584963  tx=48  date=2018-05-01 05:09:58 progress=1.000000  cache=0
2018-05-01 05:10:13 MultiChainMiner: Block Found - 00b58c1737a5c9d37ec1c99327f3f92353c873a1037a3b571eab4f127bb61f57, prev: 0015fd9d2bca5a1eca36c9f459580b861cbaa97d7fc8dfb8d8852b2c34c30fa6, height: 48, txs: 1
2018-05-01 05:10:13 UpdateTip:            new best=00b58c1737a5c9d37ec1c99327f3f92353c873a1037a3b571eab4f127bb61f57  height=48  log2_work=13.61471  tx=49  date=2018-05-01 05:10:13 progress=1.000000  cache=0
2018-05-01 05:10:26 MultiChainMiner: Block Found - 00e4ed1579a9a6854ba5bc0873630a3f2b5ea9f9ddcf7cf9d0ddaea6c593dc16, prev: 00b58c1737a5c9d37ec1c99327f3f92353c873a1037a3b571eab4f127bb61f57, height: 49, txs: 1
2018-05-01 05:10:27 UpdateTip:            new best=00e4ed1579a9a6854ba5bc0873630a3f2b5ea9f9ddcf7cf9d0ddaea6c593dc16  height=49  log2_work=13.643856  tx=50  date=2018-05-01 05:10:26 progress=1.000000  cache=0
2018-05-01 05:10:48 MultiChainMiner: Block Found - 0080f07e3500c6a81af175da7934ba50c692d2bb68a2b9a52bd4467dd09618f5, prev: 00e4ed1579a9a6854ba5bc0873630a3f2b5ea9f9ddcf7cf9d0ddaea6c593dc16, height: 50, txs: 1
2018-05-01 05:10:48 UpdateTip:            new best=0080f07e3500c6a81af175da7934ba50c692d2bb68a2b9a52bd4467dd09618f5  height=50  log2_work=13.672425  tx=51  date=2018-05-01 05:10:48 progress=1.000000  cache=0
2018-05-01 05:11:07 MultiChainMiner: Block Found - 00e679a0f498a26b8e2214a521dbda283daaed7c6256a1464e86e09837b8dd6b, prev: 0080f07e3500c6a81af175da7934ba50c692d2bb68a2b9a52bd4467dd09618f5, height: 51, txs: 1
2018-05-01 05:11:08 UpdateTip:            new best=00e679a0f498a26b8e2214a521dbda283daaed7c6256a1464e86e09837b8dd6b  height=51  log2_work=13.70044  tx=52  date=2018-05-01 05:11:07 progress=1.000000  cache=0
2018-05-01 05:11:26 MultiChainMiner: Block Found - 00c6a892e56d5e57202a73f2f4c493bec80de288f96abe3620cafdc66dc74cc2, prev: 00e679a0f498a26b8e2214a521dbda283daaed7c6256a1464e86e09837b8dd6b, height: 52, txs: 1
2018-05-01 05:11:26 UpdateTip:            new best=00c6a892e56d5e57202a73f2f4c493bec80de288f96abe3620cafdc66dc74cc2  height=52  log2_work=13.72792  tx=53  date=2018-05-01 05:11:26 progress=1.000000  cache=0
2018-05-01 05:11:38 MultiChainMiner: Block Found - 0074da5e28d9bfe199e7b6b55fe65377428045cee1269c43076e593d626b80d6, prev: 00c6a892e56d5e57202a73f2f4c493bec80de288f96abe3620cafdc66dc74cc2, height: 53, txs: 1
2018-05-01 05:11:38 UpdateTip:            new best=0074da5e28d9bfe199e7b6b55fe65377428045cee1269c43076e593d626b80d6  height=53  log2_work=13.754888  tx=54  date=2018-05-01 05:11:38 progress=1.000000  cache=0
2018-05-01 05:11:59 MultiChainMiner: Block Found - 006be637ea8b5481cc22fc2301e7e0c070bd53d18fffa004242bce0f6e9fb2c6, prev: 0074da5e28d9bfe199e7b6b55fe65377428045cee1269c43076e593d626b80d6, height: 54, txs: 1
2018-05-01 05:11:59 UpdateTip:            new best=006be637ea8b5481cc22fc2301e7e0c070bd53d18fffa004242bce0f6e9fb2c6  height=54  log2_work=13.78136  tx=55  date=2018-05-01 05:11:59 progress=1.000000  cache=0
2018-05-01 05:12:10 MultiChainMiner: Block Found - 002ac3505390c0cc3594b1fe26c4c7bb177a0e3eaabf444a992ce072b0d22817, prev: 006be637ea8b5481cc22fc2301e7e0c070bd53d18fffa004242bce0f6e9fb2c6, height: 55, txs: 1
2018-05-01 05:12:10 UpdateTip:            new best=002ac3505390c0cc3594b1fe26c4c7bb177a0e3eaabf444a992ce072b0d22817  height=55  log2_work=13.807355  tx=56  date=2018-05-01 05:12:10 progress=1.000000  cache=0
2018-05-01 05:12:18 MultiChainMiner: Block Found - 002e1197b2bdb2d8b64e78aced7766656cf319a64e01b7edd5f3ccf969bbb232, prev: 002ac3505390c0cc3594b1fe26c4c7bb177a0e3eaabf444a992ce072b0d22817, height: 56, txs: 1
2018-05-01 05:12:18 UpdateTip:            new best=002e1197b2bdb2d8b64e78aced7766656cf319a64e01b7edd5f3ccf969bbb232  height=56  log2_work=13.83289  tx=57  date=2018-05-01 05:12:18 progress=1.000000  cache=0
2018-05-01 05:12:31 MultiChainMiner: Block Found - 002c6bb61af515c0f2729a65f19e995abe5c704f6c3861f02161067bf48a1326, prev: 002e1197b2bdb2d8b64e78aced7766656cf319a64e01b7edd5f3ccf969bbb232, height: 57, txs: 1
2018-05-01 05:12:31 UpdateTip:            new best=002c6bb61af515c0f2729a65f19e995abe5c704f6c3861f02161067bf48a1326  height=57  log2_work=13.857981  tx=58  date=2018-05-01 05:12:31 progress=1.000000  cache=0
2018-05-01 05:12:42 MultiChainMiner: Block Found - 00480965cb0ff479d6b0161ebdf0645f7d9af07ae512a62b75dbbde28af883f2, prev: 002c6bb61af515c0f2729a65f19e995abe5c704f6c3861f02161067bf48a1326, height: 58, txs: 1
2018-05-01 05:12:42 UpdateTip:            new best=00480965cb0ff479d6b0161ebdf0645f7d9af07ae512a62b75dbbde28af883f2  height=58  log2_work=13.882643  tx=59  date=2018-05-01 05:12:42 progress=1.000000  cache=0
2018-05-01 05:12:59 MultiChainMiner: Block Found - 0041bca9ea707028d04c3d61cef2915c73ae593291839d9c6a3133852ee0c2ed, prev: 00480965cb0ff479d6b0161ebdf0645f7d9af07ae512a62b75dbbde28af883f2, height: 59, txs: 1
2018-05-01 05:12:59 UpdateTip:            new best=0041bca9ea707028d04c3d61cef2915c73ae593291839d9c6a3133852ee0c2ed  height=59  log2_work=13.906891  tx=60  date=2018-05-01 05:12:59 progress=1.000000  cache=0
2018-05-01 05:18:30 opencon thread interrupt
2018-05-01 05:18:30 dumpaddr thread stop
2018-05-01 05:18:30 msghand thread interrupt
2018-05-01 05:18:30 addcon thread interrupt
2018-05-01 05:18:30 net thread interrupt
2018-05-01 05:18:30 Shutdown: In progress...
2018-05-01 05:18:30 RPCAcceptHandler: Error: The I/O operation has been aborted because of either a thread exit or an application request
2018-05-01 05:18:30 RPCAcceptHandler: Error: The I/O operation has been aborted because of either a thread exit or an application request
2018-05-01 05:18:30 MultiChainMiner terminated
2018-05-01 05:18:30 StopNode()
2018-05-01 05:18:30 Node stopped
2018-05-01 05:18:30 Shutdown: done
2018-05-01 05:28:32 



















2018-05-01 05:28:32 MultiChain version build 1.0.4 protocol 10010 (May  1 2017, 09:50:11)
2018-05-01 05:28:32 Using OpenSSL version OpenSSL 1.0.1k 8 Jan 2015
2018-05-01 05:28:32 Using BerkeleyDB version Berkeley DB 4.8.30: (April  9, 2010)
2018-05-01 05:28:32 Default data directory C:\Users\Tejpal\AppData\Roaming\MultiChain\corp5
2018-05-01 05:28:32 Using data directory C:\Users\Tejpal\AppData\Roaming\MultiChain\corp5
2018-05-01 05:28:32 Using config file C:\Users\Tejpal\AppData\Roaming\MultiChain\corp5\corp5.conf
2018-05-01 05:28:32 Using at most 125 connections (2048 file descriptors available)
2018-05-01 05:28:32 Using 8 threads for script verification
2018-05-01 05:28:32 Using wallet wallet.dat
2018-05-01 05:28:32 init message: Verifying wallet...
2018-05-01 05:28:32 CDBEnv::Open : LogDir=C:\Users\Tejpal\AppData\Roaming\MultiChain\corp5\database ErrorFile=C:\Users\Tejpal\AppData\Roaming\MultiChain\corp5\db.log
2018-05-01 05:28:32 init message: Initializing multichain...
2018-05-01 05:28:32 mchn: Parameter set is valid - initializing blockchain parameters...
2018-05-01 05:28:33 Wallet mode: 00000003
2018-05-01 05:28:33 nFileVersion = 100000
2018-05-01 05:28:33 Keys: 2 plaintext, 0 encrypted, 2 w/ metadata, 2 total
2018-05-01 05:28:33 Node paused state is set to 00000000
2018-05-01 05:28:33 Binding RPC on address ::1 port 6010 (IPv4+IPv6 bind any: 0)
2018-05-01 05:28:33 Binding RPC on address 127.0.0.1 port 6010 (IPv4+IPv6 bind any: 0)
2018-05-01 05:28:33 Bound to [::]:6493
2018-05-01 05:28:33 Bound to 0.0.0.0:6493
2018-05-01 05:28:33 Setting banned transaction list:    0 transactions
2018-05-01 05:28:33 init message: Loading block index...
2018-05-01 05:28:33 Opening LevelDB in C:\Users\Tejpal\AppData\Roaming\MultiChain\corp5\blocks\index
2018-05-01 05:28:33 Opened LevelDB successfully
2018-05-01 05:28:33 Opening LevelDB in C:\Users\Tejpal\AppData\Roaming\MultiChain\corp5\chainstate
2018-05-01 05:28:33 Opened LevelDB successfully
2018-05-01 05:28:33 nFileVersion = 100000
2018-05-01 05:28:33 Keys: 2 plaintext, 0 encrypted, 2 w/ metadata, 2 total
2018-05-01 05:28:33 LoadBlockIndexDB: last block file = 0
2018-05-01 05:28:33 LoadBlockIndexDB: last block file info: CBlockFileInfo(blocks=60, size=16404, heights=0...59, time=2018-05-01...2018-05-01)
2018-05-01 05:28:33 Checking all blk files are present...
2018-05-01 05:28:33 LoadBlockIndexDB(): transaction index enabled
2018-05-01 05:28:33 LoadBlockIndexDB(): hashBestChain=0041bca9ea707028d04c3d61cef2915c73ae593291839d9c6a3133852ee0c2ed height=59 date=2018-05-01 05:12:59 progress=1.000000
2018-05-01 05:28:33 init message: Verifying blocks...
2018-05-01 05:28:33 Verifying last 59 blocks at level 3
2018-05-01 05:28:33 No coin database inconsistencies in last 59 blocks (59 transactions)
2018-05-01 05:28:33  block index             167ms
2018-05-01 05:28:33 MultiChain protocol version: 10010
2018-05-01 05:28:33 init message: Loading wallet...
2018-05-01 05:28:33 nFileVersion = 100000
2018-05-01 05:28:33 Keys: 2 plaintext, 0 encrypted, 2 w/ metadata, 2 total
2018-05-01 05:28:33  wallet                    0ms
2018-05-01 05:28:33 mapBlockIndex.size() = 60
2018-05-01 05:28:33 nBestHeight = 59
2018-05-01 05:28:33 setKeyPool.size() = 1
2018-05-01 05:28:33 oldWallet.size() = 0
2018-05-01 05:28:33 mapWallet.size() = 1
2018-05-01 05:28:33 mapAddressBook.size() = 1
2018-05-01 05:28:33 init message: Loading addresses...
2018-05-01 05:28:33 Loaded 0 addresses from peers.dat  0ms
2018-05-01 05:28:33 AddLocal([fe80::c9d:13a8:9c01:cd44]:6493,1)
2018-05-01 05:28:33 Discover: Tejpal-Nitro - fe80::c9d:13a8:9c01:cd44
2018-05-01 05:28:33 AddLocal(192.168.0.20:6493,1)
2018-05-01 05:28:33 Discover: Tejpal-Nitro - 192.168.0.20
2018-05-01 05:28:33 AddLocal([2001:0:5ef5:79fb:c9d:13a8:9c01:cd44]:6493,1)
2018-05-01 05:28:33 Discover: Tejpal-Nitro - 2001:0:5ef5:79fb:c9d:13a8:9c01:cd44
2018-05-01 05:28:33 dnsseed thread start
2018-05-01 05:28:33 net thread start
2018-05-01 05:28:33 init message: Done loading
2018-05-01 05:28:33 addcon thread start
2018-05-01 05:28:33 opencon thread start
2018-05-01 05:28:33 Loading addresses from DNS seeds (could take a while)
2018-05-01 05:28:33 msghand thread start
2018-05-01 05:28:33 dumpaddr thread start
2018-05-01 05:28:33 MultiChainMiner started
2018-05-01 05:28:33 0 addresses found from DNS seeds
2018-05-01 05:28:33 dnsseed thread exit
2018-05-01 05:28:33 Node started
2018-05-01 05:28:38 keypool added key 3, size=2
2018-05-01 05:29:34 Adding fixed seed nodes as DNS doesn't seem to be available.
2018-05-01 05:36:03 opencon thread interrupt
2018-05-01 05:36:03 dumpaddr thread stop
2018-05-01 05:36:03 addcon thread interrupt
2018-05-01 05:36:03 msghand thread interrupt
2018-05-01 05:36:03 net thread interrupt
2018-05-01 05:36:03 Shutdown: In progress...
2018-05-01 05:36:03 RPCAcceptHandler: Error: The I/O operation has been aborted because of either a thread exit or an application request
2018-05-01 05:36:03 RPCAcceptHandler: Error: The I/O operation has been aborted because of either a thread exit or an application request
2018-05-01 05:36:04 MultiChainMiner terminated
2018-05-01 05:36:04 StopNode()
2018-05-01 05:36:04 Node stopped
2018-05-01 05:36:04 Shutdown: done
2018-05-01 05:52:51 



















2018-05-01 05:52:51 MultiChain version build 1.0.4 protocol 10010 (May  1 2017, 09:50:11)
2018-05-01 05:52:51 Using OpenSSL version OpenSSL 1.0.1k 8 Jan 2015
2018-05-01 05:52:51 Using BerkeleyDB version Berkeley DB 4.8.30: (April  9, 2010)
2018-05-01 05:52:51 Default data directory C:\Users\Tejpal\AppData\Roaming\MultiChain\corp5
2018-05-01 05:52:51 Using data directory C:\Users\Tejpal\AppData\Roaming\MultiChain\corp5
2018-05-01 05:52:51 Using config file C:\Users\Tejpal\AppData\Roaming\MultiChain\corp5\corp5.conf
2018-05-01 05:52:51 Using at most 125 connections (2048 file descriptors available)
2018-05-01 05:52:51 Using 8 threads for script verification
2018-05-01 05:52:51 Using wallet wallet.dat
2018-05-01 05:52:51 init message: Verifying wallet...
2018-05-01 05:52:51 CDBEnv::Open : LogDir=C:\Users\Tejpal\AppData\Roaming\MultiChain\corp5\database ErrorFile=C:\Users\Tejpal\AppData\Roaming\MultiChain\corp5\db.log
2018-05-01 05:52:51 init message: Initializing multichain...
2018-05-01 05:52:51 mchn: Parameter set is valid - initializing blockchain parameters...
2018-05-01 05:52:51 Wallet mode: 00000003
2018-05-01 05:52:51 nFileVersion = 100000
2018-05-01 05:52:51 Keys: 3 plaintext, 0 encrypted, 3 w/ metadata, 3 total
2018-05-01 05:52:51 Node paused state is set to 00000000
2018-05-01 05:52:51 Binding RPC on address ::1 port 6010 (IPv4+IPv6 bind any: 0)
2018-05-01 05:52:51 Binding RPC on address 127.0.0.1 port 6010 (IPv4+IPv6 bind any: 0)
2018-05-01 05:52:51 Bound to [::]:6011
2018-05-01 05:52:51 Bound to 0.0.0.0:6011
2018-05-01 05:52:51 Setting banned transaction list:    0 transactions
2018-05-01 05:52:51 init message: Loading block index...
2018-05-01 05:52:51 Opening LevelDB in C:\Users\Tejpal\AppData\Roaming\MultiChain\corp5\blocks\index
2018-05-01 05:52:51 Opened LevelDB successfully
2018-05-01 05:52:51 Opening LevelDB in C:\Users\Tejpal\AppData\Roaming\MultiChain\corp5\chainstate
2018-05-01 05:52:51 Opened LevelDB successfully
2018-05-01 05:52:51 nFileVersion = 100000
2018-05-01 05:52:51 Keys: 3 plaintext, 0 encrypted, 3 w/ metadata, 3 total
2018-05-01 05:52:51 LoadBlockIndexDB: last block file = 0
2018-05-01 05:52:51 LoadBlockIndexDB: last block file info: CBlockFileInfo(blocks=60, size=16404, heights=0...59, time=2018-05-01...2018-05-01)
2018-05-01 05:52:51 Checking all blk files are present...
2018-05-01 05:52:51 LoadBlockIndexDB(): transaction index enabled
2018-05-01 05:52:51 LoadBlockIndexDB(): hashBestChain=0041bca9ea707028d04c3d61cef2915c73ae593291839d9c6a3133852ee0c2ed height=59 date=2018-05-01 05:12:59 progress=1.000000
2018-05-01 05:52:51 init message: Verifying blocks...
2018-05-01 05:52:51 Verifying last 59 blocks at level 3
2018-05-01 05:52:52 No coin database inconsistencies in last 59 blocks (59 transactions)
2018-05-01 05:52:52  block index             145ms
2018-05-01 05:52:52 MultiChain protocol version: 10010
2018-05-01 05:52:52 init message: Loading wallet...
2018-05-01 05:52:52 nFileVersion = 100000
2018-05-01 05:52:52 Keys: 3 plaintext, 0 encrypted, 3 w/ metadata, 3 total
2018-05-01 05:52:52  wallet                    0ms
2018-05-01 05:52:52 mapBlockIndex.size() = 60
2018-05-01 05:52:52 nBestHeight = 59
2018-05-01 05:52:52 setKeyPool.size() = 2
2018-05-01 05:52:52 oldWallet.size() = 0
2018-05-01 05:52:52 mapWallet.size() = 1
2018-05-01 05:52:52 mapAddressBook.size() = 1
2018-05-01 05:52:52 init message: Loading addresses...
2018-05-01 05:52:52 Loaded 0 addresses from peers.dat  1ms
2018-05-01 05:52:52 AddLocal([fe80::c9d:13a8:9c01:cd44]:6011,1)
2018-05-01 05:52:52 Discover: Tejpal-Nitro - fe80::c9d:13a8:9c01:cd44
2018-05-01 05:52:52 AddLocal(192.168.0.20:6011,1)
2018-05-01 05:52:52 Discover: Tejpal-Nitro - 192.168.0.20
2018-05-01 05:52:52 AddLocal([2001:0:5ef5:79fb:c9d:13a8:9c01:cd44]:6011,1)
2018-05-01 05:52:52 Discover: Tejpal-Nitro - 2001:0:5ef5:79fb:c9d:13a8:9c01:cd44
2018-05-01 05:52:52 dnsseed thread start
2018-05-01 05:52:52 opencon thread start
2018-05-01 05:52:52 init message: Done loading
2018-05-01 05:52:52 addcon thread start
2018-05-01 05:52:52 net thread start
2018-05-01 05:52:52 Loading addresses from DNS seeds (could take a while)
2018-05-01 05:52:52 0 addresses found from DNS seeds
2018-05-01 05:52:52 dnsseed thread exit
2018-05-01 05:52:52 MultiChainMiner started
2018-05-01 05:52:52 msghand thread start
2018-05-01 05:52:52 dumpaddr thread start
2018-05-01 05:52:52 Node started
2018-05-01 05:53:53 Adding fixed seed nodes as DNS doesn't seem to be available.
