2018-05-01 00:17:33	Initialized: Admin count: 0, Miner count: 0, ledger rows: 1
2018-05-01 00:19:15	Initialized: Admin count: 0, Miner count: 0, ledger rows: 1
2018-05-01 00:29:35	Initialized: Admin count: 0, Miner count: 0, ledger rows: 1
2018-05-01 00:30:31	Initialized: Admin count: 0, Miner count: 0, ledger rows: 1
2018-05-01 01:08:45	Initialized: Admin count: 0, Miner count: 0, ledger rows: 1
2018-05-01 01:08:46	Grant: (00000000-ccf03a15-00000001-ccf03a15) (0--1, 1525148254), In consensus: 1, Admin count: 0, Miner count: 0
2018-05-01 01:08:46	Grant: (00000000-ccf03a15-00000002-ccf03a15) (0--1, 1525148254), In consensus: 1, Admin count: 0, Miner count: 0
2018-05-01 01:08:46	Grant: (00000000-ccf03a15-00000004-ccf03a15) (0--1, 1525148254), In consensus: 1, Admin count: 0, Miner count: 0
2018-05-01 01:08:46	Grant: (00000000-ccf03a15-00000020-ccf03a15) (0--1, 1525148254), In consensus: 1, Admin count: 0, Miner count: 0
2018-05-01 01:08:46	Grant: (00000000-ccf03a15-00000010-ccf03a15) (0--1, 1525148254), In consensus: 1, Admin count: 0, Miner count: 0
2018-05-01 01:08:46	Grant: (00000000-ccf03a15-00002000-ccf03a15) (0--1, 1525148254), In consensus: 1, Admin count: 0, Miner count: 0
2018-05-01 01:08:46	Grant: (00000000-ccf03a15-00000100-ccf03a15) (0--1, 1525148254), In consensus: 1, Admin count: 0, Miner count: 1
2018-05-01 01:08:46	Grant: (00000000-ccf03a15-00001000-ccf03a15) (0--1, 1525148254), In consensus: 1, Admin count: 1, Miner count: 1
2018-05-01 01:08:46	Grant: (a202e4af-00000000-00000001-ccf03a15) (0--1, 0), In consensus: 1, Admin count: 1, Miner count: 1
2018-05-01 01:08:46	Grant: (a202e4af-ccf03a15-00000008-ccf03a15) (0--1, 0), In consensus: 1, Admin count: 1, Miner count: 1
2018-05-01 01:08:46	Grant: (a202e4af-ccf03a15-00002000-ccf03a15) (0--1, 0), In consensus: 1, Admin count: 1, Miner count: 1
2018-05-01 01:08:46	Grant: (a202e4af-ccf03a15-00001000-ccf03a15) (0--1, 0), In consensus: 1, Admin count: 1, Miner count: 1
2018-05-01 01:08:46	Block commit:         0 (Hash: bf4485d8, Miner: ccf03a15), Admin count: 1, Miner count: 1, Ledger Rows: 15
2018-05-01 01:08:46	Block commit:         1 (Hash: cefbd82d, Miner: ccf03a15), Admin count: 1, Miner count: 1, Ledger Rows: 17
2018-05-01 01:08:46	Block commit:         2 (Hash: 7d8dd44b, Miner: ccf03a15), Admin count: 1, Miner count: 1, Ledger Rows: 19
2018-05-01 01:08:54	Block commit:         3 (Hash: 9c2f8685, Miner: ccf03a15), Admin count: 1, Miner count: 1, Ledger Rows: 21
2018-05-01 01:09:10	Block commit:         4 (Hash: 495c60ae, Miner: ccf03a15), Admin count: 1, Miner count: 1, Ledger Rows: 23
2018-05-01 01:09:21	Block commit:         5 (Hash: e0d3d6ef, Miner: ccf03a15), Admin count: 1, Miner count: 1, Ledger Rows: 25
2018-05-01 01:09:41	Block commit:         6 (Hash: 660ce87b, Miner: ccf03a15), Admin count: 1, Miner count: 1, Ledger Rows: 27
2018-05-01 01:09:58	Block commit:         7 (Hash: 7eef9599, Miner: ccf03a15), Admin count: 1, Miner count: 1, Ledger Rows: 29
2018-05-01 01:10:13	Block commit:         8 (Hash: 99fbc43d, Miner: ccf03a15), Admin count: 1, Miner count: 1, Ledger Rows: 31
2018-05-01 01:10:26	Block commit:         9 (Hash: a83e2988, Miner: ccf03a15), Admin count: 1, Miner count: 1, Ledger Rows: 33
2018-05-01 01:10:47	Block commit:        10 (Hash: 79c4a671, Miner: ccf03a15), Admin count: 1, Miner count: 1, Ledger Rows: 35
2018-05-01 01:11:07	Block commit:        11 (Hash: ae0b8e63, Miner: ccf03a15), Admin count: 1, Miner count: 1, Ledger Rows: 37
2018-05-01 01:11:26	Block commit:        12 (Hash: ec4b3346, Miner: ccf03a15), Admin count: 1, Miner count: 1, Ledger Rows: 39
2018-05-01 01:11:29	Block commit:        13 (Hash: 0b5eab61, Miner: ccf03a15), Admin count: 1, Miner count: 1, Ledger Rows: 41
2018-05-01 01:11:50	Block commit:        14 (Hash: 0fd271ad, Miner: ccf03a15), Admin count: 1, Miner count: 1, Ledger Rows: 43
2018-05-01 01:12:04	Block commit:        15 (Hash: 30769b3b, Miner: ccf03a15), Admin count: 1, Miner count: 1, Ledger Rows: 45
2018-05-01 01:12:16	Block commit:        16 (Hash: 4dd3a001, Miner: ccf03a15), Admin count: 1, Miner count: 1, Ledger Rows: 47
2018-05-01 01:12:28	Block commit:        17 (Hash: 071cd39f, Miner: ccf03a15), Admin count: 1, Miner count: 1, Ledger Rows: 49
2018-05-01 01:12:39	Block commit:        18 (Hash: a3f443ab, Miner: ccf03a15), Admin count: 1, Miner count: 1, Ledger Rows: 51
2018-05-01 01:12:56	Block commit:        19 (Hash: 0a91fb8b, Miner: ccf03a15), Admin count: 1, Miner count: 1, Ledger Rows: 53
2018-05-01 01:13:14	Block commit:        20 (Hash: dad1d97c, Miner: ccf03a15), Admin count: 1, Miner count: 1, Ledger Rows: 55
2018-05-01 01:13:27	Block commit:        21 (Hash: c50c3a1a, Miner: ccf03a15), Admin count: 1, Miner count: 1, Ledger Rows: 57
2018-05-01 01:13:42	Block commit:        22 (Hash: b4977796, Miner: ccf03a15), Admin count: 1, Miner count: 1, Ledger Rows: 59
2018-05-01 01:14:09	Block commit:        23 (Hash: 1c818e9b, Miner: ccf03a15), Admin count: 1, Miner count: 1, Ledger Rows: 61
2018-05-01 01:14:16	Block commit:        24 (Hash: 3a6bbe19, Miner: ccf03a15), Admin count: 1, Miner count: 1, Ledger Rows: 63
2018-05-01 01:14:25	Block commit:        25 (Hash: 9b104955, Miner: ccf03a15), Admin count: 1, Miner count: 1, Ledger Rows: 65
2018-05-01 01:14:37	Block commit:        26 (Hash: 2827f229, Miner: ccf03a15), Admin count: 1, Miner count: 1, Ledger Rows: 67
2018-05-01 01:14:52	Block commit:        27 (Hash: ddddff23, Miner: ccf03a15), Admin count: 1, Miner count: 1, Ledger Rows: 69
2018-05-01 01:15:12	Block commit:        28 (Hash: 4b6c5022, Miner: ccf03a15), Admin count: 1, Miner count: 1, Ledger Rows: 71
2018-05-01 01:15:28	Block commit:        29 (Hash: b8a4f8cc, Miner: ccf03a15), Admin count: 1, Miner count: 1, Ledger Rows: 73
2018-05-01 01:15:44	Block commit:        30 (Hash: c40e67c5, Miner: ccf03a15), Admin count: 1, Miner count: 1, Ledger Rows: 75
2018-05-01 01:16:00	Block commit:        31 (Hash: 6dcfd484, Miner: ccf03a15), Admin count: 1, Miner count: 1, Ledger Rows: 77
2018-05-01 01:16:16	Block commit:        32 (Hash: fe526bd9, Miner: ccf03a15), Admin count: 1, Miner count: 1, Ledger Rows: 79
2018-05-01 01:16:23	Block commit:        33 (Hash: 89dcd574, Miner: ccf03a15), Admin count: 1, Miner count: 1, Ledger Rows: 81
2018-05-01 01:16:46	Block commit:        34 (Hash: ec8a2c0a, Miner: ccf03a15), Admin count: 1, Miner count: 1, Ledger Rows: 83
2018-05-01 01:16:58	Block commit:        35 (Hash: 63fb08ba, Miner: ccf03a15), Admin count: 1, Miner count: 1, Ledger Rows: 85
2018-05-01 01:17:11	Block commit:        36 (Hash: 3d9841a9, Miner: ccf03a15), Admin count: 1, Miner count: 1, Ledger Rows: 87
2018-05-01 01:17:21	Block commit:        37 (Hash: baff5e3f, Miner: ccf03a15), Admin count: 1, Miner count: 1, Ledger Rows: 89
2018-05-01 01:17:43	Block commit:        38 (Hash: 0607cbe4, Miner: ccf03a15), Admin count: 1, Miner count: 1, Ledger Rows: 91
2018-05-01 01:18:02	Block commit:        39 (Hash: 4fdef371, Miner: ccf03a15), Admin count: 1, Miner count: 1, Ledger Rows: 93
2018-05-01 01:18:17	Block commit:        40 (Hash: 882a4f88, Miner: ccf03a15), Admin count: 1, Miner count: 1, Ledger Rows: 95
2018-05-01 01:18:29	Block commit:        41 (Hash: c38ec7eb, Miner: ccf03a15), Admin count: 1, Miner count: 1, Ledger Rows: 97
2018-05-01 01:28:32	Initialized: Admin count: 1, Miner count: 1, ledger rows: 97
2018-05-01 01:30:25	Initialized: Admin count: 1, Miner count: 1, ledger rows: 97
2018-05-01 01:30:50	Initialized: Admin count: 1, Miner count: 1, ledger rows: 97
2018-05-01 01:30:51	Block rollback:        41, Admin count: 1, Miner count: 1, Ledger Rows: 97
2018-05-01 01:30:58	Block commit:        42 (Hash: e1462a23, Miner: ccf03a15), Admin count: 1, Miner count: 1, Ledger Rows: 99
2018-05-01 01:31:15	Block commit:        43 (Hash: 73da2b82, Miner: ccf03a15), Admin count: 1, Miner count: 1, Ledger Rows: 101
2018-05-01 01:31:26	Block commit:        44 (Hash: a9bd3272, Miner: ccf03a15), Admin count: 1, Miner count: 1, Ledger Rows: 103
2018-05-01 01:31:46	Block commit:        45 (Hash: 3fe86043, Miner: ccf03a15), Admin count: 1, Miner count: 1, Ledger Rows: 105
2018-05-01 01:32:02	Block commit:        46 (Hash: 1731d0d4, Miner: ccf03a15), Admin count: 1, Miner count: 1, Ledger Rows: 107
2018-05-01 01:32:18	Block commit:        47 (Hash: 48a0bf3d, Miner: ccf03a15), Admin count: 1, Miner count: 1, Ledger Rows: 109
2018-05-01 01:32:31	Block commit:        48 (Hash: a763d86d, Miner: ccf03a15), Admin count: 1, Miner count: 1, Ledger Rows: 111
2018-05-01 01:32:52	Block commit:        49 (Hash: 8df81541, Miner: ccf03a15), Admin count: 1, Miner count: 1, Ledger Rows: 113
2018-05-01 01:33:12	Block commit:        50 (Hash: 2d4940be, Miner: ccf03a15), Admin count: 1, Miner count: 1, Ledger Rows: 115
2018-05-01 01:33:31	Block commit:        51 (Hash: 70f24518, Miner: ccf03a15), Admin count: 1, Miner count: 1, Ledger Rows: 117
2018-05-01 01:33:42	Block commit:        52 (Hash: 87834238, Miner: ccf03a15), Admin count: 1, Miner count: 1, Ledger Rows: 119
2018-05-01 01:34:03	Block commit:        53 (Hash: b125dec7, Miner: ccf03a15), Admin count: 1, Miner count: 1, Ledger Rows: 121
2018-05-01 01:34:14	Block commit:        54 (Hash: 1f70dd10, Miner: ccf03a15), Admin count: 1, Miner count: 1, Ledger Rows: 123
2018-05-01 01:34:23	Block commit:        55 (Hash: 2a02782c, Miner: ccf03a15), Admin count: 1, Miner count: 1, Ledger Rows: 125
2018-05-01 01:34:35	Block commit:        56 (Hash: 48ff7735, Miner: ccf03a15), Admin count: 1, Miner count: 1, Ledger Rows: 127
2018-05-01 01:34:46	Block commit:        57 (Hash: ca69a72e, Miner: ccf03a15), Admin count: 1, Miner count: 1, Ledger Rows: 129
2018-05-01 01:35:03	Block commit:        58 (Hash: b4bc4d29, Miner: ccf03a15), Admin count: 1, Miner count: 1, Ledger Rows: 131
2018-05-01 01:35:21	Block commit:        59 (Hash: 7316a394, Miner: ccf03a15), Admin count: 1, Miner count: 1, Ledger Rows: 133
2018-05-01 01:52:51	Initialized: Admin count: 1, Miner count: 1, ledger rows: 133
2018-05-01 01:52:52	Block rollback:        59, Admin count: 1, Miner count: 1, Ledger Rows: 133
