2018-05-01 00:02:35	Initialized. Chain height: -1, Txs: 0
2018-05-01 00:02:35	Entity (00000101, 0000000000000000000000000000000000000000) added successfully
2018-05-01 00:02:35	Entity (00000201, 0000000000000000000000000000000000000000) added successfully
2018-05-01 00:02:35	Entity (00000102, 0000000000000000000000000000000000000000) added successfully
2018-05-01 00:02:35	Entity (00000202, 0000000000000000000000000000000000000000) added successfully
2018-05-01 00:02:35	Entity (00000103, 298ff35821da9a4c0eb499b46b6cde122ea5556e) added successfully
2018-05-01 00:02:35	Entity (00000203, 298ff35821da9a4c0eb499b46b6cde122ea5556e) added successfully
2018-05-01 00:02:35	Entity (00000105, 000000007f69938cd16f53bbdc2e73249c41176d) added successfully
2018-05-01 00:02:35	Entity (00000205, 000000007f69938cd16f53bbdc2e73249c41176d) added successfully
2018-05-01 00:02:35	Entity (00000106, 000000007f69938cd16f53bbdc2e73249c41176d) added successfully
2018-05-01 00:02:35	Entity (00000206, 000000007f69938cd16f53bbdc2e73249c41176d) added successfully
2018-05-01 00:02:35	Entity (00000107, 000000007f69938cd16f53bbdc2e73249c41176d) added successfully
2018-05-01 00:02:35	Entity (00000207, 000000007f69938cd16f53bbdc2e73249c41176d) added successfully
2018-05-01 00:02:35	NewBlock 0, Txs: 0, Rows: 0
2018-05-01 00:02:35	NewTx 2082e7dbac6db1260f533df7626a511a70bf11e93b7a49e4fe33a6d1929f1101, block 1, flags 00000006, import 0
2018-05-01 00:02:35	NewBlock 1, Txs: 1, Rows: 6
2018-05-01 00:02:35	NewBlock 2, Txs: 0, Rows: 0
2018-05-01 00:02:43	NewBlock 3, Txs: 0, Rows: 0
2018-05-01 00:03:00	NewBlock 4, Txs: 0, Rows: 0
2018-05-01 00:03:11	NewBlock 5, Txs: 0, Rows: 0
2018-05-01 00:03:31	NewBlock 6, Txs: 0, Rows: 0
2018-05-01 00:03:48	NewBlock 7, Txs: 0, Rows: 0
2018-05-01 00:04:03	NewBlock 8, Txs: 0, Rows: 0
2018-05-01 00:04:17	NewBlock 9, Txs: 0, Rows: 0
2018-05-01 00:04:38	NewBlock 10, Txs: 0, Rows: 0
2018-05-01 00:04:58	NewBlock 11, Txs: 0, Rows: 0
2018-05-01 00:05:17	NewBlock 12, Txs: 0, Rows: 0
2018-05-01 00:05:20	NewBlock 13, Txs: 0, Rows: 0
2018-05-01 00:05:40	NewBlock 14, Txs: 0, Rows: 0
2018-05-01 00:05:54	NewBlock 15, Txs: 0, Rows: 0
2018-05-01 00:06:06	NewBlock 16, Txs: 0, Rows: 0
2018-05-01 00:06:18	NewBlock 17, Txs: 0, Rows: 0
2018-05-01 00:06:30	NewBlock 18, Txs: 0, Rows: 0
2018-05-01 00:06:46	NewBlock 19, Txs: 0, Rows: 0
2018-05-01 00:07:05	NewBlock 20, Txs: 0, Rows: 0
2018-05-01 00:07:16	NewBlock 21, Txs: 0, Rows: 0
2018-05-01 00:07:32	NewBlock 22, Txs: 0, Rows: 0
2018-05-01 00:07:59	NewBlock 23, Txs: 0, Rows: 0
2018-05-01 00:08:05	NewBlock 24, Txs: 0, Rows: 0
2018-05-01 00:08:16	NewBlock 25, Txs: 0, Rows: 0
2018-05-01 00:08:28	NewBlock 26, Txs: 0, Rows: 0
2018-05-01 00:08:42	NewBlock 27, Txs: 0, Rows: 0
2018-05-01 00:09:01	NewBlock 28, Txs: 0, Rows: 0
2018-05-01 00:09:18	NewBlock 29, Txs: 0, Rows: 0
2018-05-01 00:09:34	NewBlock 30, Txs: 0, Rows: 0
2018-05-01 00:09:50	NewBlock 31, Txs: 0, Rows: 0
2018-05-01 00:10:05	NewBlock 32, Txs: 0, Rows: 0
2018-05-01 00:10:14	NewBlock 33, Txs: 0, Rows: 0
2018-05-01 00:10:41	Initialized. Chain height: 33, Txs: 1
2018-05-01 00:17:33	Initialized. Chain height: 33, Txs: 1
2018-05-01 00:17:41	NewBlock 34, Txs: 0, Rows: 0
2018-05-01 00:17:58	NewBlock 35, Txs: 0, Rows: 0
2018-05-01 00:18:09	NewBlock 36, Txs: 0, Rows: 0
2018-05-01 00:18:29	NewBlock 37, Txs: 0, Rows: 0
2018-05-01 00:19:15	Initialized. Chain height: 37, Txs: 1
2018-05-01 00:19:23	NewBlock 38, Txs: 0, Rows: 0
2018-05-01 00:19:40	NewBlock 39, Txs: 0, Rows: 0
2018-05-01 00:29:34	Initialized. Chain height: 39, Txs: 1
2018-05-01 00:29:42	NewBlock 40, Txs: 0, Rows: 0
2018-05-01 00:29:59	NewBlock 41, Txs: 0, Rows: 0
2018-05-01 00:30:10	NewBlock 42, Txs: 0, Rows: 0
2018-05-01 00:30:31	Initialized. Chain height: 42, Txs: 1
2018-05-01 00:30:39	NewBlock 43, Txs: 0, Rows: 0
2018-05-01 00:30:56	NewBlock 44, Txs: 0, Rows: 0
2018-05-01 00:31:07	NewBlock 45, Txs: 0, Rows: 0
2018-05-01 00:31:27	NewBlock 46, Txs: 0, Rows: 0
2018-05-01 00:31:44	NewBlock 47, Txs: 0, Rows: 0
2018-05-01 00:31:59	NewBlock 48, Txs: 0, Rows: 0
2018-05-01 00:32:13	NewBlock 49, Txs: 0, Rows: 0
2018-05-01 00:32:34	NewBlock 50, Txs: 0, Rows: 0
2018-05-01 00:32:54	NewBlock 51, Txs: 0, Rows: 0
2018-05-01 00:33:13	NewBlock 52, Txs: 0, Rows: 0
2018-05-01 00:33:24	NewBlock 53, Txs: 0, Rows: 0
2018-05-01 00:33:45	NewBlock 54, Txs: 0, Rows: 0
2018-05-01 00:33:57	NewBlock 55, Txs: 0, Rows: 0
2018-05-01 00:34:05	NewBlock 56, Txs: 0, Rows: 0
2018-05-01 00:34:17	NewBlock 57, Txs: 0, Rows: 0
2018-05-01 00:34:28	NewBlock 58, Txs: 0, Rows: 0
2018-05-01 00:34:45	NewBlock 59, Txs: 0, Rows: 0
2018-05-01 01:08:44	Initialized. Chain height: 59, Txs: 1
2018-05-01 01:28:32	Initialized. Chain height: 59, Txs: 1
2018-05-01 01:45:02	Initialized. Chain height: 59, Txs: 1
2018-05-01 01:52:50	Initialized. Chain height: 59, Txs: 1
