2018-05-01 00:17:33	Initialized: Admin count: 0, Miner count: 0, ledger rows: 1
2018-05-01 00:17:34	Grant: (00000000-0a5942b6-00000001-0a5942b6) (0--1, 1525148254), In consensus: 1, Admin count: 0, Miner count: 0
2018-05-01 00:17:34	Grant: (00000000-0a5942b6-00000002-0a5942b6) (0--1, 1525148254), In consensus: 1, Admin count: 0, Miner count: 0
2018-05-01 00:17:34	Grant: (00000000-0a5942b6-00000004-0a5942b6) (0--1, 1525148254), In consensus: 1, Admin count: 0, Miner count: 0
2018-05-01 00:17:34	Grant: (00000000-0a5942b6-00000020-0a5942b6) (0--1, 1525148254), In consensus: 1, Admin count: 0, Miner count: 0
2018-05-01 00:17:34	Grant: (00000000-0a5942b6-00000010-0a5942b6) (0--1, 1525148254), In consensus: 1, Admin count: 0, Miner count: 0
2018-05-01 00:17:34	Grant: (00000000-0a5942b6-00002000-0a5942b6) (0--1, 1525148254), In consensus: 1, Admin count: 0, Miner count: 0
2018-05-01 00:17:34	Grant: (00000000-0a5942b6-00000100-0a5942b6) (0--1, 1525148254), In consensus: 1, Admin count: 0, Miner count: 1
2018-05-01 00:17:34	Grant: (00000000-0a5942b6-00001000-0a5942b6) (0--1, 1525148254), In consensus: 1, Admin count: 1, Miner count: 1
2018-05-01 00:17:34	Grant: (1709c1f4-00000000-00000001-0a5942b6) (0--1, 0), In consensus: 1, Admin count: 1, Miner count: 1
2018-05-01 00:17:34	Grant: (1709c1f4-0a5942b6-00000008-0a5942b6) (0--1, 0), In consensus: 1, Admin count: 1, Miner count: 1
2018-05-01 00:17:34	Grant: (1709c1f4-0a5942b6-00002000-0a5942b6) (0--1, 0), In consensus: 1, Admin count: 1, Miner count: 1
2018-05-01 00:17:34	Grant: (1709c1f4-0a5942b6-00001000-0a5942b6) (0--1, 0), In consensus: 1, Admin count: 1, Miner count: 1
2018-05-01 00:17:34	Block commit:         0 (Hash: acab42e0, Miner: 0a5942b6), Admin count: 1, Miner count: 1, Ledger Rows: 15
2018-05-01 00:17:34	Block commit:         1 (Hash: 2e74e979, Miner: 0a5942b6), Admin count: 1, Miner count: 1, Ledger Rows: 17
2018-05-01 00:17:35	Block commit:         2 (Hash: 49333bbc, Miner: 0a5942b6), Admin count: 1, Miner count: 1, Ledger Rows: 19
2018-05-01 00:17:42	Block commit:         3 (Hash: 61f64706, Miner: 0a5942b6), Admin count: 1, Miner count: 1, Ledger Rows: 21
2018-05-01 00:17:59	Block commit:         4 (Hash: a1b97efc, Miner: 0a5942b6), Admin count: 1, Miner count: 1, Ledger Rows: 23
2018-05-01 00:18:10	Block commit:         5 (Hash: c943ccb9, Miner: 0a5942b6), Admin count: 1, Miner count: 1, Ledger Rows: 25
2018-05-01 00:18:31	Block commit:         6 (Hash: 43a704be, Miner: 0a5942b6), Admin count: 1, Miner count: 1, Ledger Rows: 27
2018-05-01 00:19:15	Initialized: Admin count: 1, Miner count: 1, ledger rows: 27
2018-05-01 00:19:16	Block rollback:         6, Admin count: 1, Miner count: 1, Ledger Rows: 27
2018-05-01 00:19:23	Block commit:         7 (Hash: 7fec792d, Miner: 0a5942b6), Admin count: 1, Miner count: 1, Ledger Rows: 29
2018-05-01 00:19:40	Block commit:         8 (Hash: 22bc8d11, Miner: 0a5942b6), Admin count: 1, Miner count: 1, Ledger Rows: 31
2018-05-01 00:29:35	Initialized: Admin count: 1, Miner count: 1, ledger rows: 31
2018-05-01 00:29:35	Block rollback:         8, Admin count: 1, Miner count: 1, Ledger Rows: 31
2018-05-01 00:29:43	Block commit:         9 (Hash: 2863094d, Miner: 0a5942b6), Admin count: 1, Miner count: 1, Ledger Rows: 33
2018-05-01 00:30:00	Block commit:        10 (Hash: 433c0113, Miner: 0a5942b6), Admin count: 1, Miner count: 1, Ledger Rows: 35
2018-05-01 00:30:11	Block commit:        11 (Hash: 5e17961e, Miner: 0a5942b6), Admin count: 1, Miner count: 1, Ledger Rows: 37
2018-05-01 00:30:31	Initialized: Admin count: 1, Miner count: 1, ledger rows: 37
2018-05-01 00:30:32	Block rollback:        11, Admin count: 1, Miner count: 1, Ledger Rows: 37
2018-05-01 00:30:40	Block commit:        12 (Hash: c2fe8d0b, Miner: 0a5942b6), Admin count: 1, Miner count: 1, Ledger Rows: 39
2018-05-01 00:30:56	Block commit:        13 (Hash: 48e8bca7, Miner: 0a5942b6), Admin count: 1, Miner count: 1, Ledger Rows: 41
2018-05-01 00:31:08	Block commit:        14 (Hash: 3c2e4790, Miner: 0a5942b6), Admin count: 1, Miner count: 1, Ledger Rows: 43
2018-05-01 00:31:28	Block commit:        15 (Hash: caf6f3ba, Miner: 0a5942b6), Admin count: 1, Miner count: 1, Ledger Rows: 45
2018-05-01 00:31:44	Block commit:        16 (Hash: 2163c95e, Miner: 0a5942b6), Admin count: 1, Miner count: 1, Ledger Rows: 47
2018-05-01 00:32:00	Block commit:        17 (Hash: 3753f02e, Miner: 0a5942b6), Admin count: 1, Miner count: 1, Ledger Rows: 49
2018-05-01 00:32:13	Block commit:        18 (Hash: 3acbcc21, Miner: 0a5942b6), Admin count: 1, Miner count: 1, Ledger Rows: 51
2018-05-01 00:32:35	Block commit:        19 (Hash: d6606db9, Miner: 0a5942b6), Admin count: 1, Miner count: 1, Ledger Rows: 53
2018-05-01 00:32:55	Block commit:        20 (Hash: 0b6e8079, Miner: 0a5942b6), Admin count: 1, Miner count: 1, Ledger Rows: 55
2018-05-01 00:33:14	Block commit:        21 (Hash: ca8a753f, Miner: 0a5942b6), Admin count: 1, Miner count: 1, Ledger Rows: 57
2018-05-01 00:33:25	Block commit:        22 (Hash: a3b1096e, Miner: 0a5942b6), Admin count: 1, Miner count: 1, Ledger Rows: 59
2018-05-01 00:33:46	Block commit:        23 (Hash: 08acd51d, Miner: 0a5942b6), Admin count: 1, Miner count: 1, Ledger Rows: 61
2018-05-01 00:33:57	Block commit:        24 (Hash: 77b9f9e2, Miner: 0a5942b6), Admin count: 1, Miner count: 1, Ledger Rows: 63
2018-05-01 00:34:05	Block commit:        25 (Hash: a26476d6, Miner: 0a5942b6), Admin count: 1, Miner count: 1, Ledger Rows: 65
2018-05-01 00:34:17	Block commit:        26 (Hash: e5fe3932, Miner: 0a5942b6), Admin count: 1, Miner count: 1, Ledger Rows: 67
2018-05-01 00:34:29	Block commit:        27 (Hash: 1e42734c, Miner: 0a5942b6), Admin count: 1, Miner count: 1, Ledger Rows: 69
2018-05-01 00:34:45	Block commit:        28 (Hash: 12b87ad8, Miner: 0a5942b6), Admin count: 1, Miner count: 1, Ledger Rows: 71
2018-05-01 00:35:04	Block commit:        29 (Hash: ad70a3e8, Miner: 0a5942b6), Admin count: 1, Miner count: 1, Ledger Rows: 73
2018-05-01 00:35:16	Block commit:        30 (Hash: 5b8c5d8e, Miner: 0a5942b6), Admin count: 1, Miner count: 1, Ledger Rows: 75
2018-05-01 00:35:32	Block commit:        31 (Hash: ac4c64fc, Miner: 0a5942b6), Admin count: 1, Miner count: 1, Ledger Rows: 77
2018-05-01 00:35:59	Block commit:        32 (Hash: 8f1ce57a, Miner: 0a5942b6), Admin count: 1, Miner count: 1, Ledger Rows: 79
2018-05-01 00:36:06	Block commit:        33 (Hash: 8b603d34, Miner: 0a5942b6), Admin count: 1, Miner count: 1, Ledger Rows: 81
2018-05-01 00:36:15	Block commit:        34 (Hash: 57829a69, Miner: 0a5942b6), Admin count: 1, Miner count: 1, Ledger Rows: 83
2018-05-01 00:36:29	Block commit:        35 (Hash: c39ddadb, Miner: 0a5942b6), Admin count: 1, Miner count: 1, Ledger Rows: 85
2018-05-01 00:36:42	Block commit:        36 (Hash: b1c6b056, Miner: 0a5942b6), Admin count: 1, Miner count: 1, Ledger Rows: 87
2018-05-01 00:37:01	Block commit:        37 (Hash: f9d73f68, Miner: 0a5942b6), Admin count: 1, Miner count: 1, Ledger Rows: 89
2018-05-01 00:37:18	Block commit:        38 (Hash: 5c5b1a26, Miner: 0a5942b6), Admin count: 1, Miner count: 1, Ledger Rows: 91
2018-05-01 00:37:34	Block commit:        39 (Hash: 82a9b060, Miner: 0a5942b6), Admin count: 1, Miner count: 1, Ledger Rows: 93
2018-05-01 00:37:50	Block commit:        40 (Hash: c41786d5, Miner: 0a5942b6), Admin count: 1, Miner count: 1, Ledger Rows: 95
2018-05-01 00:38:05	Block commit:        41 (Hash: e69cfddf, Miner: 0a5942b6), Admin count: 1, Miner count: 1, Ledger Rows: 97
2018-05-01 01:08:45	Initialized: Admin count: 1, Miner count: 1, ledger rows: 97
2018-05-01 01:08:46	Block rollback:        41, Admin count: 1, Miner count: 1, Ledger Rows: 97
2018-05-01 01:08:53	Block commit:        42 (Hash: 3b8a6fbf, Miner: 0a5942b6), Admin count: 1, Miner count: 1, Ledger Rows: 99
2018-05-01 01:09:10	Block commit:        43 (Hash: 39049ea2, Miner: 0a5942b6), Admin count: 1, Miner count: 1, Ledger Rows: 101
2018-05-01 01:09:21	Block commit:        44 (Hash: fd827c59, Miner: 0a5942b6), Admin count: 1, Miner count: 1, Ledger Rows: 103
2018-05-01 01:09:41	Block commit:        45 (Hash: 013a02db, Miner: 0a5942b6), Admin count: 1, Miner count: 1, Ledger Rows: 105
2018-05-01 01:09:58	Block commit:        46 (Hash: 2b35c5b1, Miner: 0a5942b6), Admin count: 1, Miner count: 1, Ledger Rows: 107
2018-05-01 01:10:13	Block commit:        47 (Hash: 87634a63, Miner: 0a5942b6), Admin count: 1, Miner count: 1, Ledger Rows: 109
2018-05-01 01:10:26	Block commit:        48 (Hash: d0831a3a, Miner: 0a5942b6), Admin count: 1, Miner count: 1, Ledger Rows: 111
2018-05-01 01:10:47	Block commit:        49 (Hash: c38c3091, Miner: 0a5942b6), Admin count: 1, Miner count: 1, Ledger Rows: 113
2018-05-01 01:11:07	Block commit:        50 (Hash: 8d7a8dfe, Miner: 0a5942b6), Admin count: 1, Miner count: 1, Ledger Rows: 115
2018-05-01 01:11:26	Block commit:        51 (Hash: b3ad0412, Miner: 0a5942b6), Admin count: 1, Miner count: 1, Ledger Rows: 117
2018-05-01 01:11:37	Block commit:        52 (Hash: 60b096f6, Miner: 0a5942b6), Admin count: 1, Miner count: 1, Ledger Rows: 119
2018-05-01 01:11:58	Block commit:        53 (Hash: 594068a4, Miner: 0a5942b6), Admin count: 1, Miner count: 1, Ledger Rows: 121
2018-05-01 01:12:09	Block commit:        54 (Hash: ea5884a5, Miner: 0a5942b6), Admin count: 1, Miner count: 1, Ledger Rows: 123
2018-05-01 01:12:18	Block commit:        55 (Hash: 1b4ba0b3, Miner: 0a5942b6), Admin count: 1, Miner count: 1, Ledger Rows: 125
2018-05-01 01:12:30	Block commit:        56 (Hash: d7c17b6e, Miner: 0a5942b6), Admin count: 1, Miner count: 1, Ledger Rows: 127
2018-05-01 01:12:41	Block commit:        57 (Hash: 50a63a0a, Miner: 0a5942b6), Admin count: 1, Miner count: 1, Ledger Rows: 129
2018-05-01 01:12:58	Block commit:        58 (Hash: aac6d861, Miner: 0a5942b6), Admin count: 1, Miner count: 1, Ledger Rows: 131
2018-05-01 01:13:17	Block commit:        59 (Hash: dd9319c3, Miner: 0a5942b6), Admin count: 1, Miner count: 1, Ledger Rows: 133
2018-05-01 01:28:32	Initialized: Admin count: 1, Miner count: 1, ledger rows: 133
2018-05-01 01:28:33	Block rollback:        59, Admin count: 1, Miner count: 1, Ledger Rows: 133
2018-05-01 01:52:51	Initialized: Admin count: 1, Miner count: 1, ledger rows: 133
2018-05-01 01:52:52	Block rollback:        59, Admin count: 1, Miner count: 1, Ledger Rows: 133
