2018-05-01 04:17:33 



















2018-05-01 04:17:33 MultiChain version build 1.0.4 protocol 10010 (May  1 2017, 09:50:11)
2018-05-01 04:17:33 Using OpenSSL version OpenSSL 1.0.1k 8 Jan 2015
2018-05-01 04:17:33 Using BerkeleyDB version Berkeley DB 4.8.30: (April  9, 2010)
2018-05-01 04:17:33 Default data directory C:\Users\Tejpal\AppData\Roaming\MultiChain\corp2
2018-05-01 04:17:33 Using data directory C:\Users\Tejpal\AppData\Roaming\MultiChain\corp2
2018-05-01 04:17:33 Using config file C:\Users\Tejpal\AppData\Roaming\MultiChain\corp2\corp2.conf
2018-05-01 04:17:33 Using at most 125 connections (2048 file descriptors available)
2018-05-01 04:17:33 Using 8 threads for script verification
2018-05-01 04:17:33 Using wallet wallet.dat
2018-05-01 04:17:33 init message: Verifying wallet...
2018-05-01 04:17:33 CDBEnv::Open : LogDir=C:\Users\Tejpal\AppData\Roaming\MultiChain\corp2\database ErrorFile=C:\Users\Tejpal\AppData\Roaming\MultiChain\corp2\db.log
2018-05-01 04:17:33 init message: Initializing multichain...
2018-05-01 04:17:33 nFileVersion = 100000
2018-05-01 04:17:33 Keys: 0 plaintext, 0 encrypted, 0 w/ metadata, 0 total
2018-05-01 04:17:33 mchn: Default key is not found - creating new... 
2018-05-01 04:17:34 keypool added key 1, size=1
2018-05-01 04:17:34 keypool added key 2, size=2
2018-05-01 04:17:34 mchn: Parameter set is new, THIS IS GENESIS NODE - looking for genesis block...
2018-05-01 04:17:34 mchn: Genesis block found
2018-05-01 04:17:34 mchn: Parameter set is valid - initializing blockchain parameters...
2018-05-01 04:17:34 Wallet mode: 00000003
2018-05-01 04:17:34 Node paused state is set to 00000000
2018-05-01 04:17:34 Binding RPC on address ::1 port 6494 (IPv4+IPv6 bind any: 0)
2018-05-01 04:17:34 Binding RPC on address 127.0.0.1 port 6494 (IPv4+IPv6 bind any: 0)
2018-05-01 04:17:34 Bound to [::]:6495
2018-05-01 04:17:34 Bound to 0.0.0.0:6495
2018-05-01 04:17:34 Setting banned transaction list:    0 transactions
2018-05-01 04:17:34 init message: Loading block index...
2018-05-01 04:17:34 Opening LevelDB in C:\Users\Tejpal\AppData\Roaming\MultiChain\corp2\blocks\index
2018-05-01 04:17:34 Opened LevelDB successfully
2018-05-01 04:17:34 Opening LevelDB in C:\Users\Tejpal\AppData\Roaming\MultiChain\corp2\chainstate
2018-05-01 04:17:34 Opened LevelDB successfully
2018-05-01 04:17:34 nFileVersion = 100000
2018-05-01 04:17:34 Keys: 2 plaintext, 0 encrypted, 2 w/ metadata, 2 total
2018-05-01 04:17:34 LoadBlockIndexDB: last block file = 0
2018-05-01 04:17:34 LoadBlockIndexDB: last block file info: CBlockFileInfo(blocks=0, size=0, heights=0...0, time=1970-01-01...1970-01-01)
2018-05-01 04:17:34 Checking all blk files are present...
2018-05-01 04:17:34 LoadBlockIndexDB(): transaction index disabled
2018-05-01 04:17:34 Initializing databases...
2018-05-01 04:17:34 Pre-allocating up to position 0x1000000 in blk00000.dat
2018-05-01 04:17:34 New stream. TxID: c9b665e6183869534357ea94957a96d4db72afe0e12d9f3a94d24c280e2eb2ce, StreamRef: 0-81-45774, Name: root
2018-05-01 04:17:34 UpdateTip:            new best=00b37e1eb3874f28d5b23fa448571273b5af1ff91d40dab53f70f19e5d253b0e  height=0  log2_work=8  tx=1  date=2018-05-01 04:17:34 progress=1.000000  cache=0
2018-05-01 04:17:34 init message: Verifying blocks...
2018-05-01 04:17:34  block index             347ms
2018-05-01 04:17:34 MultiChain protocol version: 10010
2018-05-01 04:17:34 init message: Loading wallet...
2018-05-01 04:17:34 nFileVersion = 100000
2018-05-01 04:17:34 Keys: 2 plaintext, 0 encrypted, 2 w/ metadata, 2 total
2018-05-01 04:17:34  wallet                    0ms
2018-05-01 04:17:34 mapBlockIndex.size() = 1
2018-05-01 04:17:34 nBestHeight = 0
2018-05-01 04:17:34 setKeyPool.size() = 1
2018-05-01 04:17:34 oldWallet.size() = 0
2018-05-01 04:17:34 mapWallet.size() = 0
2018-05-01 04:17:34 mapAddressBook.size() = 1
2018-05-01 04:17:34 init message: Loading addresses...
2018-05-01 04:17:34 ERROR: Read : Failed to open file C:\Users\Tejpal\AppData\Roaming\MultiChain\corp2\peers.dat
2018-05-01 04:17:34 Invalid or missing peers.dat; recreating
2018-05-01 04:17:34 Loaded 0 addresses from peers.dat  0ms
2018-05-01 04:17:34 AddLocal([fe80::c9d:13a8:9c01:cd44]:6495,1)
2018-05-01 04:17:34 Discover: Tejpal-Nitro - fe80::c9d:13a8:9c01:cd44
2018-05-01 04:17:34 AddLocal(192.168.0.21:6495,1)
2018-05-01 04:17:34 Discover: Tejpal-Nitro - 192.168.0.21
2018-05-01 04:17:34 AddLocal([2001:0:5ef5:79fb:c9d:13a8:9c01:cd44]:6495,1)
2018-05-01 04:17:34 Discover: Tejpal-Nitro - 2001:0:5ef5:79fb:c9d:13a8:9c01:cd44
2018-05-01 04:17:34 init message: Done loading
2018-05-01 04:17:34 addcon thread start
2018-05-01 04:17:34 MultiChainMiner started
2018-05-01 04:17:34 opencon thread start
2018-05-01 04:17:34 dnsseed thread start
2018-05-01 04:17:34 Loading addresses from DNS seeds (could take a while)
2018-05-01 04:17:34 msghand thread start
2018-05-01 04:17:34 net thread start
2018-05-01 04:17:34 MultiChainMiner: Block Found - 00934cdd140dbe74f1ca0a2f7ee15192bf3202c65b1b1603fab13403c324169a, prev: 00b37e1eb3874f28d5b23fa448571273b5af1ff91d40dab53f70f19e5d253b0e, height: 1, txs: 1
2018-05-01 04:17:34 0 addresses found from DNS seeds
2018-05-01 04:17:34 dumpaddr thread start
2018-05-01 04:17:34 dnsseed thread exit
2018-05-01 04:17:34 Node started
2018-05-01 04:17:34 Pre-allocating up to position 0x100000 in rev00000.dat
2018-05-01 04:17:34 UpdateTip:            new best=00934cdd140dbe74f1ca0a2f7ee15192bf3202c65b1b1603fab13403c324169a  height=1  log2_work=9  tx=2  date=2018-05-01 04:17:35 progress=1.000000  cache=0
2018-05-01 04:17:34 MultiChainMiner: Block Found - 0072e1585be7f15db592b3391b23d0260a91331ed5ac9a877739321ba02b859a, prev: 00934cdd140dbe74f1ca0a2f7ee15192bf3202c65b1b1603fab13403c324169a, height: 2, txs: 1
2018-05-01 04:17:34 UpdateTip:            new best=0072e1585be7f15db592b3391b23d0260a91331ed5ac9a877739321ba02b859a  height=2  log2_work=9.5849625  tx=3  date=2018-05-01 04:17:36 progress=1.000000  cache=0
2018-05-01 04:17:42 MultiChainMiner: Block Found - 00b8c44677d15a285784734eb2433ad368e61bb43d96dbb0e6a002225a006dcd, prev: 0072e1585be7f15db592b3391b23d0260a91331ed5ac9a877739321ba02b859a, height: 3, txs: 1
2018-05-01 04:17:42 UpdateTip:            new best=00b8c44677d15a285784734eb2433ad368e61bb43d96dbb0e6a002225a006dcd  height=3  log2_work=10  tx=4  date=2018-05-01 04:17:42 progress=1.000000  cache=0
2018-05-01 04:17:59 MultiChainMiner: Block Found - 00cf86cfafe8d20004331e6e5c17e2b758968fcb7f6e9ed48d7a896663f549d3, prev: 00b8c44677d15a285784734eb2433ad368e61bb43d96dbb0e6a002225a006dcd, height: 4, txs: 1
2018-05-01 04:17:59 UpdateTip:            new best=00cf86cfafe8d20004331e6e5c17e2b758968fcb7f6e9ed48d7a896663f549d3  height=4  log2_work=10.321928  tx=5  date=2018-05-01 04:17:59 progress=1.000000  cache=0
2018-05-01 04:18:10 MultiChainMiner: Block Found - 00334f088eb989043603f3d2ab4fd547fe5e1d957d4bc4d7bf19b6c8651f7790, prev: 00cf86cfafe8d20004331e6e5c17e2b758968fcb7f6e9ed48d7a896663f549d3, height: 5, txs: 1
2018-05-01 04:18:10 UpdateTip:            new best=00334f088eb989043603f3d2ab4fd547fe5e1d957d4bc4d7bf19b6c8651f7790  height=5  log2_work=10.584963  tx=6  date=2018-05-01 04:18:10 progress=1.000000  cache=0
2018-05-01 04:18:30 MultiChainMiner: Block Found - 000bd9d82ea8d5869ace6d758ecc996e3e3101eb388899230067627651b3a296, prev: 00334f088eb989043603f3d2ab4fd547fe5e1d957d4bc4d7bf19b6c8651f7790, height: 6, txs: 1
2018-05-01 04:18:30 UpdateTip:            new best=000bd9d82ea8d5869ace6d758ecc996e3e3101eb388899230067627651b3a296  height=6  log2_work=10.807355  tx=7  date=2018-05-01 04:18:30 progress=1.000000  cache=0
2018-05-01 04:18:35 Adding fixed seed nodes as DNS doesn't seem to be available.
2018-05-01 04:18:42 dumpaddr thread stop
2018-05-01 04:18:42 opencon thread interrupt
2018-05-01 04:18:42 addcon thread interrupt
2018-05-01 04:18:42 msghand thread interrupt
2018-05-01 04:18:42 net thread interrupt
2018-05-01 04:18:42 Shutdown: In progress...
2018-05-01 04:18:42 RPCAcceptHandler: Error: The I/O operation has been aborted because of either a thread exit or an application request
2018-05-01 04:18:42 RPCAcceptHandler: Error: The I/O operation has been aborted because of either a thread exit or an application request
2018-05-01 04:18:43 MultiChainMiner terminated
2018-05-01 04:18:43 StopNode()
2018-05-01 04:18:43 Node stopped
2018-05-01 04:18:43 Shutdown: done
2018-05-01 04:19:15 



















2018-05-01 04:19:15 MultiChain version build 1.0.4 protocol 10010 (May  1 2017, 09:50:11)
2018-05-01 04:19:15 Using OpenSSL version OpenSSL 1.0.1k 8 Jan 2015
2018-05-01 04:19:15 Using BerkeleyDB version Berkeley DB 4.8.30: (April  9, 2010)
2018-05-01 04:19:15 Default data directory C:\Users\Tejpal\AppData\Roaming\MultiChain\corp2
2018-05-01 04:19:15 Using data directory C:\Users\Tejpal\AppData\Roaming\MultiChain\corp2
2018-05-01 04:19:15 Using config file C:\Users\Tejpal\AppData\Roaming\MultiChain\corp2\corp2.conf
2018-05-01 04:19:15 Using at most 125 connections (2048 file descriptors available)
2018-05-01 04:19:15 Using 8 threads for script verification
2018-05-01 04:19:15 Using wallet wallet.dat
2018-05-01 04:19:15 init message: Verifying wallet...
2018-05-01 04:19:15 CDBEnv::Open : LogDir=C:\Users\Tejpal\AppData\Roaming\MultiChain\corp2\database ErrorFile=C:\Users\Tejpal\AppData\Roaming\MultiChain\corp2\db.log
2018-05-01 04:19:15 init message: Initializing multichain...
2018-05-01 04:19:15 mchn: Parameter set is valid - initializing blockchain parameters...
2018-05-01 04:19:15 Wallet mode: 00000003
2018-05-01 04:19:15 nFileVersion = 100000
2018-05-01 04:19:15 Keys: 2 plaintext, 0 encrypted, 2 w/ metadata, 2 total
2018-05-01 04:19:15 Node paused state is set to 00000000
2018-05-01 04:19:15 Binding RPC on address ::1 port 6494 (IPv4+IPv6 bind any: 0)
2018-05-01 04:19:15 Binding RPC on address 127.0.0.1 port 6494 (IPv4+IPv6 bind any: 0)
2018-05-01 04:19:15 Bound to [::]:6495
2018-05-01 04:19:15 Bound to 0.0.0.0:6495
2018-05-01 04:19:15 Setting banned transaction list:    0 transactions
2018-05-01 04:19:15 init message: Loading block index...
2018-05-01 04:19:15 Opening LevelDB in C:\Users\Tejpal\AppData\Roaming\MultiChain\corp2\blocks\index
2018-05-01 04:19:15 Opened LevelDB successfully
2018-05-01 04:19:15 Opening LevelDB in C:\Users\Tejpal\AppData\Roaming\MultiChain\corp2\chainstate
2018-05-01 04:19:15 Opened LevelDB successfully
2018-05-01 04:19:15 nFileVersion = 100000
2018-05-01 04:19:15 Keys: 2 plaintext, 0 encrypted, 2 w/ metadata, 2 total
2018-05-01 04:19:15 LoadBlockIndexDB: last block file = 0
2018-05-01 04:19:15 LoadBlockIndexDB: last block file info: CBlockFileInfo(blocks=7, size=1917, heights=0...6, time=2018-05-01...2018-05-01)
2018-05-01 04:19:15 Checking all blk files are present...
2018-05-01 04:19:15 LoadBlockIndexDB(): transaction index enabled
2018-05-01 04:19:15 LoadBlockIndexDB(): hashBestChain=000bd9d82ea8d5869ace6d758ecc996e3e3101eb388899230067627651b3a296 height=6 date=2018-05-01 04:18:30 progress=1.000000
2018-05-01 04:19:15 init message: Verifying blocks...
2018-05-01 04:19:15 Verifying last 6 blocks at level 3
2018-05-01 04:19:15 No coin database inconsistencies in last 6 blocks (6 transactions)
2018-05-01 04:19:15  block index              87ms
2018-05-01 04:19:15 MultiChain protocol version: 10010
2018-05-01 04:19:15 init message: Loading wallet...
2018-05-01 04:19:15 nFileVersion = 100000
2018-05-01 04:19:15 Keys: 2 plaintext, 0 encrypted, 2 w/ metadata, 2 total
2018-05-01 04:19:15  wallet                    0ms
2018-05-01 04:19:15 mapBlockIndex.size() = 7
2018-05-01 04:19:15 nBestHeight = 6
2018-05-01 04:19:15 setKeyPool.size() = 1
2018-05-01 04:19:15 oldWallet.size() = 0
2018-05-01 04:19:15 mapWallet.size() = 1
2018-05-01 04:19:15 mapAddressBook.size() = 1
2018-05-01 04:19:15 init message: Loading addresses...
2018-05-01 04:19:15 Loaded 0 addresses from peers.dat  0ms
2018-05-01 04:19:15 AddLocal([fe80::c9d:13a8:9c01:cd44]:6495,1)
2018-05-01 04:19:15 Discover: Tejpal-Nitro - fe80::c9d:13a8:9c01:cd44
2018-05-01 04:19:15 AddLocal(192.168.0.21:6495,1)
2018-05-01 04:19:15 Discover: Tejpal-Nitro - 192.168.0.21
2018-05-01 04:19:15 AddLocal([2001:0:5ef5:79fb:c9d:13a8:9c01:cd44]:6495,1)
2018-05-01 04:19:15 Discover: Tejpal-Nitro - 2001:0:5ef5:79fb:c9d:13a8:9c01:cd44
2018-05-01 04:19:15 init message: Done loading
2018-05-01 04:19:15 addcon thread start
2018-05-01 04:19:15 opencon thread start
2018-05-01 04:19:15 MultiChainMiner started
2018-05-01 04:19:15 dnsseed thread start
2018-05-01 04:19:15 net thread start
2018-05-01 04:19:15 msghand thread start
2018-05-01 04:19:15 dumpaddr thread start
2018-05-01 04:19:15 Loading addresses from DNS seeds (could take a while)
2018-05-01 04:19:15 0 addresses found from DNS seeds
2018-05-01 04:19:15 dnsseed thread exit
2018-05-01 04:19:15 Node started
2018-05-01 04:19:23 MultiChainMiner: Block Found - 0013db10dfd8897a91b842b45cfeb643acde5d4720fa61c70181c75a5efa47b7, prev: 000bd9d82ea8d5869ace6d758ecc996e3e3101eb388899230067627651b3a296, height: 7, txs: 1
2018-05-01 04:19:23 UpdateTip:            new best=0013db10dfd8897a91b842b45cfeb643acde5d4720fa61c70181c75a5efa47b7  height=7  log2_work=11  tx=8  date=2018-05-01 04:19:23 progress=1.000000  cache=0
2018-05-01 04:19:40 MultiChainMiner: Block Found - 009f80e9952dce35af9962c8d2ff75c271362cbe8fc2c661c9200098e30ccf00, prev: 0013db10dfd8897a91b842b45cfeb643acde5d4720fa61c70181c75a5efa47b7, height: 8, txs: 1
2018-05-01 04:19:40 UpdateTip:            new best=009f80e9952dce35af9962c8d2ff75c271362cbe8fc2c661c9200098e30ccf00  height=8  log2_work=11.169925  tx=9  date=2018-05-01 04:19:40 progress=1.000000  cache=0
2018-05-01 04:19:49 dumpaddr thread stop
2018-05-01 04:19:49 opencon thread interrupt
2018-05-01 04:19:49 msghand thread interrupt
2018-05-01 04:19:49 addcon thread interrupt
2018-05-01 04:19:49 net thread interrupt
2018-05-01 04:19:49 Shutdown: In progress...
2018-05-01 04:19:49 RPCAcceptHandler: Error: The I/O operation has been aborted because of either a thread exit or an application request
2018-05-01 04:19:49 RPCAcceptHandler: Error: The I/O operation has been aborted because of either a thread exit or an application request
2018-05-01 04:19:50 MultiChainMiner terminated
2018-05-01 04:19:50 StopNode()
2018-05-01 04:19:50 Node stopped
2018-05-01 04:19:50 Shutdown: done
2018-05-01 04:29:35 



















2018-05-01 04:29:35 MultiChain version build 1.0.4 protocol 10010 (May  1 2017, 09:50:11)
2018-05-01 04:29:35 Using OpenSSL version OpenSSL 1.0.1k 8 Jan 2015
2018-05-01 04:29:35 Using BerkeleyDB version Berkeley DB 4.8.30: (April  9, 2010)
2018-05-01 04:29:35 Default data directory C:\Users\Tejpal\AppData\Roaming\MultiChain\corp2
2018-05-01 04:29:35 Using data directory C:\Users\Tejpal\AppData\Roaming\MultiChain\corp2
2018-05-01 04:29:35 Using config file C:\Users\Tejpal\AppData\Roaming\MultiChain\corp2\corp2.conf
2018-05-01 04:29:35 Using at most 125 connections (2048 file descriptors available)
2018-05-01 04:29:35 Using 8 threads for script verification
2018-05-01 04:29:35 Using wallet wallet.dat
2018-05-01 04:29:35 init message: Verifying wallet...
2018-05-01 04:29:35 CDBEnv::Open : LogDir=C:\Users\Tejpal\AppData\Roaming\MultiChain\corp2\database ErrorFile=C:\Users\Tejpal\AppData\Roaming\MultiChain\corp2\db.log
2018-05-01 04:29:35 init message: Initializing multichain...
2018-05-01 04:29:35 mchn: Parameter set is valid - initializing blockchain parameters...
2018-05-01 04:29:35 Wallet mode: 00000003
2018-05-01 04:29:35 nFileVersion = 100000
2018-05-01 04:29:35 Keys: 2 plaintext, 0 encrypted, 2 w/ metadata, 2 total
2018-05-01 04:29:35 Node paused state is set to 00000000
2018-05-01 04:29:35 Binding RPC on address ::1 port 6494 (IPv4+IPv6 bind any: 0)
2018-05-01 04:29:35 Binding RPC on address 127.0.0.1 port 6494 (IPv4+IPv6 bind any: 0)
2018-05-01 04:29:35 Bound to [::]:6495
2018-05-01 04:29:35 Bound to 0.0.0.0:6495
2018-05-01 04:29:35 Setting banned transaction list:    0 transactions
2018-05-01 04:29:35 init message: Loading block index...
2018-05-01 04:29:35 Opening LevelDB in C:\Users\Tejpal\AppData\Roaming\MultiChain\corp2\blocks\index
2018-05-01 04:29:35 Opened LevelDB successfully
2018-05-01 04:29:35 Opening LevelDB in C:\Users\Tejpal\AppData\Roaming\MultiChain\corp2\chainstate
2018-05-01 04:29:35 Opened LevelDB successfully
2018-05-01 04:29:35 nFileVersion = 100000
2018-05-01 04:29:35 Keys: 2 plaintext, 0 encrypted, 2 w/ metadata, 2 total
2018-05-01 04:29:35 LoadBlockIndexDB: last block file = 0
2018-05-01 04:29:35 LoadBlockIndexDB: last block file info: CBlockFileInfo(blocks=9, size=2463, heights=0...8, time=2018-05-01...2018-05-01)
2018-05-01 04:29:35 Checking all blk files are present...
2018-05-01 04:29:35 LoadBlockIndexDB(): transaction index enabled
2018-05-01 04:29:35 LoadBlockIndexDB(): hashBestChain=009f80e9952dce35af9962c8d2ff75c271362cbe8fc2c661c9200098e30ccf00 height=8 date=2018-05-01 04:19:40 progress=1.000000
2018-05-01 04:29:35 init message: Verifying blocks...
2018-05-01 04:29:35 Verifying last 8 blocks at level 3
2018-05-01 04:29:35 No coin database inconsistencies in last 8 blocks (8 transactions)
2018-05-01 04:29:35  block index             148ms
2018-05-01 04:29:35 MultiChain protocol version: 10010
2018-05-01 04:29:35 init message: Loading wallet...
2018-05-01 04:29:35 nFileVersion = 100000
2018-05-01 04:29:35 Keys: 2 plaintext, 0 encrypted, 2 w/ metadata, 2 total
2018-05-01 04:29:35  wallet                    0ms
2018-05-01 04:29:35 mapBlockIndex.size() = 9
2018-05-01 04:29:35 nBestHeight = 8
2018-05-01 04:29:35 setKeyPool.size() = 1
2018-05-01 04:29:35 oldWallet.size() = 0
2018-05-01 04:29:35 mapWallet.size() = 1
2018-05-01 04:29:35 mapAddressBook.size() = 1
2018-05-01 04:29:35 init message: Loading addresses...
2018-05-01 04:29:35 Loaded 0 addresses from peers.dat  0ms
2018-05-01 04:29:35 AddLocal([fe80::c9d:13a8:9c01:cd44]:6495,1)
2018-05-01 04:29:35 Discover: Tejpal-Nitro - fe80::c9d:13a8:9c01:cd44
2018-05-01 04:29:35 AddLocal(192.168.0.21:6495,1)
2018-05-01 04:29:35 Discover: Tejpal-Nitro - 192.168.0.21
2018-05-01 04:29:35 AddLocal([2001:0:5ef5:79fb:c9d:13a8:9c01:cd44]:6495,1)
2018-05-01 04:29:35 Discover: Tejpal-Nitro - 2001:0:5ef5:79fb:c9d:13a8:9c01:cd44
2018-05-01 04:29:35 init message: Done loading
2018-05-01 04:29:35 opencon thread start
2018-05-01 04:29:35 addcon thread start
2018-05-01 04:29:35 MultiChainMiner started
2018-05-01 04:29:35 dnsseed thread start
2018-05-01 04:29:35 msghand thread start
2018-05-01 04:29:35 dumpaddr thread start
2018-05-01 04:29:35 Node started
2018-05-01 04:29:35 net thread start
2018-05-01 04:29:35 Loading addresses from DNS seeds (could take a while)
2018-05-01 04:29:35 0 addresses found from DNS seeds
2018-05-01 04:29:35 dnsseed thread exit
2018-05-01 04:29:43 MultiChainMiner: Block Found - 00ca10c584ced40d385216e93f6c3b029f911a4fe8654af42e1659819c86668e, prev: 009f80e9952dce35af9962c8d2ff75c271362cbe8fc2c661c9200098e30ccf00, height: 9, txs: 1
2018-05-01 04:29:43 UpdateTip:            new best=00ca10c584ced40d385216e93f6c3b029f911a4fe8654af42e1659819c86668e  height=9  log2_work=11.321928  tx=10  date=2018-05-01 04:29:43 progress=1.000000  cache=0
2018-05-01 04:30:00 MultiChainMiner: Block Found - 00fca175761674803c6b8c1b7999d2f80ad6fdbb92881b0529bc264b7f5eae00, prev: 00ca10c584ced40d385216e93f6c3b029f911a4fe8654af42e1659819c86668e, height: 10, txs: 1
2018-05-01 04:30:00 UpdateTip:            new best=00fca175761674803c6b8c1b7999d2f80ad6fdbb92881b0529bc264b7f5eae00  height=10  log2_work=11.459432  tx=11  date=2018-05-01 04:30:00 progress=1.000000  cache=0
2018-05-01 04:30:11 MultiChainMiner: Block Found - 003d40e0cab180db11dacc097273c124de91598b257de8d83af67e85c0a86b05, prev: 00fca175761674803c6b8c1b7999d2f80ad6fdbb92881b0529bc264b7f5eae00, height: 11, txs: 1
2018-05-01 04:30:11 UpdateTip:            new best=003d40e0cab180db11dacc097273c124de91598b257de8d83af67e85c0a86b05  height=11  log2_work=11.584963  tx=12  date=2018-05-01 04:30:11 progress=1.000000  cache=0
2018-05-01 04:30:12 dumpaddr thread stop
2018-05-01 04:30:12 addcon thread interrupt
2018-05-01 04:30:12 opencon thread interrupt
2018-05-01 04:30:12 msghand thread interrupt
2018-05-01 04:30:12 net thread interrupt
2018-05-01 04:30:12 Shutdown: In progress...
2018-05-01 04:30:12 RPCAcceptHandler: Error: The I/O operation has been aborted because of either a thread exit or an application request
2018-05-01 04:30:12 RPCAcceptHandler: Error: The I/O operation has been aborted because of either a thread exit or an application request
2018-05-01 04:30:12 MultiChainMiner terminated
2018-05-01 04:30:12 StopNode()
2018-05-01 04:30:12 Node stopped
2018-05-01 04:30:12 Shutdown: done
2018-05-01 04:30:31 



















2018-05-01 04:30:31 MultiChain version build 1.0.4 protocol 10010 (May  1 2017, 09:50:11)
2018-05-01 04:30:31 Using OpenSSL version OpenSSL 1.0.1k 8 Jan 2015
2018-05-01 04:30:31 Using BerkeleyDB version Berkeley DB 4.8.30: (April  9, 2010)
2018-05-01 04:30:31 Default data directory C:\Users\Tejpal\AppData\Roaming\MultiChain\corp2
2018-05-01 04:30:31 Using data directory C:\Users\Tejpal\AppData\Roaming\MultiChain\corp2
2018-05-01 04:30:31 Using config file C:\Users\Tejpal\AppData\Roaming\MultiChain\corp2\corp2.conf
2018-05-01 04:30:31 Using at most 125 connections (2048 file descriptors available)
2018-05-01 04:30:31 Using 8 threads for script verification
2018-05-01 04:30:31 Using wallet wallet.dat
2018-05-01 04:30:31 init message: Verifying wallet...
2018-05-01 04:30:31 CDBEnv::Open : LogDir=C:\Users\Tejpal\AppData\Roaming\MultiChain\corp2\database ErrorFile=C:\Users\Tejpal\AppData\Roaming\MultiChain\corp2\db.log
2018-05-01 04:30:31 init message: Initializing multichain...
2018-05-01 04:30:31 mchn: Parameter set is valid - initializing blockchain parameters...
2018-05-01 04:30:31 Wallet mode: 00000003
2018-05-01 04:30:31 nFileVersion = 100000
2018-05-01 04:30:31 Keys: 2 plaintext, 0 encrypted, 2 w/ metadata, 2 total
2018-05-01 04:30:32 Node paused state is set to 00000000
2018-05-01 04:30:32 Binding RPC on address ::1 port 6494 (IPv4+IPv6 bind any: 0)
2018-05-01 04:30:32 Binding RPC on address 127.0.0.1 port 6494 (IPv4+IPv6 bind any: 0)
2018-05-01 04:30:32 Bound to [::]:6495
2018-05-01 04:30:32 Bound to 0.0.0.0:6495
2018-05-01 04:30:32 Setting banned transaction list:    0 transactions
2018-05-01 04:30:32 init message: Loading block index...
2018-05-01 04:30:32 Opening LevelDB in C:\Users\Tejpal\AppData\Roaming\MultiChain\corp2\blocks\index
2018-05-01 04:30:32 Opened LevelDB successfully
2018-05-01 04:30:32 Opening LevelDB in C:\Users\Tejpal\AppData\Roaming\MultiChain\corp2\chainstate
2018-05-01 04:30:32 Opened LevelDB successfully
2018-05-01 04:30:32 nFileVersion = 100000
2018-05-01 04:30:32 Keys: 2 plaintext, 0 encrypted, 2 w/ metadata, 2 total
2018-05-01 04:30:32 LoadBlockIndexDB: last block file = 0
2018-05-01 04:30:32 LoadBlockIndexDB: last block file info: CBlockFileInfo(blocks=12, size=3280, heights=0...11, time=2018-05-01...2018-05-01)
2018-05-01 04:30:32 Checking all blk files are present...
2018-05-01 04:30:32 LoadBlockIndexDB(): transaction index enabled
2018-05-01 04:30:32 LoadBlockIndexDB(): hashBestChain=003d40e0cab180db11dacc097273c124de91598b257de8d83af67e85c0a86b05 height=11 date=2018-05-01 04:30:11 progress=1.000000
2018-05-01 04:30:32 init message: Verifying blocks...
2018-05-01 04:30:32 Verifying last 11 blocks at level 3
2018-05-01 04:30:32 No coin database inconsistencies in last 11 blocks (11 transactions)
2018-05-01 04:30:32  block index             196ms
2018-05-01 04:30:32 MultiChain protocol version: 10010
2018-05-01 04:30:32 init message: Loading wallet...
2018-05-01 04:30:32 nFileVersion = 100000
2018-05-01 04:30:32 Keys: 2 plaintext, 0 encrypted, 2 w/ metadata, 2 total
2018-05-01 04:30:32  wallet                    0ms
2018-05-01 04:30:32 mapBlockIndex.size() = 12
2018-05-01 04:30:32 nBestHeight = 11
2018-05-01 04:30:32 setKeyPool.size() = 1
2018-05-01 04:30:32 oldWallet.size() = 0
2018-05-01 04:30:32 mapWallet.size() = 1
2018-05-01 04:30:32 mapAddressBook.size() = 1
2018-05-01 04:30:32 init message: Loading addresses...
2018-05-01 04:30:32 Loaded 0 addresses from peers.dat  0ms
2018-05-01 04:30:32 AddLocal([fe80::c9d:13a8:9c01:cd44]:6495,1)
2018-05-01 04:30:32 Discover: Tejpal-Nitro - fe80::c9d:13a8:9c01:cd44
2018-05-01 04:30:32 AddLocal(192.168.0.21:6495,1)
2018-05-01 04:30:32 Discover: Tejpal-Nitro - 192.168.0.21
2018-05-01 04:30:32 AddLocal([2001:0:5ef5:79fb:c9d:13a8:9c01:cd44]:6495,1)
2018-05-01 04:30:32 Discover: Tejpal-Nitro - 2001:0:5ef5:79fb:c9d:13a8:9c01:cd44
2018-05-01 04:30:32 dnsseed thread start
2018-05-01 04:30:32 net thread start
2018-05-01 04:30:32 init message: Done loading
2018-05-01 04:30:32 addcon thread start
2018-05-01 04:30:32 opencon thread start
2018-05-01 04:30:32 Loading addresses from DNS seeds (could take a while)
2018-05-01 04:30:32 msghand thread start
2018-05-01 04:30:32 dumpaddr thread start
2018-05-01 04:30:32 MultiChainMiner started
2018-05-01 04:30:32 0 addresses found from DNS seeds
2018-05-01 04:30:32 dnsseed thread exit
2018-05-01 04:30:32 Node started
2018-05-01 04:30:40 MultiChainMiner: Block Found - 0035e6b197ed7ef3c451693a03ec12f3b24b45476671c3fe52c91ad2e530ff9e, prev: 003d40e0cab180db11dacc097273c124de91598b257de8d83af67e85c0a86b05, height: 12, txs: 1
2018-05-01 04:30:40 UpdateTip:            new best=0035e6b197ed7ef3c451693a03ec12f3b24b45476671c3fe52c91ad2e530ff9e  height=12  log2_work=11.70044  tx=13  date=2018-05-01 04:30:40 progress=1.000000  cache=0
2018-05-01 04:30:56 MultiChainMiner: Block Found - 0024ef61825365384a2afbe426a67da18474f13b7d565cb940ea22d77ca17fa4, prev: 0035e6b197ed7ef3c451693a03ec12f3b24b45476671c3fe52c91ad2e530ff9e, height: 13, txs: 1
2018-05-01 04:30:56 UpdateTip:            new best=0024ef61825365384a2afbe426a67da18474f13b7d565cb940ea22d77ca17fa4  height=13  log2_work=11.807355  tx=14  date=2018-05-01 04:30:56 progress=1.000000  cache=0
2018-05-01 04:31:07 MultiChainMiner: Block Found - 008cc8d82f08e3b64ecd2c87657ff13a3b87a43f0789e8446c17e00ee35650bd, prev: 0024ef61825365384a2afbe426a67da18474f13b7d565cb940ea22d77ca17fa4, height: 14, txs: 1
2018-05-01 04:31:08 UpdateTip:            new best=008cc8d82f08e3b64ecd2c87657ff13a3b87a43f0789e8446c17e00ee35650bd  height=14  log2_work=11.906891  tx=15  date=2018-05-01 04:31:07 progress=1.000000  cache=0
2018-05-01 04:31:28 MultiChainMiner: Block Found - 00b2453573b0f92fd4cd45c0fe9e093f6f07fa3bd1c97994edecc5473745e4c2, prev: 008cc8d82f08e3b64ecd2c87657ff13a3b87a43f0789e8446c17e00ee35650bd, height: 15, txs: 1
2018-05-01 04:31:28 UpdateTip:            new best=00b2453573b0f92fd4cd45c0fe9e093f6f07fa3bd1c97994edecc5473745e4c2  height=15  log2_work=12  tx=16  date=2018-05-01 04:31:28 progress=1.000000  cache=0
2018-05-01 04:31:33 Adding fixed seed nodes as DNS doesn't seem to be available.
2018-05-01 04:31:44 MultiChainMiner: Block Found - 00d5e61683dcd56a6ba044ecdc357524ebbe732b4793886ffa6b6d9796acf19e, prev: 00b2453573b0f92fd4cd45c0fe9e093f6f07fa3bd1c97994edecc5473745e4c2, height: 16, txs: 1
2018-05-01 04:31:44 UpdateTip:            new best=00d5e61683dcd56a6ba044ecdc357524ebbe732b4793886ffa6b6d9796acf19e  height=16  log2_work=12.087463  tx=17  date=2018-05-01 04:31:44 progress=1.000000  cache=0
2018-05-01 04:32:00 MultiChainMiner: Block Found - 00a9f40d0fdcebeb6b8ded108d765b1e31e44f461a919b7e18d50766d59131d6, prev: 00d5e61683dcd56a6ba044ecdc357524ebbe732b4793886ffa6b6d9796acf19e, height: 17, txs: 1
2018-05-01 04:32:00 UpdateTip:            new best=00a9f40d0fdcebeb6b8ded108d765b1e31e44f461a919b7e18d50766d59131d6  height=17  log2_work=12.169925  tx=18  date=2018-05-01 04:32:00 progress=1.000000  cache=0
2018-05-01 04:32:13 MultiChainMiner: Block Found - 00755158993f929f0cea5f74bad094950783736bf96a53e8993441608fc14430, prev: 00a9f40d0fdcebeb6b8ded108d765b1e31e44f461a919b7e18d50766d59131d6, height: 18, txs: 1
2018-05-01 04:32:13 UpdateTip:            new best=00755158993f929f0cea5f74bad094950783736bf96a53e8993441608fc14430  height=18  log2_work=12.247928  tx=19  date=2018-05-01 04:32:13 progress=1.000000  cache=0
2018-05-01 04:32:34 MultiChainMiner: Block Found - 0025d6174b1440cb58bc6af57240434522c3bb276aaf3b236462012d56610aa3, prev: 00755158993f929f0cea5f74bad094950783736bf96a53e8993441608fc14430, height: 19, txs: 1
2018-05-01 04:32:34 UpdateTip:            new best=0025d6174b1440cb58bc6af57240434522c3bb276aaf3b236462012d56610aa3  height=19  log2_work=12.321928  tx=20  date=2018-05-01 04:32:34 progress=1.000000  cache=0
2018-05-01 04:32:54 MultiChainMiner: Block Found - 009c32099fa551fb25680bb507e34ce17de6c2d340125357baec4527e99c1cdd, prev: 0025d6174b1440cb58bc6af57240434522c3bb276aaf3b236462012d56610aa3, height: 20, txs: 1
2018-05-01 04:32:55 UpdateTip:            new best=009c32099fa551fb25680bb507e34ce17de6c2d340125357baec4527e99c1cdd  height=20  log2_work=12.392317  tx=21  date=2018-05-01 04:32:54 progress=1.000000  cache=0
2018-05-01 04:33:13 MultiChainMiner: Block Found - 00ab74a856298db57344b50922fb01400aca23a01092de10005cfa8682aa92cc, prev: 009c32099fa551fb25680bb507e34ce17de6c2d340125357baec4527e99c1cdd, height: 21, txs: 1
2018-05-01 04:33:13 UpdateTip:            new best=00ab74a856298db57344b50922fb01400aca23a01092de10005cfa8682aa92cc  height=21  log2_work=12.459432  tx=22  date=2018-05-01 04:33:13 progress=1.000000  cache=0
2018-05-01 04:33:25 MultiChainMiner: Block Found - 0029046f7cb350479cde47c5f5026fa4116d15ca885cd3f5464708caa53d9d01, prev: 00ab74a856298db57344b50922fb01400aca23a01092de10005cfa8682aa92cc, height: 22, txs: 1
2018-05-01 04:33:25 UpdateTip:            new best=0029046f7cb350479cde47c5f5026fa4116d15ca885cd3f5464708caa53d9d01  height=22  log2_work=12.523562  tx=23  date=2018-05-01 04:33:25 progress=1.000000  cache=0
2018-05-01 04:33:46 MultiChainMiner: Block Found - 00262db2f2e52c80ad7a16ad2de30c19cf126f8364197852af6126cccc01ceba, prev: 0029046f7cb350479cde47c5f5026fa4116d15ca885cd3f5464708caa53d9d01, height: 23, txs: 1
2018-05-01 04:33:46 UpdateTip:            new best=00262db2f2e52c80ad7a16ad2de30c19cf126f8364197852af6126cccc01ceba  height=23  log2_work=12.584963  tx=24  date=2018-05-01 04:33:46 progress=1.000000  cache=0
2018-05-01 04:33:57 MultiChainMiner: Block Found - 00f82f06c705296e7654a37c538ec7bc5b420334f7c4b724766ddc40e4a99e08, prev: 00262db2f2e52c80ad7a16ad2de30c19cf126f8364197852af6126cccc01ceba, height: 24, txs: 1
2018-05-01 04:33:57 UpdateTip:            new best=00f82f06c705296e7654a37c538ec7bc5b420334f7c4b724766ddc40e4a99e08  height=24  log2_work=12.643856  tx=25  date=2018-05-01 04:33:57 progress=1.000000  cache=0
2018-05-01 04:34:05 MultiChainMiner: Block Found - 0070cec3eae051a183a1fc71d3d94ad9672b54d45e81d6aed6f5ed93154a9106, prev: 00f82f06c705296e7654a37c538ec7bc5b420334f7c4b724766ddc40e4a99e08, height: 25, txs: 1
2018-05-01 04:34:05 UpdateTip:            new best=0070cec3eae051a183a1fc71d3d94ad9672b54d45e81d6aed6f5ed93154a9106  height=25  log2_work=12.70044  tx=26  date=2018-05-01 04:34:05 progress=1.000000  cache=0
2018-05-01 04:34:17 MultiChainMiner: Block Found - 00923b8636ce40732209ad63733e99c088c4c1ae0a7d28eaa8d156ca7db18cb4, prev: 0070cec3eae051a183a1fc71d3d94ad9672b54d45e81d6aed6f5ed93154a9106, height: 26, txs: 1
2018-05-01 04:34:17 UpdateTip:            new best=00923b8636ce40732209ad63733e99c088c4c1ae0a7d28eaa8d156ca7db18cb4  height=26  log2_work=12.754888  tx=27  date=2018-05-01 04:34:17 progress=1.000000  cache=0
2018-05-01 04:34:29 MultiChainMiner: Block Found - 00a05d3136b28e839c01a4e813a27217c78a03a29b3539d57a52874e47e1add9, prev: 00923b8636ce40732209ad63733e99c088c4c1ae0a7d28eaa8d156ca7db18cb4, height: 27, txs: 1
2018-05-01 04:34:29 UpdateTip:            new best=00a05d3136b28e839c01a4e813a27217c78a03a29b3539d57a52874e47e1add9  height=27  log2_work=12.807355  tx=28  date=2018-05-01 04:34:29 progress=1.000000  cache=0
2018-05-01 04:34:45 MultiChainMiner: Block Found - 00efb9309b42feac45c243e4df7de37330042bb3bb37d3127357128111c4c37a, prev: 00a05d3136b28e839c01a4e813a27217c78a03a29b3539d57a52874e47e1add9, height: 28, txs: 1
2018-05-01 04:34:45 UpdateTip:            new best=00efb9309b42feac45c243e4df7de37330042bb3bb37d3127357128111c4c37a  height=28  log2_work=12.857981  tx=29  date=2018-05-01 04:34:45 progress=1.000000  cache=0
2018-05-01 04:35:04 MultiChainMiner: Block Found - 004b887b857fc274cb0dacb043e133a920263ce73c9d892af9ba60500f171bea, prev: 00efb9309b42feac45c243e4df7de37330042bb3bb37d3127357128111c4c37a, height: 29, txs: 1
2018-05-01 04:35:04 UpdateTip:            new best=004b887b857fc274cb0dacb043e133a920263ce73c9d892af9ba60500f171bea  height=29  log2_work=12.906891  tx=30  date=2018-05-01 04:35:04 progress=1.000000  cache=0
2018-05-01 04:35:16 MultiChainMiner: Block Found - 00c1ab6af12fbfdd126ad6228d01e9aef417b47a6914271c5e0c220e66233fed, prev: 004b887b857fc274cb0dacb043e133a920263ce73c9d892af9ba60500f171bea, height: 30, txs: 1
2018-05-01 04:35:16 UpdateTip:            new best=00c1ab6af12fbfdd126ad6228d01e9aef417b47a6914271c5e0c220e66233fed  height=30  log2_work=12.954196  tx=31  date=2018-05-01 04:35:16 progress=1.000000  cache=0
2018-05-01 04:35:32 MultiChainMiner: Block Found - 00295eb21b687eb5b7be86bab2a2b224aa7e8f32bd5efbc15005bbe0c53a19ad, prev: 00c1ab6af12fbfdd126ad6228d01e9aef417b47a6914271c5e0c220e66233fed, height: 31, txs: 1
2018-05-01 04:35:32 UpdateTip:            new best=00295eb21b687eb5b7be86bab2a2b224aa7e8f32bd5efbc15005bbe0c53a19ad  height=31  log2_work=13  tx=32  date=2018-05-01 04:35:32 progress=1.000000  cache=0
2018-05-01 04:35:59 MultiChainMiner: Block Found - 00055b4fda8887404f6a97931e16e4565a8df92c31ef339b80eb5551ed179672, prev: 00295eb21b687eb5b7be86bab2a2b224aa7e8f32bd5efbc15005bbe0c53a19ad, height: 32, txs: 1
2018-05-01 04:35:59 UpdateTip:            new best=00055b4fda8887404f6a97931e16e4565a8df92c31ef339b80eb5551ed179672  height=32  log2_work=13.044394  tx=33  date=2018-05-01 04:35:59 progress=1.000000  cache=0
2018-05-01 04:36:06 MultiChainMiner: Block Found - 0009d9ddada20c5448e6fb39bfbbf2a262a55893ca797fc7ce1907d98e0f5de0, prev: 00055b4fda8887404f6a97931e16e4565a8df92c31ef339b80eb5551ed179672, height: 33, txs: 1
2018-05-01 04:36:06 UpdateTip:            new best=0009d9ddada20c5448e6fb39bfbbf2a262a55893ca797fc7ce1907d98e0f5de0  height=33  log2_work=13.087463  tx=34  date=2018-05-01 04:36:06 progress=1.000000  cache=0
2018-05-01 04:36:15 MultiChainMiner: Block Found - 003f1c8ec1059ecec8060e145147f3d052476b18c0af843fd573b329a31557af, prev: 0009d9ddada20c5448e6fb39bfbbf2a262a55893ca797fc7ce1907d98e0f5de0, height: 34, txs: 1
2018-05-01 04:36:15 UpdateTip:            new best=003f1c8ec1059ecec8060e145147f3d052476b18c0af843fd573b329a31557af  height=34  log2_work=13.129283  tx=35  date=2018-05-01 04:36:15 progress=1.000000  cache=0
2018-05-01 04:36:28 MultiChainMiner: Block Found - 009efc35b19ee205ab1603cb5c9fa69e39a9978c1d2d544cd59ba38f1de4cae5, prev: 003f1c8ec1059ecec8060e145147f3d052476b18c0af843fd573b329a31557af, height: 35, txs: 1
2018-05-01 04:36:28 UpdateTip:            new best=009efc35b19ee205ab1603cb5c9fa69e39a9978c1d2d544cd59ba38f1de4cae5  height=35  log2_work=13.169925  tx=36  date=2018-05-01 04:36:28 progress=1.000000  cache=0
2018-05-01 04:36:42 MultiChainMiner: Block Found - 000598d45d0d18ca41b8352fb75334278f9e7d902872fa35ffa0632d5bed8f7a, prev: 009efc35b19ee205ab1603cb5c9fa69e39a9978c1d2d544cd59ba38f1de4cae5, height: 36, txs: 1
2018-05-01 04:36:42 UpdateTip:            new best=000598d45d0d18ca41b8352fb75334278f9e7d902872fa35ffa0632d5bed8f7a  height=36  log2_work=13.209453  tx=37  date=2018-05-01 04:36:42 progress=1.000000  cache=0
2018-05-01 04:37:01 MultiChainMiner: Block Found - 005d98455c691a0be3c7cb171cfafbefd4c54313fed157e70da9295ea88173a0, prev: 000598d45d0d18ca41b8352fb75334278f9e7d902872fa35ffa0632d5bed8f7a, height: 37, txs: 1
2018-05-01 04:37:01 UpdateTip:            new best=005d98455c691a0be3c7cb171cfafbefd4c54313fed157e70da9295ea88173a0  height=37  log2_work=13.247928  tx=38  date=2018-05-01 04:37:01 progress=1.000000  cache=0
2018-05-01 04:37:18 MultiChainMiner: Block Found - 007770386394a01a9dce1b60a62b1c0cea78a578af748e5c43b1ce95a537a663, prev: 005d98455c691a0be3c7cb171cfafbefd4c54313fed157e70da9295ea88173a0, height: 38, txs: 1
2018-05-01 04:37:18 UpdateTip:            new best=007770386394a01a9dce1b60a62b1c0cea78a578af748e5c43b1ce95a537a663  height=38  log2_work=13.285402  tx=39  date=2018-05-01 04:37:18 progress=1.000000  cache=0
2018-05-01 04:37:33 MultiChainMiner: Block Found - 00ea19d4e55af0a7e9347c03b4013405bf48f03613fadae996f669d16ace92b1, prev: 007770386394a01a9dce1b60a62b1c0cea78a578af748e5c43b1ce95a537a663, height: 39, txs: 1
2018-05-01 04:37:33 UpdateTip:            new best=00ea19d4e55af0a7e9347c03b4013405bf48f03613fadae996f669d16ace92b1  height=39  log2_work=13.321928  tx=40  date=2018-05-01 04:37:33 progress=1.000000  cache=0
2018-05-01 04:37:50 MultiChainMiner: Block Found - 0016aa109dd2ac77ec30a1aab301bf80435a9b19dad16b4a8d7627124be3e928, prev: 00ea19d4e55af0a7e9347c03b4013405bf48f03613fadae996f669d16ace92b1, height: 40, txs: 1
2018-05-01 04:37:50 UpdateTip:            new best=0016aa109dd2ac77ec30a1aab301bf80435a9b19dad16b4a8d7627124be3e928  height=40  log2_work=13.357552  tx=41  date=2018-05-01 04:37:50 progress=1.000000  cache=0
2018-05-01 04:38:05 MultiChainMiner: Block Found - 00a8915f2f55da3f5410f2a1f9ffcf29a9e637942e4540db3f69364966877220, prev: 0016aa109dd2ac77ec30a1aab301bf80435a9b19dad16b4a8d7627124be3e928, height: 41, txs: 1
2018-05-01 04:38:05 UpdateTip:            new best=00a8915f2f55da3f5410f2a1f9ffcf29a9e637942e4540db3f69364966877220  height=41  log2_work=13.392317  tx=42  date=2018-05-01 04:38:05 progress=1.000000  cache=0
2018-05-01 04:38:13 MultiChainMiner: Block Found - 0058e6690ee535a8d37ab6c1513d5c97ffc856084b36199e97b406ff9b9d3d0f, prev: 00a8915f2f55da3f5410f2a1f9ffcf29a9e637942e4540db3f69364966877220, height: 42, txs: 1
2018-05-01 04:38:13 UpdateTip:            new best=0058e6690ee535a8d37ab6c1513d5c97ffc856084b36199e97b406ff9b9d3d0f  height=42  log2_work=13.426265  tx=43  date=2018-05-01 04:38:13 progress=1.000000  cache=0
2018-05-01 04:38:14 dumpaddr thread stop
2018-05-01 04:38:14 addcon thread interrupt
2018-05-01 04:38:14 opencon thread interrupt
2018-05-01 04:38:14 msghand thread interrupt
2018-05-01 04:38:14 net thread interrupt
2018-05-01 04:38:14 Shutdown: In progress...
2018-05-01 04:38:14 RPCAcceptHandler: Error: The I/O operation has been aborted because of either a thread exit or an application request
2018-05-01 04:38:14 RPCAcceptHandler: Error: The I/O operation has been aborted because of either a thread exit or an application request
2018-05-01 04:38:14 MultiChainMiner terminated
2018-05-01 04:38:14 StopNode()
2018-05-01 04:38:14 Node stopped
2018-05-01 04:38:14 Shutdown: done
2018-05-01 05:08:45 



















2018-05-01 05:08:45 MultiChain version build 1.0.4 protocol 10010 (May  1 2017, 09:50:11)
2018-05-01 05:08:45 Using OpenSSL version OpenSSL 1.0.1k 8 Jan 2015
2018-05-01 05:08:45 Using BerkeleyDB version Berkeley DB 4.8.30: (April  9, 2010)
2018-05-01 05:08:45 Default data directory C:\Users\Tejpal\AppData\Roaming\MultiChain\corp2
2018-05-01 05:08:45 Using data directory C:\Users\Tejpal\AppData\Roaming\MultiChain\corp2
2018-05-01 05:08:45 Using config file C:\Users\Tejpal\AppData\Roaming\MultiChain\corp2\corp2.conf
2018-05-01 05:08:45 Using at most 125 connections (2048 file descriptors available)
2018-05-01 05:08:45 Using 8 threads for script verification
2018-05-01 05:08:45 Using wallet wallet.dat
2018-05-01 05:08:45 init message: Verifying wallet...
2018-05-01 05:08:45 CDBEnv::Open : LogDir=C:\Users\Tejpal\AppData\Roaming\MultiChain\corp2\database ErrorFile=C:\Users\Tejpal\AppData\Roaming\MultiChain\corp2\db.log
2018-05-01 05:08:45 init message: Initializing multichain...
2018-05-01 05:08:45 mchn: Parameter set is valid - initializing blockchain parameters...
2018-05-01 05:08:45 Wallet mode: 00000003
2018-05-01 05:08:45 nFileVersion = 100000
2018-05-01 05:08:45 Keys: 2 plaintext, 0 encrypted, 2 w/ metadata, 2 total
2018-05-01 05:08:45 Node paused state is set to 00000000
2018-05-01 05:08:45 Binding RPC on address ::1 port 6494 (IPv4+IPv6 bind any: 0)
2018-05-01 05:08:45 Binding RPC on address 127.0.0.1 port 6494 (IPv4+IPv6 bind any: 0)
2018-05-01 05:08:45 Bound to [::]:6495
2018-05-01 05:08:45 Bound to 0.0.0.0:6495
2018-05-01 05:08:45 Setting banned transaction list:    0 transactions
2018-05-01 05:08:45 init message: Loading block index...
2018-05-01 05:08:45 Opening LevelDB in C:\Users\Tejpal\AppData\Roaming\MultiChain\corp2\blocks\index
2018-05-01 05:08:45 Opened LevelDB successfully
2018-05-01 05:08:45 Opening LevelDB in C:\Users\Tejpal\AppData\Roaming\MultiChain\corp2\chainstate
2018-05-01 05:08:45 Opened LevelDB successfully
2018-05-01 05:08:45 nFileVersion = 100000
2018-05-01 05:08:45 Keys: 2 plaintext, 0 encrypted, 2 w/ metadata, 2 total
2018-05-01 05:08:45 LoadBlockIndexDB: last block file = 0
2018-05-01 05:08:45 LoadBlockIndexDB: last block file info: CBlockFileInfo(blocks=43, size=11750, heights=0...42, time=2018-05-01...2018-05-01)
2018-05-01 05:08:45 Checking all blk files are present...
2018-05-01 05:08:45 LoadBlockIndexDB(): transaction index enabled
2018-05-01 05:08:45 LoadBlockIndexDB(): hashBestChain=0058e6690ee535a8d37ab6c1513d5c97ffc856084b36199e97b406ff9b9d3d0f height=42 date=2018-05-01 04:38:13 progress=1.000000
2018-05-01 05:08:45 init message: Verifying blocks...
2018-05-01 05:08:45 Verifying last 42 blocks at level 3
2018-05-01 05:08:45 No coin database inconsistencies in last 42 blocks (42 transactions)
2018-05-01 05:08:45  block index             104ms
2018-05-01 05:08:45 MultiChain protocol version: 10010
2018-05-01 05:08:45 init message: Loading wallet...
2018-05-01 05:08:45 nFileVersion = 100000
2018-05-01 05:08:45 Keys: 2 plaintext, 0 encrypted, 2 w/ metadata, 2 total
2018-05-01 05:08:45  wallet                    1ms
2018-05-01 05:08:45 mapBlockIndex.size() = 43
2018-05-01 05:08:45 nBestHeight = 42
2018-05-01 05:08:45 setKeyPool.size() = 1
2018-05-01 05:08:45 oldWallet.size() = 0
2018-05-01 05:08:45 mapWallet.size() = 1
2018-05-01 05:08:45 mapAddressBook.size() = 1
2018-05-01 05:08:45 init message: Loading addresses...
2018-05-01 05:08:45 Loaded 0 addresses from peers.dat  0ms
2018-05-01 05:08:45 AddLocal([fe80::c9d:13a8:9c01:cd44]:6495,1)
2018-05-01 05:08:45 Discover: Tejpal-Nitro - fe80::c9d:13a8:9c01:cd44
2018-05-01 05:08:45 AddLocal(192.168.0.20:6495,1)
2018-05-01 05:08:45 Discover: Tejpal-Nitro - 192.168.0.20
2018-05-01 05:08:45 AddLocal([2001:0:5ef5:79fb:c9d:13a8:9c01:cd44]:6495,1)
2018-05-01 05:08:45 Discover: Tejpal-Nitro - 2001:0:5ef5:79fb:c9d:13a8:9c01:cd44
2018-05-01 05:08:45 init message: Done loading
2018-05-01 05:08:45 net thread start
2018-05-01 05:08:45 addcon thread start
2018-05-01 05:08:45 dumpaddr thread start
2018-05-01 05:08:45 MultiChainMiner started
2018-05-01 05:08:45 dnsseed thread start
2018-05-01 05:08:45 Loading addresses from DNS seeds (could take a while)
2018-05-01 05:08:45 0 addresses found from DNS seeds
2018-05-01 05:08:45 dnsseed thread exit
2018-05-01 05:08:45 msghand thread start
2018-05-01 05:08:45 opencon thread start
2018-05-01 05:08:45 Node started
2018-05-01 05:08:53 MultiChainMiner: Block Found - 009dad7c78f3d5bdaad44e02649e1721455d36c892752e57eed018764b7e88f1, prev: 0058e6690ee535a8d37ab6c1513d5c97ffc856084b36199e97b406ff9b9d3d0f, height: 43, txs: 1
2018-05-01 05:08:53 UpdateTip:            new best=009dad7c78f3d5bdaad44e02649e1721455d36c892752e57eed018764b7e88f1  height=43  log2_work=13.459432  tx=44  date=2018-05-01 05:08:53 progress=1.000000  cache=0
2018-05-01 05:09:10 MultiChainMiner: Block Found - 009eff988d374cda51b682f2567fd31880f016195476db3f89611c1c48320ef3, prev: 009dad7c78f3d5bdaad44e02649e1721455d36c892752e57eed018764b7e88f1, height: 44, txs: 1
2018-05-01 05:09:10 UpdateTip:            new best=009eff988d374cda51b682f2567fd31880f016195476db3f89611c1c48320ef3  height=44  log2_work=13.491853  tx=45  date=2018-05-01 05:09:10 progress=1.000000  cache=0
2018-05-01 05:09:21 MultiChainMiner: Block Found - 00f46f6f0ab4f6127cc1344bea419ecca47a19d5ec5fdd991abe8e7c43fe7ca0, prev: 009eff988d374cda51b682f2567fd31880f016195476db3f89611c1c48320ef3, height: 45, txs: 1
2018-05-01 05:09:21 UpdateTip:            new best=00f46f6f0ab4f6127cc1344bea419ecca47a19d5ec5fdd991abe8e7c43fe7ca0  height=45  log2_work=13.523562  tx=46  date=2018-05-01 05:09:21 progress=1.000000  cache=0
2018-05-01 05:09:41 MultiChainMiner: Block Found - 0009822e7a7778ec5d01f8649a27969e6073fd2f210a535dfc81f6478b023bec, prev: 00f46f6f0ab4f6127cc1344bea419ecca47a19d5ec5fdd991abe8e7c43fe7ca0, height: 46, txs: 1
2018-05-01 05:09:41 UpdateTip:            new best=0009822e7a7778ec5d01f8649a27969e6073fd2f210a535dfc81f6478b023bec  height=46  log2_work=13.554589  tx=47  date=2018-05-01 05:09:41 progress=1.000000  cache=0
2018-05-01 05:09:46 Adding fixed seed nodes as DNS doesn't seem to be available.
2018-05-01 05:09:57 MultiChainMiner: Block Found - 006b593870db2d52a436522c3f839d6485123c94b8beeaf52656bea29a76c4ff, prev: 0009822e7a7778ec5d01f8649a27969e6073fd2f210a535dfc81f6478b023bec, height: 47, txs: 1
2018-05-01 05:09:57 UpdateTip:            new best=006b593870db2d52a436522c3f839d6485123c94b8beeaf52656bea29a76c4ff  height=47  log2_work=13.584963  tx=48  date=2018-05-01 05:09:57 progress=1.000000  cache=0
2018-05-01 05:10:13 MultiChainMiner: Block Found - 00963faa2022dbcd144f747ec15d5480cbe1b04e742f39e6c627ce7fe718408b, prev: 006b593870db2d52a436522c3f839d6485123c94b8beeaf52656bea29a76c4ff, height: 48, txs: 1
2018-05-01 05:10:13 UpdateTip:            new best=00963faa2022dbcd144f747ec15d5480cbe1b04e742f39e6c627ce7fe718408b  height=48  log2_work=13.61471  tx=49  date=2018-05-01 05:10:13 progress=1.000000  cache=0
2018-05-01 05:10:26 MultiChainMiner: Block Found - 00bdcfe02211331bf8e28df78e75c8e37c24218bb3916ceb0c41e92ed4df4fde, prev: 00963faa2022dbcd144f747ec15d5480cbe1b04e742f39e6c627ce7fe718408b, height: 49, txs: 1
2018-05-01 05:10:26 UpdateTip:            new best=00bdcfe02211331bf8e28df78e75c8e37c24218bb3916ceb0c41e92ed4df4fde  height=49  log2_work=13.643856  tx=50  date=2018-05-01 05:10:26 progress=1.000000  cache=0
2018-05-01 05:10:47 MultiChainMiner: Block Found - 0024671b63ec413a8f885cfaa4c497e742b25b0f51fec9bcc4c0ed03392eeafa, prev: 00bdcfe02211331bf8e28df78e75c8e37c24218bb3916ceb0c41e92ed4df4fde, height: 50, txs: 1
2018-05-01 05:10:47 UpdateTip:            new best=0024671b63ec413a8f885cfaa4c497e742b25b0f51fec9bcc4c0ed03392eeafa  height=50  log2_work=13.672425  tx=51  date=2018-05-01 05:10:47 progress=1.000000  cache=0
2018-05-01 05:11:07 MultiChainMiner: Block Found - 009454574502f501bc92d2e3ff38b3e16b8012d3cc32abae7c7197765a31dc2f, prev: 0024671b63ec413a8f885cfaa4c497e742b25b0f51fec9bcc4c0ed03392eeafa, height: 51, txs: 1
2018-05-01 05:11:07 UpdateTip:            new best=009454574502f501bc92d2e3ff38b3e16b8012d3cc32abae7c7197765a31dc2f  height=51  log2_work=13.70044  tx=52  date=2018-05-01 05:11:07 progress=1.000000  cache=0
2018-05-01 05:11:26 MultiChainMiner: Block Found - 003a17a62fda4c530b711880b060d247b98cdaeb5e44616da889eb6422aa1b59, prev: 009454574502f501bc92d2e3ff38b3e16b8012d3cc32abae7c7197765a31dc2f, height: 52, txs: 1
2018-05-01 05:11:26 UpdateTip:            new best=003a17a62fda4c530b711880b060d247b98cdaeb5e44616da889eb6422aa1b59  height=52  log2_work=13.72792  tx=53  date=2018-05-01 05:11:26 progress=1.000000  cache=0
2018-05-01 05:11:37 MultiChainMiner: Block Found - 0004944607aed2649676fea6a0ba322d167605ea7b93ef8b3fe9a9681eba459a, prev: 003a17a62fda4c530b711880b060d247b98cdaeb5e44616da889eb6422aa1b59, height: 53, txs: 1
2018-05-01 05:11:37 UpdateTip:            new best=0004944607aed2649676fea6a0ba322d167605ea7b93ef8b3fe9a9681eba459a  height=53  log2_work=13.754888  tx=54  date=2018-05-01 05:11:37 progress=1.000000  cache=0
2018-05-01 05:11:58 MultiChainMiner: Block Found - 006c245cbd191d31af7b42a7c55dc3ff975e5220eb79b64e39e506c036c2c88c, prev: 0004944607aed2649676fea6a0ba322d167605ea7b93ef8b3fe9a9681eba459a, height: 54, txs: 1
2018-05-01 05:11:58 UpdateTip:            new best=006c245cbd191d31af7b42a7c55dc3ff975e5220eb79b64e39e506c036c2c88c  height=54  log2_work=13.78136  tx=55  date=2018-05-01 05:11:58 progress=1.000000  cache=0
2018-05-01 05:12:09 MultiChainMiner: Block Found - 007b8f3556732c131463ded680f2dbf17cc92732d3370afa7c935236f2721f62, prev: 006c245cbd191d31af7b42a7c55dc3ff975e5220eb79b64e39e506c036c2c88c, height: 55, txs: 1
2018-05-01 05:12:09 UpdateTip:            new best=007b8f3556732c131463ded680f2dbf17cc92732d3370afa7c935236f2721f62  height=55  log2_work=13.807355  tx=56  date=2018-05-01 05:12:09 progress=1.000000  cache=0
2018-05-01 05:12:18 MultiChainMiner: Block Found - 0058ca5137f28a7db89a5415c49e0f262c266fee06b2d0c04c60707f74dd4970, prev: 007b8f3556732c131463ded680f2dbf17cc92732d3370afa7c935236f2721f62, height: 56, txs: 1
2018-05-01 05:12:18 UpdateTip:            new best=0058ca5137f28a7db89a5415c49e0f262c266fee06b2d0c04c60707f74dd4970  height=56  log2_work=13.83289  tx=57  date=2018-05-01 05:12:18 progress=1.000000  cache=0
2018-05-01 05:12:30 MultiChainMiner: Block Found - 00bcdcace8cc630b3f36bdf91400c4b150ba756a26bf1c574eaf8626e59f3013, prev: 0058ca5137f28a7db89a5415c49e0f262c266fee06b2d0c04c60707f74dd4970, height: 57, txs: 1
2018-05-01 05:12:30 UpdateTip:            new best=00bcdcace8cc630b3f36bdf91400c4b150ba756a26bf1c574eaf8626e59f3013  height=57  log2_work=13.857981  tx=58  date=2018-05-01 05:12:30 progress=1.000000  cache=0
2018-05-01 05:12:41 MultiChainMiner: Block Found - 00606cca19ae74fed028876635d6de4e32a3f6e8809144d9a057ddb36ac320cf, prev: 00bcdcace8cc630b3f36bdf91400c4b150ba756a26bf1c574eaf8626e59f3013, height: 58, txs: 1
2018-05-01 05:12:41 UpdateTip:            new best=00606cca19ae74fed028876635d6de4e32a3f6e8809144d9a057ddb36ac320cf  height=58  log2_work=13.882643  tx=59  date=2018-05-01 05:12:41 progress=1.000000  cache=0
2018-05-01 05:12:57 MultiChainMiner: Block Found - 000a72a085852956a170037a96dafe349f6f54e51608243d9316a4106f6827c7, prev: 00606cca19ae74fed028876635d6de4e32a3f6e8809144d9a057ddb36ac320cf, height: 59, txs: 1
2018-05-01 05:12:57 UpdateTip:            new best=000a72a085852956a170037a96dafe349f6f54e51608243d9316a4106f6827c7  height=59  log2_work=13.906891  tx=60  date=2018-05-01 05:12:57 progress=1.000000  cache=0
2018-05-01 05:18:30 addcon thread interrupt
2018-05-01 05:18:30 opencon thread interrupt
2018-05-01 05:18:30 dumpaddr thread stop
2018-05-01 05:18:30 msghand thread interrupt
2018-05-01 05:18:30 net thread interrupt
2018-05-01 05:18:30 Shutdown: In progress...
2018-05-01 05:18:30 RPCAcceptHandler: Error: The I/O operation has been aborted because of either a thread exit or an application request
2018-05-01 05:18:30 RPCAcceptHandler: Error: The I/O operation has been aborted because of either a thread exit or an application request
2018-05-01 05:18:30 MultiChainMiner terminated
2018-05-01 05:18:30 StopNode()
2018-05-01 05:18:30 Node stopped
2018-05-01 05:18:30 Shutdown: done
2018-05-01 05:28:32 



















2018-05-01 05:28:32 MultiChain version build 1.0.4 protocol 10010 (May  1 2017, 09:50:11)
2018-05-01 05:28:32 Using OpenSSL version OpenSSL 1.0.1k 8 Jan 2015
2018-05-01 05:28:32 Using BerkeleyDB version Berkeley DB 4.8.30: (April  9, 2010)
2018-05-01 05:28:32 Default data directory C:\Users\Tejpal\AppData\Roaming\MultiChain\corp2
2018-05-01 05:28:32 Using data directory C:\Users\Tejpal\AppData\Roaming\MultiChain\corp2
2018-05-01 05:28:32 Using config file C:\Users\Tejpal\AppData\Roaming\MultiChain\corp2\corp2.conf
2018-05-01 05:28:32 Using at most 125 connections (2048 file descriptors available)
2018-05-01 05:28:32 Using 8 threads for script verification
2018-05-01 05:28:32 Using wallet wallet.dat
2018-05-01 05:28:32 init message: Verifying wallet...
2018-05-01 05:28:32 CDBEnv::Open : LogDir=C:\Users\Tejpal\AppData\Roaming\MultiChain\corp2\database ErrorFile=C:\Users\Tejpal\AppData\Roaming\MultiChain\corp2\db.log
2018-05-01 05:28:32 init message: Initializing multichain...
2018-05-01 05:28:32 mchn: Parameter set is valid - initializing blockchain parameters...
2018-05-01 05:28:32 Wallet mode: 00000003
2018-05-01 05:28:32 nFileVersion = 100000
2018-05-01 05:28:32 Keys: 2 plaintext, 0 encrypted, 2 w/ metadata, 2 total
2018-05-01 05:28:32 Node paused state is set to 00000000
2018-05-01 05:28:32 Binding RPC on address ::1 port 6004 (IPv4+IPv6 bind any: 0)
2018-05-01 05:28:32 Binding RPC on address 127.0.0.1 port 6004 (IPv4+IPv6 bind any: 0)
2018-05-01 05:28:32 Bound to [::]:6495
2018-05-01 05:28:32 Bound to 0.0.0.0:6495
2018-05-01 05:28:32 Setting banned transaction list:    0 transactions
2018-05-01 05:28:32 init message: Loading block index...
2018-05-01 05:28:32 Opening LevelDB in C:\Users\Tejpal\AppData\Roaming\MultiChain\corp2\blocks\index
2018-05-01 05:28:33 Opened LevelDB successfully
2018-05-01 05:28:33 Opening LevelDB in C:\Users\Tejpal\AppData\Roaming\MultiChain\corp2\chainstate
2018-05-01 05:28:33 Opened LevelDB successfully
2018-05-01 05:28:33 nFileVersion = 100000
2018-05-01 05:28:33 Keys: 2 plaintext, 0 encrypted, 2 w/ metadata, 2 total
2018-05-01 05:28:33 LoadBlockIndexDB: last block file = 0
2018-05-01 05:28:33 LoadBlockIndexDB: last block file info: CBlockFileInfo(blocks=60, size=16397, heights=0...59, time=2018-05-01...2018-05-01)
2018-05-01 05:28:33 Checking all blk files are present...
2018-05-01 05:28:33 LoadBlockIndexDB(): transaction index enabled
2018-05-01 05:28:33 LoadBlockIndexDB(): hashBestChain=000a72a085852956a170037a96dafe349f6f54e51608243d9316a4106f6827c7 height=59 date=2018-05-01 05:12:57 progress=1.000000
2018-05-01 05:28:33 init message: Verifying blocks...
2018-05-01 05:28:33 Verifying last 59 blocks at level 3
2018-05-01 05:28:33 No coin database inconsistencies in last 59 blocks (59 transactions)
2018-05-01 05:28:33  block index             154ms
2018-05-01 05:28:33 MultiChain protocol version: 10010
2018-05-01 05:28:33 init message: Loading wallet...
2018-05-01 05:28:33 nFileVersion = 100000
2018-05-01 05:28:33 Keys: 2 plaintext, 0 encrypted, 2 w/ metadata, 2 total
2018-05-01 05:28:33  wallet                    1ms
2018-05-01 05:28:33 mapBlockIndex.size() = 60
2018-05-01 05:28:33 nBestHeight = 59
2018-05-01 05:28:33 setKeyPool.size() = 1
2018-05-01 05:28:33 oldWallet.size() = 0
2018-05-01 05:28:33 mapWallet.size() = 1
2018-05-01 05:28:33 mapAddressBook.size() = 1
2018-05-01 05:28:33 init message: Loading addresses...
2018-05-01 05:28:33 Loaded 0 addresses from peers.dat  0ms
2018-05-01 05:28:33 AddLocal([fe80::c9d:13a8:9c01:cd44]:6495,1)
2018-05-01 05:28:33 Discover: Tejpal-Nitro - fe80::c9d:13a8:9c01:cd44
2018-05-01 05:28:33 AddLocal(192.168.0.20:6495,1)
2018-05-01 05:28:33 Discover: Tejpal-Nitro - 192.168.0.20
2018-05-01 05:28:33 AddLocal([2001:0:5ef5:79fb:c9d:13a8:9c01:cd44]:6495,1)
2018-05-01 05:28:33 Discover: Tejpal-Nitro - 2001:0:5ef5:79fb:c9d:13a8:9c01:cd44
2018-05-01 05:28:33 dnsseed thread start
2018-05-01 05:28:33 net thread start
2018-05-01 05:28:33 init message: Done loading
2018-05-01 05:28:33 addcon thread start
2018-05-01 05:28:33 opencon thread start
2018-05-01 05:28:33 Loading addresses from DNS seeds (could take a while)
2018-05-01 05:28:33 0 addresses found from DNS seeds
2018-05-01 05:28:33 dnsseed thread exit
2018-05-01 05:28:33 MultiChainMiner started
2018-05-01 05:28:33 msghand thread start
2018-05-01 05:28:33 dumpaddr thread start
2018-05-01 05:28:33 Node started
2018-05-01 05:28:38 keypool added key 3, size=2
2018-05-01 05:29:34 Adding fixed seed nodes as DNS doesn't seem to be available.
2018-05-01 05:36:03 dumpaddr thread stop
2018-05-01 05:36:03 opencon thread interrupt
2018-05-01 05:36:03 msghand thread interrupt
2018-05-01 05:36:03 addcon thread interrupt
2018-05-01 05:36:03 net thread interrupt
2018-05-01 05:36:03 Shutdown: In progress...
2018-05-01 05:36:03 RPCAcceptHandler: Error: The I/O operation has been aborted because of either a thread exit or an application request
2018-05-01 05:36:03 RPCAcceptHandler: Error: The I/O operation has been aborted because of either a thread exit or an application request
2018-05-01 05:36:04 MultiChainMiner terminated
2018-05-01 05:36:04 StopNode()
2018-05-01 05:36:04 Node stopped
2018-05-01 05:36:04 Shutdown: done
2018-05-01 05:52:51 



















2018-05-01 05:52:51 MultiChain version build 1.0.4 protocol 10010 (May  1 2017, 09:50:11)
2018-05-01 05:52:51 Using OpenSSL version OpenSSL 1.0.1k 8 Jan 2015
2018-05-01 05:52:51 Using BerkeleyDB version Berkeley DB 4.8.30: (April  9, 2010)
2018-05-01 05:52:51 Default data directory C:\Users\Tejpal\AppData\Roaming\MultiChain\corp2
2018-05-01 05:52:51 Using data directory C:\Users\Tejpal\AppData\Roaming\MultiChain\corp2
2018-05-01 05:52:51 Using config file C:\Users\Tejpal\AppData\Roaming\MultiChain\corp2\corp2.conf
2018-05-01 05:52:51 Using at most 125 connections (2048 file descriptors available)
2018-05-01 05:52:51 Using 8 threads for script verification
2018-05-01 05:52:51 Using wallet wallet.dat
2018-05-01 05:52:51 init message: Verifying wallet...
2018-05-01 05:52:51 CDBEnv::Open : LogDir=C:\Users\Tejpal\AppData\Roaming\MultiChain\corp2\database ErrorFile=C:\Users\Tejpal\AppData\Roaming\MultiChain\corp2\db.log
2018-05-01 05:52:51 init message: Initializing multichain...
2018-05-01 05:52:51 mchn: Parameter set is valid - initializing blockchain parameters...
2018-05-01 05:52:51 Wallet mode: 00000003
2018-05-01 05:52:51 nFileVersion = 100000
2018-05-01 05:52:51 Keys: 3 plaintext, 0 encrypted, 3 w/ metadata, 3 total
2018-05-01 05:52:51 Node paused state is set to 00000000
2018-05-01 05:52:51 Binding RPC on address ::1 port 6004 (IPv4+IPv6 bind any: 0)
2018-05-01 05:52:51 Binding RPC on address 127.0.0.1 port 6004 (IPv4+IPv6 bind any: 0)
2018-05-01 05:52:51 Bound to [::]:6005
2018-05-01 05:52:51 Bound to 0.0.0.0:6005
2018-05-01 05:52:51 Setting banned transaction list:    0 transactions
2018-05-01 05:52:51 init message: Loading block index...
2018-05-01 05:52:51 Opening LevelDB in C:\Users\Tejpal\AppData\Roaming\MultiChain\corp2\blocks\index
2018-05-01 05:52:51 Opened LevelDB successfully
2018-05-01 05:52:51 Opening LevelDB in C:\Users\Tejpal\AppData\Roaming\MultiChain\corp2\chainstate
2018-05-01 05:52:52 Opened LevelDB successfully
2018-05-01 05:52:52 nFileVersion = 100000
2018-05-01 05:52:52 Keys: 3 plaintext, 0 encrypted, 3 w/ metadata, 3 total
2018-05-01 05:52:52 LoadBlockIndexDB: last block file = 0
2018-05-01 05:52:52 LoadBlockIndexDB: last block file info: CBlockFileInfo(blocks=60, size=16397, heights=0...59, time=2018-05-01...2018-05-01)
2018-05-01 05:52:52 Checking all blk files are present...
2018-05-01 05:52:52 LoadBlockIndexDB(): transaction index enabled
2018-05-01 05:52:52 LoadBlockIndexDB(): hashBestChain=000a72a085852956a170037a96dafe349f6f54e51608243d9316a4106f6827c7 height=59 date=2018-05-01 05:12:57 progress=1.000000
2018-05-01 05:52:52 init message: Verifying blocks...
2018-05-01 05:52:52 Verifying last 59 blocks at level 3
2018-05-01 05:52:52 No coin database inconsistencies in last 59 blocks (59 transactions)
2018-05-01 05:52:52  block index             159ms
2018-05-01 05:52:52 MultiChain protocol version: 10010
2018-05-01 05:52:52 init message: Loading wallet...
2018-05-01 05:52:52 nFileVersion = 100000
2018-05-01 05:52:52 Keys: 3 plaintext, 0 encrypted, 3 w/ metadata, 3 total
2018-05-01 05:52:52  wallet                    1ms
2018-05-01 05:52:52 mapBlockIndex.size() = 60
2018-05-01 05:52:52 nBestHeight = 59
2018-05-01 05:52:52 setKeyPool.size() = 2
2018-05-01 05:52:52 oldWallet.size() = 0
2018-05-01 05:52:52 mapWallet.size() = 1
2018-05-01 05:52:52 mapAddressBook.size() = 1
2018-05-01 05:52:52 init message: Loading addresses...
2018-05-01 05:52:52 Loaded 0 addresses from peers.dat  0ms
2018-05-01 05:52:52 AddLocal([fe80::c9d:13a8:9c01:cd44]:6005,1)
2018-05-01 05:52:52 Discover: Tejpal-Nitro - fe80::c9d:13a8:9c01:cd44
2018-05-01 05:52:52 AddLocal(192.168.0.20:6005,1)
2018-05-01 05:52:52 Discover: Tejpal-Nitro - 192.168.0.20
2018-05-01 05:52:52 AddLocal([2001:0:5ef5:79fb:c9d:13a8:9c01:cd44]:6005,1)
2018-05-01 05:52:52 Discover: Tejpal-Nitro - 2001:0:5ef5:79fb:c9d:13a8:9c01:cd44
2018-05-01 05:52:52 dnsseed thread start
2018-05-01 05:52:52 net thread start
2018-05-01 05:52:52 init message: Done loading
2018-05-01 05:52:52 addcon thread start
2018-05-01 05:52:52 opencon thread start
2018-05-01 05:52:52 Loading addresses from DNS seeds (could take a while)
2018-05-01 05:52:52 msghand thread start
2018-05-01 05:52:52 dumpaddr thread start
2018-05-01 05:52:52 MultiChainMiner started
2018-05-01 05:52:52 0 addresses found from DNS seeds
2018-05-01 05:52:52 dnsseed thread exit
2018-05-01 05:52:52 Node started
2018-05-01 05:53:53 Adding fixed seed nodes as DNS doesn't seem to be available.
