2018-05-01 00:17:33	Initialized: Admin count: 0, Miner count: 0, ledger rows: 1
2018-05-01 00:17:34	Grant: (00000000-1e77ef67-00000001-1e77ef67) (0--1, 1525148254), In consensus: 1, Admin count: 0, Miner count: 0
2018-05-01 00:17:34	Grant: (00000000-1e77ef67-00000002-1e77ef67) (0--1, 1525148254), In consensus: 1, Admin count: 0, Miner count: 0
2018-05-01 00:17:34	Grant: (00000000-1e77ef67-00000004-1e77ef67) (0--1, 1525148254), In consensus: 1, Admin count: 0, Miner count: 0
2018-05-01 00:17:34	Grant: (00000000-1e77ef67-00000020-1e77ef67) (0--1, 1525148254), In consensus: 1, Admin count: 0, Miner count: 0
2018-05-01 00:17:34	Grant: (00000000-1e77ef67-00000010-1e77ef67) (0--1, 1525148254), In consensus: 1, Admin count: 0, Miner count: 0
2018-05-01 00:17:34	Grant: (00000000-1e77ef67-00002000-1e77ef67) (0--1, 1525148254), In consensus: 1, Admin count: 0, Miner count: 0
2018-05-01 00:17:34	Grant: (00000000-1e77ef67-00000100-1e77ef67) (0--1, 1525148254), In consensus: 1, Admin count: 0, Miner count: 1
2018-05-01 00:17:34	Grant: (00000000-1e77ef67-00001000-1e77ef67) (0--1, 1525148254), In consensus: 1, Admin count: 1, Miner count: 1
2018-05-01 00:17:34	Grant: (0e2eb2ce-00000000-00000001-1e77ef67) (0--1, 0), In consensus: 1, Admin count: 1, Miner count: 1
2018-05-01 00:17:34	Grant: (0e2eb2ce-1e77ef67-00000008-1e77ef67) (0--1, 0), In consensus: 1, Admin count: 1, Miner count: 1
2018-05-01 00:17:34	Grant: (0e2eb2ce-1e77ef67-00002000-1e77ef67) (0--1, 0), In consensus: 1, Admin count: 1, Miner count: 1
2018-05-01 00:17:34	Grant: (0e2eb2ce-1e77ef67-00001000-1e77ef67) (0--1, 0), In consensus: 1, Admin count: 1, Miner count: 1
2018-05-01 00:17:34	Block commit:         0 (Hash: 5d253b0e, Miner: 1e77ef67), Admin count: 1, Miner count: 1, Ledger Rows: 15
2018-05-01 00:17:34	Block commit:         1 (Hash: c324169a, Miner: 1e77ef67), Admin count: 1, Miner count: 1, Ledger Rows: 17
2018-05-01 00:17:34	Block commit:         2 (Hash: a02b859a, Miner: 1e77ef67), Admin count: 1, Miner count: 1, Ledger Rows: 19
2018-05-01 00:17:42	Block commit:         3 (Hash: 5a006dcd, Miner: 1e77ef67), Admin count: 1, Miner count: 1, Ledger Rows: 21
2018-05-01 00:17:59	Block commit:         4 (Hash: 63f549d3, Miner: 1e77ef67), Admin count: 1, Miner count: 1, Ledger Rows: 23
2018-05-01 00:18:10	Block commit:         5 (Hash: 651f7790, Miner: 1e77ef67), Admin count: 1, Miner count: 1, Ledger Rows: 25
2018-05-01 00:18:30	Block commit:         6 (Hash: 51b3a296, Miner: 1e77ef67), Admin count: 1, Miner count: 1, Ledger Rows: 27
2018-05-01 00:19:15	Initialized: Admin count: 1, Miner count: 1, ledger rows: 27
2018-05-01 00:19:15	Block rollback:         6, Admin count: 1, Miner count: 1, Ledger Rows: 27
2018-05-01 00:19:23	Block commit:         7 (Hash: 5efa47b7, Miner: 1e77ef67), Admin count: 1, Miner count: 1, Ledger Rows: 29
2018-05-01 00:19:40	Block commit:         8 (Hash: e30ccf00, Miner: 1e77ef67), Admin count: 1, Miner count: 1, Ledger Rows: 31
2018-05-01 00:29:34	Initialized: Admin count: 1, Miner count: 1, ledger rows: 31
2018-05-01 00:29:35	Block rollback:         8, Admin count: 1, Miner count: 1, Ledger Rows: 31
2018-05-01 00:29:43	Block commit:         9 (Hash: 9c86668e, Miner: 1e77ef67), Admin count: 1, Miner count: 1, Ledger Rows: 33
2018-05-01 00:30:00	Block commit:        10 (Hash: 7f5eae00, Miner: 1e77ef67), Admin count: 1, Miner count: 1, Ledger Rows: 35
2018-05-01 00:30:11	Block commit:        11 (Hash: c0a86b05, Miner: 1e77ef67), Admin count: 1, Miner count: 1, Ledger Rows: 37
2018-05-01 00:30:31	Initialized: Admin count: 1, Miner count: 1, ledger rows: 37
2018-05-01 00:30:32	Block rollback:        11, Admin count: 1, Miner count: 1, Ledger Rows: 37
2018-05-01 00:30:40	Block commit:        12 (Hash: e530ff9e, Miner: 1e77ef67), Admin count: 1, Miner count: 1, Ledger Rows: 39
2018-05-01 00:30:56	Block commit:        13 (Hash: 7ca17fa4, Miner: 1e77ef67), Admin count: 1, Miner count: 1, Ledger Rows: 41
2018-05-01 00:31:08	Block commit:        14 (Hash: e35650bd, Miner: 1e77ef67), Admin count: 1, Miner count: 1, Ledger Rows: 43
2018-05-01 00:31:28	Block commit:        15 (Hash: 3745e4c2, Miner: 1e77ef67), Admin count: 1, Miner count: 1, Ledger Rows: 45
2018-05-01 00:31:44	Block commit:        16 (Hash: 96acf19e, Miner: 1e77ef67), Admin count: 1, Miner count: 1, Ledger Rows: 47
2018-05-01 00:32:00	Block commit:        17 (Hash: d59131d6, Miner: 1e77ef67), Admin count: 1, Miner count: 1, Ledger Rows: 49
2018-05-01 00:32:13	Block commit:        18 (Hash: 8fc14430, Miner: 1e77ef67), Admin count: 1, Miner count: 1, Ledger Rows: 51
2018-05-01 00:32:34	Block commit:        19 (Hash: 56610aa3, Miner: 1e77ef67), Admin count: 1, Miner count: 1, Ledger Rows: 53
2018-05-01 00:32:55	Block commit:        20 (Hash: e99c1cdd, Miner: 1e77ef67), Admin count: 1, Miner count: 1, Ledger Rows: 55
2018-05-01 00:33:13	Block commit:        21 (Hash: 82aa92cc, Miner: 1e77ef67), Admin count: 1, Miner count: 1, Ledger Rows: 57
2018-05-01 00:33:25	Block commit:        22 (Hash: a53d9d01, Miner: 1e77ef67), Admin count: 1, Miner count: 1, Ledger Rows: 59
2018-05-01 00:33:46	Block commit:        23 (Hash: cc01ceba, Miner: 1e77ef67), Admin count: 1, Miner count: 1, Ledger Rows: 61
2018-05-01 00:33:57	Block commit:        24 (Hash: e4a99e08, Miner: 1e77ef67), Admin count: 1, Miner count: 1, Ledger Rows: 63
2018-05-01 00:34:05	Block commit:        25 (Hash: 154a9106, Miner: 1e77ef67), Admin count: 1, Miner count: 1, Ledger Rows: 65
2018-05-01 00:34:17	Block commit:        26 (Hash: 7db18cb4, Miner: 1e77ef67), Admin count: 1, Miner count: 1, Ledger Rows: 67
2018-05-01 00:34:29	Block commit:        27 (Hash: 47e1add9, Miner: 1e77ef67), Admin count: 1, Miner count: 1, Ledger Rows: 69
2018-05-01 00:34:45	Block commit:        28 (Hash: 11c4c37a, Miner: 1e77ef67), Admin count: 1, Miner count: 1, Ledger Rows: 71
2018-05-01 00:35:04	Block commit:        29 (Hash: 0f171bea, Miner: 1e77ef67), Admin count: 1, Miner count: 1, Ledger Rows: 73
2018-05-01 00:35:16	Block commit:        30 (Hash: 66233fed, Miner: 1e77ef67), Admin count: 1, Miner count: 1, Ledger Rows: 75
2018-05-01 00:35:32	Block commit:        31 (Hash: c53a19ad, Miner: 1e77ef67), Admin count: 1, Miner count: 1, Ledger Rows: 77
2018-05-01 00:35:59	Block commit:        32 (Hash: ed179672, Miner: 1e77ef67), Admin count: 1, Miner count: 1, Ledger Rows: 79
2018-05-01 00:36:06	Block commit:        33 (Hash: 8e0f5de0, Miner: 1e77ef67), Admin count: 1, Miner count: 1, Ledger Rows: 81
2018-05-01 00:36:15	Block commit:        34 (Hash: a31557af, Miner: 1e77ef67), Admin count: 1, Miner count: 1, Ledger Rows: 83
2018-05-01 00:36:28	Block commit:        35 (Hash: 1de4cae5, Miner: 1e77ef67), Admin count: 1, Miner count: 1, Ledger Rows: 85
2018-05-01 00:36:42	Block commit:        36 (Hash: 5bed8f7a, Miner: 1e77ef67), Admin count: 1, Miner count: 1, Ledger Rows: 87
2018-05-01 00:37:01	Block commit:        37 (Hash: a88173a0, Miner: 1e77ef67), Admin count: 1, Miner count: 1, Ledger Rows: 89
2018-05-01 00:37:18	Block commit:        38 (Hash: a537a663, Miner: 1e77ef67), Admin count: 1, Miner count: 1, Ledger Rows: 91
2018-05-01 00:37:33	Block commit:        39 (Hash: 6ace92b1, Miner: 1e77ef67), Admin count: 1, Miner count: 1, Ledger Rows: 93
2018-05-01 00:37:50	Block commit:        40 (Hash: 4be3e928, Miner: 1e77ef67), Admin count: 1, Miner count: 1, Ledger Rows: 95
2018-05-01 00:38:05	Block commit:        41 (Hash: 66877220, Miner: 1e77ef67), Admin count: 1, Miner count: 1, Ledger Rows: 97
2018-05-01 00:38:13	Block commit:        42 (Hash: 9b9d3d0f, Miner: 1e77ef67), Admin count: 1, Miner count: 1, Ledger Rows: 99
2018-05-01 01:08:45	Initialized: Admin count: 1, Miner count: 1, ledger rows: 99
2018-05-01 01:08:45	Block rollback:        42, Admin count: 1, Miner count: 1, Ledger Rows: 99
2018-05-01 01:08:53	Block commit:        43 (Hash: 4b7e88f1, Miner: 1e77ef67), Admin count: 1, Miner count: 1, Ledger Rows: 101
2018-05-01 01:09:10	Block commit:        44 (Hash: 48320ef3, Miner: 1e77ef67), Admin count: 1, Miner count: 1, Ledger Rows: 103
2018-05-01 01:09:21	Block commit:        45 (Hash: 43fe7ca0, Miner: 1e77ef67), Admin count: 1, Miner count: 1, Ledger Rows: 105
2018-05-01 01:09:41	Block commit:        46 (Hash: 8b023bec, Miner: 1e77ef67), Admin count: 1, Miner count: 1, Ledger Rows: 107
2018-05-01 01:09:57	Block commit:        47 (Hash: 9a76c4ff, Miner: 1e77ef67), Admin count: 1, Miner count: 1, Ledger Rows: 109
2018-05-01 01:10:13	Block commit:        48 (Hash: e718408b, Miner: 1e77ef67), Admin count: 1, Miner count: 1, Ledger Rows: 111
2018-05-01 01:10:26	Block commit:        49 (Hash: d4df4fde, Miner: 1e77ef67), Admin count: 1, Miner count: 1, Ledger Rows: 113
2018-05-01 01:10:47	Block commit:        50 (Hash: 392eeafa, Miner: 1e77ef67), Admin count: 1, Miner count: 1, Ledger Rows: 115
2018-05-01 01:11:07	Block commit:        51 (Hash: 5a31dc2f, Miner: 1e77ef67), Admin count: 1, Miner count: 1, Ledger Rows: 117
2018-05-01 01:11:26	Block commit:        52 (Hash: 22aa1b59, Miner: 1e77ef67), Admin count: 1, Miner count: 1, Ledger Rows: 119
2018-05-01 01:11:37	Block commit:        53 (Hash: 1eba459a, Miner: 1e77ef67), Admin count: 1, Miner count: 1, Ledger Rows: 121
2018-05-01 01:11:58	Block commit:        54 (Hash: 36c2c88c, Miner: 1e77ef67), Admin count: 1, Miner count: 1, Ledger Rows: 123
2018-05-01 01:12:09	Block commit:        55 (Hash: f2721f62, Miner: 1e77ef67), Admin count: 1, Miner count: 1, Ledger Rows: 125
2018-05-01 01:12:18	Block commit:        56 (Hash: 74dd4970, Miner: 1e77ef67), Admin count: 1, Miner count: 1, Ledger Rows: 127
2018-05-01 01:12:30	Block commit:        57 (Hash: e59f3013, Miner: 1e77ef67), Admin count: 1, Miner count: 1, Ledger Rows: 129
2018-05-01 01:12:41	Block commit:        58 (Hash: 6ac320cf, Miner: 1e77ef67), Admin count: 1, Miner count: 1, Ledger Rows: 131
2018-05-01 01:12:57	Block commit:        59 (Hash: 6f6827c7, Miner: 1e77ef67), Admin count: 1, Miner count: 1, Ledger Rows: 133
2018-05-01 01:28:32	Initialized: Admin count: 1, Miner count: 1, ledger rows: 133
2018-05-01 01:28:33	Block rollback:        59, Admin count: 1, Miner count: 1, Ledger Rows: 133
2018-05-01 01:52:51	Initialized: Admin count: 1, Miner count: 1, ledger rows: 133
2018-05-01 01:52:52	Block rollback:        59, Admin count: 1, Miner count: 1, Ledger Rows: 133
